#! /usr/bin/vvp
:ivl_version "10.3 (stable)";
:ivl_delay_selection "TYPICAL";
:vpi_time_precision - 12;
:vpi_module "system";
:vpi_module "vhdl_sys";
:vpi_module "v2005_math";
:vpi_module "va_math";
S_0x5587981710b0 .scope module, "decode_tb" "decode_tb" 2 4;
 .timescale -9 -12;
v0x5587981958c0_0 .var "clk", 0 0;
v0x558798195980_0 .var "cnd", 0 0;
v0x558798195a50_0 .net "d_com", 0 0, v0x558798194ad0_0;  1 drivers
v0x558798195b50_0 .var "f_com", 0 0;
v0x558798195c20_0 .var "icode", 3 0;
v0x558798195cc0_0 .var "rA", 3 0;
v0x558798195d90_0 .var "rB", 3 0;
v0x558798195e60_0 .net "valA", 63 0, v0x558798195380_0;  1 drivers
v0x558798195f30_0 .net "valB", 63 0, v0x558798195460_0;  1 drivers
v0x558798196000_0 .var "valE", 63 0;
v0x5587981960d0_0 .var "valM", 63 0;
S_0x558798171230 .scope module, "call1" "decode" 2 18, 3 3 0, S_0x5587981710b0;
 .timescale -9 -12;
    .port_info 0 /INPUT 1 "clk"
    .port_info 1 /INPUT 4 "icode"
    .port_info 2 /INPUT 4 "rA"
    .port_info 3 /INPUT 4 "rB"
    .port_info 4 /OUTPUT 64 "valA"
    .port_info 5 /OUTPUT 64 "valB"
    .port_info 6 /INPUT 64 "valE"
    .port_info 7 /INPUT 64 "valM"
    .port_info 8 /INPUT 1 "cnd"
    .port_info 9 /OUTPUT 1 "d_com"
    .port_info 10 /INPUT 1 "f_com"
v0x55879815b500_0 .net "clk", 0 0, v0x5587981958c0_0;  1 drivers
v0x558798194970_0 .net "cnd", 0 0, v0x558798195980_0;  1 drivers
v0x558798194a30_0 .var "complete", 0 0;
v0x558798194ad0_0 .var "d_com", 0 0;
v0x558798194b90_0 .net "f_com", 0 0, v0x558798195b50_0;  1 drivers
v0x558798194ca0_0 .var/i "i", 31 0;
v0x558798194d80_0 .net "icode", 3 0, v0x558798195c20_0;  1 drivers
v0x558798194e60_0 .var "r0Val", 63 0;
v0x558798194f40_0 .var "r1Val", 63 0;
v0x558798195020_0 .var "r2Val", 63 0;
v0x558798195100_0 .net "rA", 3 0, v0x558798195cc0_0;  1 drivers
v0x5587981951e0_0 .net "rB", 3 0, v0x558798195d90_0;  1 drivers
v0x5587981952c0 .array/s "reg_file", 15 0, 63 0;
v0x558798195380_0 .var "valA", 63 0;
v0x558798195460_0 .var "valB", 63 0;
v0x558798195540_0 .net "valE", 63 0, v0x558798196000_0;  1 drivers
v0x558798195620_0 .net "valM", 63 0, v0x5587981960d0_0;  1 drivers
E_0x5587981657c0 .event posedge, v0x55879815b500_0;
E_0x558798164300 .event posedge, v0x558798194b90_0;
    .scope S_0x558798171230;
T_0 ;
    %pushi/vec4 0, 0, 32;
    %store/vec4 v0x558798194ca0_0, 0, 32;
    %end;
    .thread T_0;
    .scope S_0x558798171230;
T_1 ;
    %pushi/vec4 0, 0, 64;
    %ix/load 4, 0, 0;
    %flag_set/imm 4, 0;
    %store/vec4a v0x5587981952c0, 4, 0;
    %pushi/vec4 0, 0, 64;
    %ix/load 4, 1, 0;
    %flag_set/imm 4, 0;
    %store/vec4a v0x5587981952c0, 4, 0;
    %pushi/vec4 0, 0, 64;
    %ix/load 4, 2, 0;
    %flag_set/imm 4, 0;
    %store/vec4a v0x5587981952c0, 4, 0;
    %pushi/vec4 0, 0, 64;
    %ix/load 4, 3, 0;
    %flag_set/imm 4, 0;
    %store/vec4a v0x5587981952c0, 4, 0;
    %pushi/vec4 128, 0, 64;
    %ix/load 4, 4, 0;
    %flag_set/imm 4, 0;
    %store/vec4a v0x5587981952c0, 4, 0;
    %pushi/vec4 0, 0, 64;
    %ix/load 4, 5, 0;
    %flag_set/imm 4, 0;
    %store/vec4a v0x5587981952c0, 4, 0;
    %pushi/vec4 0, 0, 64;
    %ix/load 4, 6, 0;
    %flag_set/imm 4, 0;
    %store/vec4a v0x5587981952c0, 4, 0;
    %pushi/vec4 0, 0, 64;
    %ix/load 4, 7, 0;
    %flag_set/imm 4, 0;
    %store/vec4a v0x5587981952c0, 4, 0;
    %pushi/vec4 0, 0, 64;
    %ix/load 4, 8, 0;
    %flag_set/imm 4, 0;
    %store/vec4a v0x5587981952c0, 4, 0;
    %pushi/vec4 0, 0, 64;
    %ix/load 4, 9, 0;
    %flag_set/imm 4, 0;
    %store/vec4a v0x5587981952c0, 4, 0;
    %pushi/vec4 0, 0, 64;
    %ix/load 4, 10, 0;
    %flag_set/imm 4, 0;
    %store/vec4a v0x5587981952c0, 4, 0;
    %pushi/vec4 0, 0, 64;
    %ix/load 4, 11, 0;
    %flag_set/imm 4, 0;
    %store/vec4a v0x5587981952c0, 4, 0;
    %pushi/vec4 0, 0, 64;
    %ix/load 4, 12, 0;
    %flag_set/imm 4, 0;
    %store/vec4a v0x5587981952c0, 4, 0;
    %pushi/vec4 0, 0, 64;
    %ix/load 4, 13, 0;
    %flag_set/imm 4, 0;
    %store/vec4a v0x5587981952c0, 4, 0;
    %pushi/vec4 0, 0, 64;
    %ix/load 4, 14, 0;
    %flag_set/imm 4, 0;
    %store/vec4a v0x5587981952c0, 4, 0;
    %pushi/vec4 0, 0, 64;
    %ix/load 4, 15, 0;
    %flag_set/imm 4, 0;
    %store/vec4a v0x5587981952c0, 4, 0;
    %end;
    .thread T_1;
    .scope S_0x558798171230;
T_2 ;
    %wait E_0x558798164300;
    %pushi/vec4 0, 0, 1;
    %store/vec4 v0x558798194ad0_0, 0, 1;
    %pushi/vec4 0, 0, 64;
    %store/vec4 v0x558798195380_0, 0, 64;
    %pushi/vec4 0, 0, 64;
    %store/vec4 v0x558798195460_0, 0, 64;
    %load/vec4 v0x558798194d80_0;
    %pad/u 32;
    %cmpi/e 2, 0, 32;
    %flag_mov 8, 4;
    %load/vec4 v0x558798194d80_0;
    %pad/u 32;
    %cmpi/e 4, 0, 32;
    %flag_or 4, 8;
    %flag_mov 8, 4;
    %load/vec4 v0x558798194d80_0;
    %pad/u 32;
    %cmpi/e 6, 0, 32;
    %flag_or 4, 8;
    %flag_mov 8, 4;
    %load/vec4 v0x558798194d80_0;
    %pad/u 32;
    %cmpi/e 10, 0, 32;
    %flag_or 4, 8;
    %jmp/0xz  T_2.0, 4;
    %load/vec4 v0x558798195100_0;
    %pad/u 6;
    %ix/vec4 4;
    %load/vec4a v0x5587981952c0, 4;
    %store/vec4 v0x558798195380_0, 0, 64;
T_2.0 ;
    %load/vec4 v0x558798194d80_0;
    %pad/u 32;
    %cmpi/e 6, 0, 32;
    %jmp/0xz  T_2.2, 4;
    %load/vec4 v0x5587981951e0_0;
    %pad/u 6;
    %ix/vec4 4;
    %load/vec4a v0x5587981952c0, 4;
    %store/vec4 v0x558798195460_0, 0, 64;
T_2.2 ;
    %load/vec4 v0x558798194d80_0;
    %pad/u 32;
    %cmpi/e 4, 0, 32;
    %flag_mov 8, 4;
    %load/vec4 v0x558798194d80_0;
    %pad/u 32;
    %cmpi/e 5, 0, 32;
    %flag_or 4, 8;
    %jmp/0xz  T_2.4, 4;
    %load/vec4 v0x5587981951e0_0;
    %pad/u 6;
    %ix/vec4 4;
    %load/vec4a v0x5587981952c0, 4;
    %store/vec4 v0x558798195460_0, 0, 64;
T_2.4 ;
    %load/vec4 v0x558798194d80_0;
    %pad/u 32;
    %cmpi/e 10, 0, 32;
    %flag_mov 8, 4;
    %load/vec4 v0x558798194d80_0;
    %pad/u 32;
    %cmpi/e 8, 0, 32;
    %flag_or 4, 8;
    %jmp/0xz  T_2.6, 4;
    %ix/load 4, 4, 0;
    %flag_set/imm 4, 0;
    %load/vec4a v0x5587981952c0, 4;
    %store/vec4 v0x558798195460_0, 0, 64;
T_2.6 ;
    %load/vec4 v0x558798194d80_0;
    %pad/u 32;
    %cmpi/e 11, 0, 32;
    %flag_mov 8, 4;
    %load/vec4 v0x558798194d80_0;
    %pad/u 32;
    %cmpi/e 9, 0, 32;
    %flag_or 4, 8;
    %jmp/0xz  T_2.8, 4;
    %ix/load 4, 4, 0;
    %flag_set/imm 4, 0;
    %load/vec4a v0x5587981952c0, 4;
    %store/vec4 v0x558798195380_0, 0, 64;
T_2.8 ;
    %pushi/vec4 1, 0, 1;
    %store/vec4 v0x558798194ad0_0, 0, 1;
    %vpi_call 3 75 "$display", "Decode -- icode - %h, valA - %h, valB- %h", v0x558798194d80_0, v0x558798195380_0, v0x558798195460_0 {0 0 0};
    %jmp T_2;
    .thread T_2;
    .scope S_0x558798171230;
T_3 ;
    %wait E_0x5587981657c0;
    %load/vec4 v0x558798194d80_0;
    %pad/u 32;
    %cmpi/e 5, 0, 32;
    %flag_mov 8, 4;
    %load/vec4 v0x558798194d80_0;
    %pad/u 32;
    %cmpi/e 11, 0, 32;
    %flag_or 4, 8;
    %jmp/0xz  T_3.0, 4;
    %load/vec4 v0x558798195620_0;
    %load/vec4 v0x558798195100_0;
    %pad/u 6;
    %ix/vec4 4;
    %store/vec4a v0x5587981952c0, 4, 0;
T_3.0 ;
    %load/vec4 v0x558798194d80_0;
    %pad/u 32;
    %pushi/vec4 2, 0, 32;
    %cmp/e;
    %flag_get/vec4 4;
    %load/vec4 v0x558798194970_0;
    %pad/u 32;
    %pushi/vec4 1, 0, 32;
    %cmp/e;
    %flag_get/vec4 4;
    %and;
    %flag_set/vec4 8;
    %load/vec4 v0x558798194d80_0;
    %pad/u 32;
    %cmpi/e 3, 0, 32;
    %flag_or 4, 8;
    %flag_mov 8, 4;
    %load/vec4 v0x558798194d80_0;
    %pad/u 32;
    %cmpi/e 6, 0, 32;
    %flag_or 4, 8;
    %jmp/0xz  T_3.2, 4;
    %load/vec4 v0x558798195540_0;
    %load/vec4 v0x5587981951e0_0;
    %pad/u 6;
    %ix/vec4 4;
    %store/vec4a v0x5587981952c0, 4, 0;
T_3.2 ;
    %load/vec4 v0x558798194d80_0;
    %pad/u 32;
    %cmpi/e 8, 0, 32;
    %flag_mov 8, 4;
    %load/vec4 v0x558798194d80_0;
    %pad/u 32;
    %cmpi/e 9, 0, 32;
    %flag_or 4, 8;
    %flag_mov 8, 4;
    %load/vec4 v0x558798194d80_0;
    %pad/u 32;
    %cmpi/e 11, 0, 32;
    %flag_or 4, 8;
    %flag_mov 8, 4;
    %load/vec4 v0x558798194d80_0;
    %pad/u 32;
    %cmpi/e 10, 0, 32;
    %flag_or 4, 8;
    %jmp/0xz  T_3.4, 4;
    %load/vec4 v0x558798195540_0;
    %ix/load 4, 4, 0;
    %flag_set/imm 4, 0;
    %store/vec4a v0x5587981952c0, 4, 0;
T_3.4 ;
    %ix/load 4, 1, 0;
    %flag_set/imm 4, 0;
    %load/vec4a v0x5587981952c0, 4;
    %store/vec4 v0x558798194f40_0, 0, 64;
    %ix/load 4, 2, 0;
    %flag_set/imm 4, 0;
    %load/vec4a v0x5587981952c0, 4;
    %store/vec4 v0x558798195020_0, 0, 64;
    %ix/load 4, 0, 0;
    %flag_set/imm 4, 0;
    %load/vec4a v0x5587981952c0, 4;
    %store/vec4 v0x558798194e60_0, 0, 64;
    %vpi_call 3 98 "$display", "write back -- Time -- %0t ps,icode - %h,cnd - %h, valE - %h, valM - %h", $time, v0x558798194d80_0, v0x558798194970_0, v0x558798195540_0, v0x558798195620_0 {0 0 0};
    %vpi_call 3 99 "$display", "REGISTER FILE" {0 0 0};
    %pushi/vec4 0, 0, 32;
    %store/vec4 v0x558798194ca0_0, 0, 32;
T_3.6 ;
    %load/vec4 v0x558798194ca0_0;
    %cmpi/s 16, 0, 32;
    %jmp/0xz T_3.7, 5;
    %load/vec4 v0x558798194ca0_0;
    %addi 1, 0, 32;
    %load/vec4 v0x558798194ca0_0;
    %pad/s 33;
    %addi 1, 0, 33;
    %ix/vec4/s 4;
    %load/vec4a v0x5587981952c0, 4;
    %vpi_call 3 102 "$display", "R%0d - %d     ----     R%0d - %d", v0x558798194ca0_0, &A<v0x5587981952c0, v0x558798194ca0_0 >, S<1,vec4,s32>, S<0,vec4,s64> {2 0 0};
    %load/vec4 v0x558798194ca0_0;
    %addi 2, 0, 32;
    %store/vec4 v0x558798194ca0_0, 0, 32;
    %jmp T_3.6;
T_3.7 ;
    %vpi_call 3 105 "$display", "\012\012" {0 0 0};
    %jmp T_3;
    .thread T_3;
    .scope S_0x5587981710b0;
T_4 ;
    %vpi_call 2 20 "$monitor", "icode - %h, rA - %h, rB - %h, valA - %h , valB - %h", v0x558798195c20_0, v0x558798195cc0_0, v0x558798195d90_0, v0x558798195e60_0, v0x558798195f30_0 {0 0 0};
    %pushi/vec4 0, 0, 1;
    %store/vec4 v0x558798195b50_0, 0, 1;
    %pushi/vec4 0, 0, 4;
    %store/vec4 v0x558798195c20_0, 0, 4;
    %pushi/vec4 2, 0, 4;
    %store/vec4 v0x558798195cc0_0, 0, 4;
    %pushi/vec4 15, 0, 4;
    %store/vec4 v0x558798195d90_0, 0, 4;
    %pushi/vec4 1, 0, 1;
    %store/vec4 v0x558798195b50_0, 0, 1;
    %delay 10000, 0;
    %pushi/vec4 0, 0, 1;
    %store/vec4 v0x558798195b50_0, 0, 1;
    %pushi/vec4 2, 0, 4;
    %store/vec4 v0x558798195c20_0, 0, 4;
    %pushi/vec4 3, 0, 4;
    %store/vec4 v0x558798195cc0_0, 0, 4;
    %pushi/vec4 11, 0, 4;
    %store/vec4 v0x558798195d90_0, 0, 4;
    %pushi/vec4 1, 0, 1;
    %store/vec4 v0x558798195b50_0, 0, 1;
    %delay 10000, 0;
    %pushi/vec4 0, 0, 1;
    %store/vec4 v0x558798195b50_0, 0, 1;
    %pushi/vec4 3, 0, 4;
    %store/vec4 v0x558798195c20_0, 0, 4;
    %pushi/vec4 3, 0, 4;
    %store/vec4 v0x558798195cc0_0, 0, 4;
    %pushi/vec4 8, 0, 4;
    %store/vec4 v0x558798195d90_0, 0, 4;
    %pushi/vec4 1, 0, 1;
    %store/vec4 v0x558798195b50_0, 0, 1;
    %delay 10000, 0;
    %pushi/vec4 0, 0, 1;
    %store/vec4 v0x558798195b50_0, 0, 1;
    %pushi/vec4 6, 0, 4;
    %store/vec4 v0x558798195c20_0, 0, 4;
    %pushi/vec4 4, 0, 4;
    %store/vec4 v0x558798195cc0_0, 0, 4;
    %pushi/vec4 8, 0, 4;
    %store/vec4 v0x558798195d90_0, 0, 4;
    %pushi/vec4 32, 0, 64;
    %store/vec4 v0x558798196000_0, 0, 64;
    %pushi/vec4 1, 0, 1;
    %store/vec4 v0x558798195b50_0, 0, 1;
    %delay 10000, 0;
    %pushi/vec4 0, 0, 1;
    %store/vec4 v0x558798195b50_0, 0, 1;
    %pushi/vec4 10, 0, 4;
    %store/vec4 v0x558798195c20_0, 0, 4;
    %pushi/vec4 5, 0, 4;
    %store/vec4 v0x558798195cc0_0, 0, 4;
    %pushi/vec4 15, 0, 4;
    %store/vec4 v0x558798195d90_0, 0, 4;
    %pushi/vec4 1, 0, 1;
    %store/vec4 v0x558798195b50_0, 0, 1;
    %delay 10000, 0;
    %end;
    .thread T_4;
# The file index is used to find the file name in the following table.
:file_names 4;
    "N/A";
    "<interactive>";
    "decode_tb.v";
    "./decode.v";
