#! /usr/bin/vvp
:ivl_version "10.3 (stable)";
:ivl_delay_selection "TYPICAL";
:vpi_time_precision - 12;
:vpi_module "system";
:vpi_module "vhdl_sys";
:vpi_module "v2005_math";
:vpi_module "va_math";
S_0x55b72c7584a0 .scope module, "pcupdate_tb" "pcupdate_tb" 2 4;
 .timescale -9 -12;
v0x55b72c76d670_0 .var "cnd", 0 0;
v0x55b72c76d730_0 .var "icode", 3 0;
v0x55b72c76d800_0 .net "pc", 10 0, v0x55b72c76d200_0;  1 drivers
v0x55b72c76d900_0 .var "valC", 63 0;
v0x55b72c76d9d0_0 .var "valM", 63 0;
v0x55b72c76dac0_0 .var "valP", 10 0;
S_0x55b72c758620 .scope module, "call1" "pcupdate" 2 12, 3 3 0, S_0x55b72c7584a0;
 .timescale -9 -12;
    .port_info 0 /INPUT 4 "icode"
    .port_info 1 /INPUT 1 "cnd"
    .port_info 2 /INPUT 64 "valC"
    .port_info 3 /INPUT 64 "valM"
    .port_info 4 /INPUT 11 "valP"
    .port_info 5 /OUTPUT 11 "pc"
v0x55b72c720130_0 .net "cnd", 0 0, v0x55b72c76d670_0;  1 drivers
v0x55b72c76d120_0 .net "icode", 3 0, v0x55b72c76d730_0;  1 drivers
v0x55b72c76d200_0 .var "pc", 10 0;
v0x55b72c76d2c0_0 .net "valC", 63 0, v0x55b72c76d900_0;  1 drivers
v0x55b72c76d3a0_0 .net "valM", 63 0, v0x55b72c76d9d0_0;  1 drivers
v0x55b72c76d4d0_0 .net "valP", 10 0, v0x55b72c76dac0_0;  1 drivers
E_0x55b72c7559a0/0 .event edge, v0x55b72c76d120_0, v0x55b72c76d4d0_0, v0x55b72c720130_0, v0x55b72c76d2c0_0;
E_0x55b72c7559a0/1 .event edge, v0x55b72c76d3a0_0;
E_0x55b72c7559a0 .event/or E_0x55b72c7559a0/0, E_0x55b72c7559a0/1;
    .scope S_0x55b72c758620;
T_0 ;
    %wait E_0x55b72c7559a0;
    %load/vec4 v0x55b72c76d120_0;
    %pad/u 32;
    %cmpi/e 1, 0, 32;
    %flag_mov 8, 4;
    %load/vec4 v0x55b72c76d120_0;
    %pad/u 32;
    %cmpi/e 2, 0, 32;
    %flag_or 4, 8;
    %flag_mov 8, 4;
    %load/vec4 v0x55b72c76d120_0;
    %pad/u 32;
    %cmpi/e 3, 0, 32;
    %flag_or 4, 8;
    %flag_mov 8, 4;
    %load/vec4 v0x55b72c76d120_0;
    %pad/u 32;
    %cmpi/e 4, 0, 32;
    %flag_or 4, 8;
    %flag_mov 8, 4;
    %load/vec4 v0x55b72c76d120_0;
    %pad/u 32;
    %cmpi/e 5, 0, 32;
    %flag_or 4, 8;
    %flag_mov 8, 4;
    %load/vec4 v0x55b72c76d120_0;
    %pad/u 32;
    %cmpi/e 6, 0, 32;
    %flag_or 4, 8;
    %flag_mov 8, 4;
    %load/vec4 v0x55b72c76d120_0;
    %pad/u 32;
    %cmpi/e 10, 0, 32;
    %flag_or 4, 8;
    %flag_mov 8, 4;
    %load/vec4 v0x55b72c76d120_0;
    %pad/u 32;
    %cmpi/e 11, 0, 32;
    %flag_or 4, 8;
    %jmp/0xz  T_0.0, 4;
    %load/vec4 v0x55b72c76d4d0_0;
    %store/vec4 v0x55b72c76d200_0, 0, 11;
    %jmp T_0.1;
T_0.0 ;
    %load/vec4 v0x55b72c76d120_0;
    %pad/u 32;
    %cmpi/e 7, 0, 32;
    %jmp/0xz  T_0.2, 4;
    %load/vec4 v0x55b72c720130_0;
    %pad/u 32;
    %cmpi/e 1, 0, 32;
    %jmp/0xz  T_0.4, 4;
    %load/vec4 v0x55b72c76d2c0_0;
    %pad/u 11;
    %store/vec4 v0x55b72c76d200_0, 0, 11;
    %jmp T_0.5;
T_0.4 ;
    %load/vec4 v0x55b72c76d4d0_0;
    %store/vec4 v0x55b72c76d200_0, 0, 11;
T_0.5 ;
    %jmp T_0.3;
T_0.2 ;
    %load/vec4 v0x55b72c76d120_0;
    %pad/u 32;
    %cmpi/e 8, 0, 32;
    %jmp/0xz  T_0.6, 4;
    %load/vec4 v0x55b72c76d2c0_0;
    %pad/u 11;
    %store/vec4 v0x55b72c76d200_0, 0, 11;
    %jmp T_0.7;
T_0.6 ;
    %load/vec4 v0x55b72c76d3a0_0;
    %pad/u 11;
    %store/vec4 v0x55b72c76d200_0, 0, 11;
T_0.7 ;
T_0.3 ;
T_0.1 ;
    %jmp T_0;
    .thread T_0, $push;
    .scope S_0x55b72c7584a0;
T_1 ;
    %vpi_call 2 14 "$monitor", "icode = %h, cnd =%h, valC = %h valM = %h valP = %h ,pc = %h", v0x55b72c76d730_0, v0x55b72c76d670_0, v0x55b72c76d900_0, v0x55b72c76d9d0_0, v0x55b72c76dac0_0, v0x55b72c76d800_0 {0 0 0};
    %pushi/vec4 2, 0, 4;
    %store/vec4 v0x55b72c76d730_0, 0, 4;
    %pushi/vec4 2, 0, 11;
    %store/vec4 v0x55b72c76dac0_0, 0, 11;
    %delay 10000, 0;
    %pushi/vec4 3, 0, 4;
    %store/vec4 v0x55b72c76d730_0, 0, 4;
    %pushi/vec4 10, 0, 11;
    %store/vec4 v0x55b72c76dac0_0, 0, 11;
    %delay 10000, 0;
    %pushi/vec4 7, 0, 4;
    %store/vec4 v0x55b72c76d730_0, 0, 4;
    %pushi/vec4 13, 0, 64;
    %store/vec4 v0x55b72c76d900_0, 0, 64;
    %pushi/vec4 1, 0, 1;
    %store/vec4 v0x55b72c76d670_0, 0, 1;
    %delay 10000, 0;
    %pushi/vec4 7, 0, 4;
    %store/vec4 v0x55b72c76d730_0, 0, 4;
    %pushi/vec4 16, 0, 64;
    %store/vec4 v0x55b72c76d900_0, 0, 64;
    %pushi/vec4 0, 0, 1;
    %store/vec4 v0x55b72c76d670_0, 0, 1;
    %delay 10000, 0;
    %pushi/vec4 9, 0, 4;
    %store/vec4 v0x55b72c76d730_0, 0, 4;
    %pushi/vec4 24, 0, 64;
    %store/vec4 v0x55b72c76d9d0_0, 0, 64;
    %end;
    .thread T_1;
# The file index is used to find the file name in the following table.
:file_names 4;
    "N/A";
    "<interactive>";
    "pcupdate_tb.v";
    "./pcupdate.v";
