#! /usr/bin/vvp
:ivl_version "10.3 (stable)";
:ivl_delay_selection "TYPICAL";
:vpi_time_precision - 12;
:vpi_module "system";
:vpi_module "vhdl_sys";
:vpi_module "v2005_math";
:vpi_module "va_math";
S_0x55d5bad887b0 .scope module, "execute_tb" "execute_tb" 2 6;
 .timescale -9 -12;
P_0x55d5bad88930 .param/l "stop_time" 0 2 34, +C4<00000000000000000000011111010000>;
v0x55d5bae0c490_0 .net "D", 144 0, v0x55d5bae070b0_0;  1 drivers
v0x55d5bae0c5a0_0 .net "E", 216 0, v0x55d5bae09400_0;  1 drivers
v0x55d5bae0c670_0 .net "M", 144 0, v0x55d5bae0b8e0_0;  1 drivers
v0x55d5bae0c770_0 .var "M_cnd", 0 0;
v0x55d5bae0c810_0 .var "M_dstE", 3 0;
v0x55d5bae0c900_0 .var "M_dstM", 3 0;
v0x55d5bae0c9a0_0 .var "M_icode", 3 0;
v0x55d5bae0ca90_0 .var "M_valA", 63 0;
v0x55d5bae0cb80_0 .var "M_valE", 63 0;
v0x55d5bae0ccd0_0 .var "W_dstE", 3 0;
v0x55d5bae0cd70_0 .var "W_dstM", 3 0;
v0x55d5bae0ce40_0 .var "W_icode", 3 0;
v0x55d5bae0cee0_0 .var "W_stat", 0 0;
v0x55d5bae0cf80_0 .var "W_valE", 63 0;
v0x55d5bae0d050_0 .var "W_valM", 63 0;
v0x55d5bae0d0f0_0 .var "clk", 0 0;
v0x55d5bae0d190_0 .var "dec_rgstr", 144 0;
v0x55d5bae0d360_0 .net "e_dstE", 3 0, v0x55d5bae0bf80_0;  1 drivers
v0x55d5bae0d470_0 .net "e_valE", 63 0, v0x55d5bae0c040_0;  1 drivers
v0x55d5bae0d580_0 .var "exec_rgstr", 216 0;
v0x55d5bae0d640_0 .var "m_stat", 0 0;
v0x55d5bae0d6e0_0 .var "m_valM", 63 0;
v0x55d5bae0d780_0 .var "mem_rgstr", 144 0;
E_0x55d5bad892f0 .event edge, v0x55d5bae070b0_0, v0x55d5bae09400_0, v0x55d5bae0b8e0_0;
S_0x55d5bad8b6a0 .scope module, "call1" "fetch" 2 30, 3 3 0, S_0x55d5bad887b0;
 .timescale -9 -12;
    .port_info 0 /INPUT 1 "clk"
    .port_info 1 /INPUT 4 "M_icode"
    .port_info 2 /INPUT 1 "M_cnd"
    .port_info 3 /INPUT 64 "M_valA"
    .port_info 4 /INPUT 4 "W_icode"
    .port_info 5 /INPUT 64 "W_valM"
    .port_info 6 /OUTPUT 145 "D"
v0x55d5bae070b0_0 .var "D", 144 0;
v0x55d5bae071b0_0 .net "M_cnd", 0 0, v0x55d5bae0c770_0;  1 drivers
v0x55d5bae07270_0 .net "M_icode", 3 0, v0x55d5bae0c9a0_0;  1 drivers
v0x55d5bae07310_0 .net "M_valA", 63 0, v0x55d5bae0ca90_0;  1 drivers
v0x55d5bae073b0_0 .net "W_icode", 3 0, v0x55d5bae0ce40_0;  1 drivers
v0x55d5bae074a0_0 .net "W_valM", 63 0, v0x55d5bae0d050_0;  1 drivers
v0x55d5bae07570_0 .net "clk", 0 0, v0x55d5bae0d0f0_0;  1 drivers
v0x55d5bae07610_0 .net "f_pc", 63 0, v0x55d5badcfd60_0;  1 drivers
v0x55d5bae076e0 .array "i_mem", 12 0, 7 0;
v0x55d5bae07780_0 .var "icode", 3 0;
v0x55d5bae07840_0 .var "ifun", 3 0;
v0x55d5bae07920_0 .var "imem_error", 0 0;
v0x55d5bae079e0_0 .var "instr_valid", 0 0;
v0x55d5bae07aa0_0 .var "predPC", 63 0;
v0x55d5bae07b90_0 .var "rA", 3 0;
v0x55d5bae07c50_0 .var "rB", 3 0;
v0x55d5bae07d30_0 .var "stat", 0 0;
v0x55d5bae07df0_0 .var "valC", 63 0;
E_0x55d5bad8e830 .event posedge, v0x55d5bae07570_0;
S_0x55d5bad8b920 .scope module, "pcselect" "selectPC" 3 28, 3 113 0, S_0x55d5bad8b6a0;
 .timescale -9 -12;
    .port_info 0 /INPUT 4 "M_icode"
    .port_info 1 /INPUT 1 "M_cnd"
    .port_info 2 /INPUT 64 "M_valA"
    .port_info 3 /INPUT 4 "W_icode"
    .port_info 4 /INPUT 64 "W_valM"
    .port_info 5 /INPUT 64 "predPC"
    .port_info 6 /OUTPUT 64 "f_pc"
v0x55d5bade8700_0 .net "M_cnd", 0 0, v0x55d5bae0c770_0;  alias, 1 drivers
v0x55d5badd6af0_0 .net "M_icode", 3 0, v0x55d5bae0c9a0_0;  alias, 1 drivers
v0x55d5badd7400_0 .net "M_valA", 63 0, v0x55d5bae0ca90_0;  alias, 1 drivers
v0x55d5badd2320_0 .net "W_icode", 3 0, v0x55d5bae0ce40_0;  alias, 1 drivers
v0x55d5badd14b0_0 .net "W_valM", 63 0, v0x55d5bae0d050_0;  alias, 1 drivers
v0x55d5badcfd60_0 .var "f_pc", 63 0;
v0x55d5bae06ef0_0 .net "predPC", 63 0, v0x55d5bae07aa0_0;  1 drivers
E_0x55d5badea6b0/0 .event edge, v0x55d5badd6af0_0, v0x55d5bade8700_0, v0x55d5badd7400_0, v0x55d5badd2320_0;
E_0x55d5badea6b0/1 .event edge, v0x55d5badd14b0_0, v0x55d5bae06ef0_0;
E_0x55d5badea6b0 .event/or E_0x55d5badea6b0/0, E_0x55d5badea6b0/1;
S_0x55d5bae07fb0 .scope module, "decode_p" "decode" 2 32, 4 3 0, S_0x55d5bad887b0;
 .timescale -9 -12;
    .port_info 0 /INPUT 145 "D"
    .port_info 1 /INPUT 1 "clk"
    .port_info 2 /INPUT 4 "e_dstE"
    .port_info 3 /INPUT 64 "e_valE"
    .port_info 4 /INPUT 4 "M_dstE"
    .port_info 5 /INPUT 64 "M_valE"
    .port_info 6 /INPUT 4 "M_dstM"
    .port_info 7 /INPUT 64 "m_valM"
    .port_info 8 /INPUT 4 "W_dstE"
    .port_info 9 /INPUT 64 "W_valE"
    .port_info 10 /INPUT 4 "W_dstM"
    .port_info 11 /INPUT 64 "W_valM"
    .port_info 12 /OUTPUT 217 "E"
v0x55d5bae09340_0 .net "D", 144 0, v0x55d5bae0d190_0;  1 drivers
v0x55d5bae09400_0 .var "E", 216 0;
v0x55d5bae094e0_0 .net "M_dstE", 3 0, v0x55d5bae0c810_0;  1 drivers
v0x55d5bae095a0_0 .net "M_dstM", 3 0, v0x55d5bae0c900_0;  1 drivers
v0x55d5bae09680_0 .net "M_valE", 63 0, v0x55d5bae0cb80_0;  1 drivers
v0x55d5bae09760_0 .net "W_dstE", 3 0, v0x55d5bae0ccd0_0;  1 drivers
v0x55d5bae09840_0 .net "W_dstM", 3 0, v0x55d5bae0cd70_0;  1 drivers
v0x55d5bae09920_0 .net "W_valE", 63 0, v0x55d5bae0cf80_0;  1 drivers
v0x55d5bae09a00_0 .net "W_valM", 63 0, v0x55d5bae0d050_0;  alias, 1 drivers
v0x55d5bae09ac0_0 .net "clk", 0 0, v0x55d5bae0d0f0_0;  alias, 1 drivers
v0x55d5bae09b60_0 .net "dstE", 3 0, v0x55d5bae085c0_0;  1 drivers
v0x55d5bae09c00_0 .net "dstM", 3 0, v0x55d5bae089e0_0;  1 drivers
v0x55d5bae09cd0_0 .net "e_dstE", 3 0, v0x55d5bae0bf80_0;  alias, 1 drivers
v0x55d5bae09d90_0 .net "e_valE", 63 0, v0x55d5bae0c040_0;  alias, 1 drivers
v0x55d5bae09e70_0 .net "m_valM", 63 0, v0x55d5bae0d6e0_0;  1 drivers
v0x55d5bae09f50 .array "reg_file", 15 0, 63 0;
v0x55d5bae0a010_0 .net "srcA", 3 0, v0x55d5bae08e10_0;  1 drivers
v0x55d5bae0a100_0 .net "srcB", 3 0, v0x55d5bae09200_0;  1 drivers
v0x55d5bae0a1d0_0 .var "valA", 63 0;
v0x55d5bae0a290_0 .var "valB", 63 0;
S_0x55d5bae08290 .scope module, "dst_E" "dstElogic" 4 20, 4 77 0, S_0x55d5bae07fb0;
 .timescale -9 -12;
    .port_info 0 /INPUT 145 "D"
    .port_info 1 /OUTPUT 4 "dstE"
v0x55d5bae084c0_0 .net "D", 144 0, v0x55d5bae0d190_0;  alias, 1 drivers
v0x55d5bae085c0_0 .var "dstE", 3 0;
E_0x55d5badbb780 .event edge, v0x55d5bae084c0_0;
S_0x55d5bae08700 .scope module, "dst_M" "dstMlogic" 4 21, 4 87 0, S_0x55d5bae07fb0;
 .timescale -9 -12;
    .port_info 0 /INPUT 145 "D"
    .port_info 1 /OUTPUT 4 "dstM"
v0x55d5bae088d0_0 .net "D", 144 0, v0x55d5bae0d190_0;  alias, 1 drivers
v0x55d5bae089e0_0 .var "dstM", 3 0;
S_0x55d5bae08b00 .scope module, "src_A" "srcAlogic" 4 22, 4 96 0, S_0x55d5bae07fb0;
 .timescale -9 -12;
    .port_info 0 /INPUT 145 "D"
    .port_info 1 /OUTPUT 4 "srcA"
v0x55d5bae08d00_0 .net "D", 144 0, v0x55d5bae0d190_0;  alias, 1 drivers
v0x55d5bae08e10_0 .var "srcA", 3 0;
S_0x55d5bae08f50 .scope module, "src_B" "srcBlogic" 4 23, 4 106 0, S_0x55d5bae07fb0;
 .timescale -9 -12;
    .port_info 0 /INPUT 145 "D"
    .port_info 1 /OUTPUT 4 "srcB"
v0x55d5bae09120_0 .net "D", 144 0, v0x55d5bae0d190_0;  alias, 1 drivers
v0x55d5bae09200_0 .var "srcB", 3 0;
S_0x55d5bae0a510 .scope module, "execute_e" "execute" 2 33, 5 3 0, S_0x55d5bad887b0;
 .timescale -9 -12;
    .port_info 0 /INPUT 1 "clk"
    .port_info 1 /INPUT 217 "E"
    .port_info 2 /INPUT 1 "W_stat"
    .port_info 3 /INPUT 1 "m_stat"
    .port_info 4 /OUTPUT 64 "e_valE"
    .port_info 5 /OUTPUT 4 "e_dstE"
    .port_info 6 /OUTPUT 145 "M"
v0x55d5bae0b820_0 .net "E", 216 0, v0x55d5bae0d580_0;  1 drivers
v0x55d5bae0b8e0_0 .var "M", 144 0;
v0x55d5bae0b9c0_0 .net "W_stat", 0 0, v0x55d5bae0cee0_0;  1 drivers
v0x55d5bae0ba60_0 .net "aluA", 63 0, v0x55d5bae0ab30_0;  1 drivers
v0x55d5bae0bb50_0 .net "aluB", 63 0, v0x55d5bae0b100_0;  1 drivers
v0x55d5bae0bc40_0 .net "aluFun", 1 0, v0x55d5bae0b6e0_0;  1 drivers
v0x55d5bae0bd10_0 .var "cc", 2 0;
v0x55d5bae0bdd0_0 .net "clk", 0 0, v0x55d5bae0d0f0_0;  alias, 1 drivers
v0x55d5bae0bec0_0 .var "cnd", 0 0;
v0x55d5bae0bf80_0 .var "e_dstE", 3 0;
v0x55d5bae0c040_0 .var "e_valE", 63 0;
v0x55d5bae0c110_0 .var "ifun", 3 0;
v0x55d5bae0c1d0_0 .net "m_stat", 0 0, v0x55d5bae0d640_0;  1 drivers
v0x55d5bae0c290_0 .var "valE", 63 0;
S_0x55d5bae0a7c0 .scope module, "call1" "alu_A" 5 21, 5 108 0, S_0x55d5bae0a510;
 .timescale -9 -12;
    .port_info 0 /INPUT 217 "E"
    .port_info 1 /OUTPUT 64 "aluA"
v0x55d5bae0aa30_0 .net "E", 216 0, v0x55d5bae0d580_0;  alias, 1 drivers
v0x55d5bae0ab30_0 .var "aluA", 63 0;
v0x55d5bae0ac10_0 .var "icode", 3 0;
E_0x55d5bae0a9b0 .event edge, v0x55d5bae0aa30_0, v0x55d5bae0ac10_0;
S_0x55d5bae0ad60 .scope module, "call2" "alu_B" 5 22, 5 120 0, S_0x55d5bae0a510;
 .timescale -9 -12;
    .port_info 0 /INPUT 217 "E"
    .port_info 1 /OUTPUT 64 "aluB"
v0x55d5bae0aff0_0 .net "E", 216 0, v0x55d5bae0d580_0;  alias, 1 drivers
v0x55d5bae0b100_0 .var "aluB", 63 0;
v0x55d5bae0b1c0_0 .var "icode", 3 0;
E_0x55d5bae0af70 .event edge, v0x55d5bae0aa30_0, v0x55d5bae0b1c0_0;
S_0x55d5bae0b310 .scope module, "call3" "aluFUN" 5 23, 5 130 0, S_0x55d5bae0a510;
 .timescale -9 -12;
    .port_info 0 /INPUT 217 "E"
    .port_info 1 /OUTPUT 2 "alufun"
v0x55d5bae0b5b0_0 .net "E", 216 0, v0x55d5bae0d580_0;  alias, 1 drivers
v0x55d5bae0b6e0_0 .var "alufun", 1 0;
E_0x55d5bae0b550 .event edge, v0x55d5bae0aa30_0;
    .scope S_0x55d5bad8b920;
T_0 ;
    %pushi/vec4 0, 0, 64;
    %store/vec4 v0x55d5badcfd60_0, 0, 64;
    %end;
    .thread T_0;
    .scope S_0x55d5bad8b920;
T_1 ;
    %wait E_0x55d5badea6b0;
    %load/vec4 v0x55d5badd6af0_0;
    %pad/u 32;
    %pushi/vec4 7, 0, 32;
    %cmp/e;
    %flag_get/vec4 4;
    %load/vec4 v0x55d5bade8700_0;
    %nor/r;
    %and;
    %flag_set/vec4 8;
    %jmp/0xz  T_1.0, 8;
    %load/vec4 v0x55d5badd7400_0;
    %store/vec4 v0x55d5badcfd60_0, 0, 64;
    %jmp T_1.1;
T_1.0 ;
    %load/vec4 v0x55d5badd2320_0;
    %pad/u 32;
    %cmpi/e 9, 0, 32;
    %jmp/0xz  T_1.2, 4;
    %load/vec4 v0x55d5badd14b0_0;
    %store/vec4 v0x55d5badcfd60_0, 0, 64;
    %jmp T_1.3;
T_1.2 ;
    %load/vec4 v0x55d5bae06ef0_0;
    %store/vec4 v0x55d5badcfd60_0, 0, 64;
T_1.3 ;
T_1.1 ;
    %jmp T_1;
    .thread T_1, $push;
    .scope S_0x55d5bad8b6a0;
T_2 ;
    %pushi/vec4 1, 0, 1;
    %store/vec4 v0x55d5bae079e0_0, 0, 1;
    %pushi/vec4 0, 0, 1;
    %store/vec4 v0x55d5bae07920_0, 0, 1;
    %pushi/vec4 0, 0, 64;
    %store/vec4 v0x55d5bae07aa0_0, 0, 64;
    %end;
    .thread T_2;
    .scope S_0x55d5bad8b6a0;
T_3 ;
    %vpi_call 3 10 "$readmemh", "instr_mem.txt", v0x55d5bae076e0 {0 0 0};
    %end;
    .thread T_3;
    .scope S_0x55d5bad8b6a0;
T_4 ;
    %wait E_0x55d5bad8e830;
    %pushi/vec4 15, 0, 4;
    %store/vec4 v0x55d5bae07b90_0, 0, 4;
    %pushi/vec4 15, 0, 4;
    %store/vec4 v0x55d5bae07c50_0, 0, 4;
    %load/vec4 v0x55d5bae07610_0;
    %store/vec4 v0x55d5bae07aa0_0, 0, 64;
    %pushi/vec4 200, 0, 64;
    %load/vec4 v0x55d5bae07610_0;
    %cmp/u;
    %jmp/0xz  T_4.0, 5;
    %pushi/vec4 1, 0, 1;
    %store/vec4 v0x55d5bae07920_0, 0, 1;
    %jmp T_4.1;
T_4.0 ;
    %pushi/vec4 11, 0, 32;
    %ix/getv 4, v0x55d5bae07610_0;
    %load/vec4a v0x55d5bae076e0, 4;
    %parti/s 4, 4, 4;
    %pad/u 32;
    %cmp/u;
    %jmp/0xz  T_4.2, 5;
    %pushi/vec4 0, 0, 1;
    %store/vec4 v0x55d5bae079e0_0, 0, 1;
T_4.2 ;
    %ix/getv 4, v0x55d5bae07610_0;
    %load/vec4a v0x55d5bae076e0, 4;
    %parti/s 4, 0, 2;
    %store/vec4 v0x55d5bae07840_0, 0, 4;
    %ix/getv 4, v0x55d5bae07610_0;
    %load/vec4a v0x55d5bae076e0, 4;
    %parti/s 4, 4, 4;
    %store/vec4 v0x55d5bae07780_0, 0, 4;
    %load/vec4 v0x55d5bae07aa0_0;
    %addi 1, 0, 64;
    %store/vec4 v0x55d5bae07aa0_0, 0, 64;
    %ix/getv 4, v0x55d5bae07610_0;
    %load/vec4a v0x55d5bae076e0, 4;
    %parti/s 4, 4, 4;
    %pad/u 32;
    %cmpi/e 2, 0, 32;
    %flag_mov 8, 4;
    %ix/getv 4, v0x55d5bae07610_0;
    %load/vec4a v0x55d5bae076e0, 4;
    %parti/s 4, 4, 4;
    %pad/u 32;
    %cmpi/e 3, 0, 32;
    %flag_or 4, 8;
    %flag_mov 8, 4;
    %ix/getv 4, v0x55d5bae07610_0;
    %load/vec4a v0x55d5bae076e0, 4;
    %parti/s 4, 4, 4;
    %pad/u 32;
    %cmpi/e 4, 0, 32;
    %flag_or 4, 8;
    %flag_mov 8, 4;
    %ix/getv 4, v0x55d5bae07610_0;
    %load/vec4a v0x55d5bae076e0, 4;
    %parti/s 4, 4, 4;
    %pad/u 32;
    %cmpi/e 5, 0, 32;
    %flag_or 4, 8;
    %flag_mov 8, 4;
    %ix/getv 4, v0x55d5bae07610_0;
    %load/vec4a v0x55d5bae076e0, 4;
    %parti/s 4, 4, 4;
    %pad/u 32;
    %cmpi/e 6, 0, 32;
    %flag_or 4, 8;
    %flag_mov 8, 4;
    %ix/getv 4, v0x55d5bae07610_0;
    %load/vec4a v0x55d5bae076e0, 4;
    %parti/s 4, 4, 4;
    %pad/u 32;
    %cmpi/e 10, 0, 32;
    %flag_or 4, 8;
    %flag_mov 8, 4;
    %ix/getv 4, v0x55d5bae07610_0;
    %load/vec4a v0x55d5bae076e0, 4;
    %pad/u 32;
    %cmpi/e 11, 0, 32;
    %flag_or 4, 8;
    %jmp/0xz  T_4.4, 4;
    %load/vec4 v0x55d5bae07aa0_0;
    %addi 1, 0, 64;
    %store/vec4 v0x55d5bae07aa0_0, 0, 64;
    %ix/getv 4, v0x55d5bae07610_0;
    %load/vec4a v0x55d5bae076e0, 4;
    %parti/s 4, 4, 4;
    %pad/u 32;
    %cmpi/e 3, 0, 32;
    %jmp/0xz  T_4.6, 4;
    %pushi/vec4 15, 0, 4;
    %store/vec4 v0x55d5bae07b90_0, 0, 4;
    %load/vec4 v0x55d5bae07610_0;
    %pad/u 65;
    %addi 1, 0, 65;
    %ix/vec4 4;
    %load/vec4a v0x55d5bae076e0, 4;
    %parti/s 4, 0, 2;
    %store/vec4 v0x55d5bae07c50_0, 0, 4;
    %jmp T_4.7;
T_4.6 ;
    %ix/getv 4, v0x55d5bae07610_0;
    %load/vec4a v0x55d5bae076e0, 4;
    %parti/s 4, 4, 4;
    %pad/u 32;
    %cmpi/e 10, 0, 32;
    %flag_mov 8, 4;
    %ix/getv 4, v0x55d5bae07610_0;
    %load/vec4a v0x55d5bae076e0, 4;
    %parti/s 4, 4, 4;
    %pad/u 32;
    %cmpi/e 11, 0, 32;
    %flag_or 4, 8;
    %jmp/0xz  T_4.8, 4;
    %pushi/vec4 15, 0, 4;
    %store/vec4 v0x55d5bae07c50_0, 0, 4;
    %load/vec4 v0x55d5bae07610_0;
    %pad/u 65;
    %addi 1, 0, 65;
    %ix/vec4 4;
    %load/vec4a v0x55d5bae076e0, 4;
    %parti/s 4, 4, 4;
    %store/vec4 v0x55d5bae07b90_0, 0, 4;
    %jmp T_4.9;
T_4.8 ;
    %load/vec4 v0x55d5bae07610_0;
    %pad/u 65;
    %addi 1, 0, 65;
    %ix/vec4 4;
    %load/vec4a v0x55d5bae076e0, 4;
    %parti/s 4, 4, 4;
    %store/vec4 v0x55d5bae07b90_0, 0, 4;
    %load/vec4 v0x55d5bae07610_0;
    %pad/u 65;
    %addi 1, 0, 65;
    %ix/vec4 4;
    %load/vec4a v0x55d5bae076e0, 4;
    %parti/s 4, 0, 2;
    %store/vec4 v0x55d5bae07c50_0, 0, 4;
T_4.9 ;
T_4.7 ;
T_4.4 ;
    %ix/getv 4, v0x55d5bae07610_0;
    %load/vec4a v0x55d5bae076e0, 4;
    %parti/s 4, 4, 4;
    %pad/u 32;
    %cmpi/e 3, 0, 32;
    %flag_mov 8, 4;
    %ix/getv 4, v0x55d5bae07610_0;
    %load/vec4a v0x55d5bae076e0, 4;
    %parti/s 4, 4, 4;
    %pad/u 32;
    %cmpi/e 4, 0, 32;
    %flag_or 4, 8;
    %flag_mov 8, 4;
    %ix/getv 4, v0x55d5bae07610_0;
    %load/vec4a v0x55d5bae076e0, 4;
    %parti/s 4, 4, 4;
    %pad/u 32;
    %cmpi/e 5, 0, 32;
    %flag_or 4, 8;
    %flag_mov 8, 4;
    %ix/getv 4, v0x55d5bae07610_0;
    %load/vec4a v0x55d5bae076e0, 4;
    %parti/s 4, 4, 4;
    %pad/u 32;
    %cmpi/e 7, 0, 32;
    %flag_or 4, 8;
    %flag_mov 8, 4;
    %ix/getv 4, v0x55d5bae07610_0;
    %load/vec4a v0x55d5bae076e0, 4;
    %parti/s 4, 4, 4;
    %pad/u 32;
    %cmpi/e 8, 0, 32;
    %flag_or 4, 8;
    %jmp/0xz  T_4.10, 4;
    %ix/getv 4, v0x55d5bae07610_0;
    %load/vec4a v0x55d5bae076e0, 4;
    %parti/s 4, 4, 4;
    %pad/u 32;
    %cmpi/e 8, 0, 32;
    %flag_mov 8, 4;
    %ix/getv 4, v0x55d5bae07610_0;
    %load/vec4a v0x55d5bae076e0, 4;
    %parti/s 4, 4, 4;
    %pad/u 32;
    %cmpi/e 7, 0, 32;
    %flag_or 4, 8;
    %jmp/0xz  T_4.12, 4;
    %load/vec4 v0x55d5bae07610_0;
    %pad/u 65;
    %addi 1, 0, 65;
    %ix/vec4 4;
    %load/vec4a v0x55d5bae076e0, 4;
    %ix/load 4, 0, 0;
    %flag_set/imm 4, 0;
    %store/vec4 v0x55d5bae07df0_0, 4, 8;
    %load/vec4 v0x55d5bae07610_0;
    %pad/u 65;
    %addi 2, 0, 65;
    %ix/vec4 4;
    %load/vec4a v0x55d5bae076e0, 4;
    %ix/load 4, 8, 0;
    %flag_set/imm 4, 0;
    %store/vec4 v0x55d5bae07df0_0, 4, 8;
    %load/vec4 v0x55d5bae07610_0;
    %pad/u 65;
    %addi 3, 0, 65;
    %ix/vec4 4;
    %load/vec4a v0x55d5bae076e0, 4;
    %ix/load 4, 16, 0;
    %flag_set/imm 4, 0;
    %store/vec4 v0x55d5bae07df0_0, 4, 8;
    %load/vec4 v0x55d5bae07610_0;
    %pad/u 65;
    %addi 4, 0, 65;
    %ix/vec4 4;
    %load/vec4a v0x55d5bae076e0, 4;
    %ix/load 4, 24, 0;
    %flag_set/imm 4, 0;
    %store/vec4 v0x55d5bae07df0_0, 4, 8;
    %load/vec4 v0x55d5bae07610_0;
    %pad/u 65;
    %addi 5, 0, 65;
    %ix/vec4 4;
    %load/vec4a v0x55d5bae076e0, 4;
    %ix/load 4, 32, 0;
    %flag_set/imm 4, 0;
    %store/vec4 v0x55d5bae07df0_0, 4, 8;
    %load/vec4 v0x55d5bae07610_0;
    %pad/u 65;
    %addi 6, 0, 65;
    %ix/vec4 4;
    %load/vec4a v0x55d5bae076e0, 4;
    %ix/load 4, 40, 0;
    %flag_set/imm 4, 0;
    %store/vec4 v0x55d5bae07df0_0, 4, 8;
    %load/vec4 v0x55d5bae07610_0;
    %pad/u 65;
    %addi 7, 0, 65;
    %ix/vec4 4;
    %load/vec4a v0x55d5bae076e0, 4;
    %ix/load 4, 48, 0;
    %flag_set/imm 4, 0;
    %store/vec4 v0x55d5bae07df0_0, 4, 8;
    %load/vec4 v0x55d5bae07610_0;
    %pad/u 65;
    %addi 8, 0, 65;
    %ix/vec4 4;
    %load/vec4a v0x55d5bae076e0, 4;
    %ix/load 4, 56, 0;
    %flag_set/imm 4, 0;
    %store/vec4 v0x55d5bae07df0_0, 4, 8;
    %load/vec4 v0x55d5bae07aa0_0;
    %addi 8, 0, 64;
    %store/vec4 v0x55d5bae07aa0_0, 0, 64;
    %jmp T_4.13;
T_4.12 ;
    %load/vec4 v0x55d5bae07610_0;
    %pad/u 65;
    %addi 2, 0, 65;
    %ix/vec4 4;
    %load/vec4a v0x55d5bae076e0, 4;
    %ix/load 4, 0, 0;
    %flag_set/imm 4, 0;
    %store/vec4 v0x55d5bae07df0_0, 4, 8;
    %load/vec4 v0x55d5bae07610_0;
    %pad/u 65;
    %addi 3, 0, 65;
    %ix/vec4 4;
    %load/vec4a v0x55d5bae076e0, 4;
    %ix/load 4, 8, 0;
    %flag_set/imm 4, 0;
    %store/vec4 v0x55d5bae07df0_0, 4, 8;
    %load/vec4 v0x55d5bae07610_0;
    %pad/u 65;
    %addi 4, 0, 65;
    %ix/vec4 4;
    %load/vec4a v0x55d5bae076e0, 4;
    %ix/load 4, 16, 0;
    %flag_set/imm 4, 0;
    %store/vec4 v0x55d5bae07df0_0, 4, 8;
    %load/vec4 v0x55d5bae07610_0;
    %pad/u 65;
    %addi 5, 0, 65;
    %ix/vec4 4;
    %load/vec4a v0x55d5bae076e0, 4;
    %ix/load 4, 24, 0;
    %flag_set/imm 4, 0;
    %store/vec4 v0x55d5bae07df0_0, 4, 8;
    %load/vec4 v0x55d5bae07610_0;
    %pad/u 65;
    %addi 6, 0, 65;
    %ix/vec4 4;
    %load/vec4a v0x55d5bae076e0, 4;
    %ix/load 4, 32, 0;
    %flag_set/imm 4, 0;
    %store/vec4 v0x55d5bae07df0_0, 4, 8;
    %load/vec4 v0x55d5bae07610_0;
    %pad/u 65;
    %addi 7, 0, 65;
    %ix/vec4 4;
    %load/vec4a v0x55d5bae076e0, 4;
    %ix/load 4, 40, 0;
    %flag_set/imm 4, 0;
    %store/vec4 v0x55d5bae07df0_0, 4, 8;
    %load/vec4 v0x55d5bae07610_0;
    %pad/u 65;
    %addi 8, 0, 65;
    %ix/vec4 4;
    %load/vec4a v0x55d5bae076e0, 4;
    %ix/load 4, 48, 0;
    %flag_set/imm 4, 0;
    %store/vec4 v0x55d5bae07df0_0, 4, 8;
    %load/vec4 v0x55d5bae07610_0;
    %pad/u 65;
    %addi 9, 0, 65;
    %ix/vec4 4;
    %load/vec4a v0x55d5bae076e0, 4;
    %ix/load 4, 56, 0;
    %flag_set/imm 4, 0;
    %store/vec4 v0x55d5bae07df0_0, 4, 8;
    %load/vec4 v0x55d5bae07aa0_0;
    %addi 8, 0, 64;
    %store/vec4 v0x55d5bae07aa0_0, 0, 64;
T_4.13 ;
T_4.10 ;
T_4.1 ;
    %load/vec4 v0x55d5bae07920_0;
    %pad/u 32;
    %pushi/vec4 0, 0, 32;
    %cmp/e;
    %flag_get/vec4 4;
    %load/vec4 v0x55d5bae079e0_0;
    %pad/u 32;
    %pushi/vec4 1, 0, 32;
    %cmp/e;
    %flag_get/vec4 4;
    %and;
    %flag_set/vec4 8;
    %jmp/0xz  T_4.14, 8;
    %pushi/vec4 1, 0, 1;
    %store/vec4 v0x55d5bae07d30_0, 0, 1;
    %jmp T_4.15;
T_4.14 ;
    %pushi/vec4 0, 0, 1;
    %store/vec4 v0x55d5bae07d30_0, 0, 1;
T_4.15 ;
    %load/vec4 v0x55d5bae07d30_0;
    %ix/load 4, 144, 0;
    %flag_set/imm 4, 0;
    %store/vec4 v0x55d5bae070b0_0, 4, 1;
    %load/vec4 v0x55d5bae07780_0;
    %ix/load 4, 140, 0;
    %flag_set/imm 4, 0;
    %store/vec4 v0x55d5bae070b0_0, 4, 4;
    %load/vec4 v0x55d5bae07840_0;
    %ix/load 4, 136, 0;
    %flag_set/imm 4, 0;
    %store/vec4 v0x55d5bae070b0_0, 4, 4;
    %load/vec4 v0x55d5bae07b90_0;
    %ix/load 4, 132, 0;
    %flag_set/imm 4, 0;
    %store/vec4 v0x55d5bae070b0_0, 4, 4;
    %load/vec4 v0x55d5bae07c50_0;
    %ix/load 4, 128, 0;
    %flag_set/imm 4, 0;
    %store/vec4 v0x55d5bae070b0_0, 4, 4;
    %load/vec4 v0x55d5bae07df0_0;
    %ix/load 4, 64, 0;
    %flag_set/imm 4, 0;
    %store/vec4 v0x55d5bae070b0_0, 4, 64;
    %load/vec4 v0x55d5bae07aa0_0;
    %ix/load 4, 0, 0;
    %flag_set/imm 4, 0;
    %store/vec4 v0x55d5bae070b0_0, 4, 64;
    %load/vec4 v0x55d5bae07780_0;
    %pad/u 32;
    %cmpi/e 7, 0, 32;
    %flag_mov 8, 4;
    %load/vec4 v0x55d5bae07780_0;
    %pad/u 32;
    %cmpi/e 8, 0, 32;
    %flag_or 4, 8;
    %jmp/0xz  T_4.16, 4;
    %load/vec4 v0x55d5bae07df0_0;
    %store/vec4 v0x55d5bae07aa0_0, 0, 64;
T_4.16 ;
    %jmp T_4;
    .thread T_4;
    .scope S_0x55d5bae08290;
T_5 ;
    %wait E_0x55d5badbb780;
    %load/vec4 v0x55d5bae084c0_0;
    %parti/s 4, 140, 9;
    %pad/u 32;
    %cmpi/e 2, 0, 32;
    %jmp/0xz  T_5.0, 4;
    %load/vec4 v0x55d5bae084c0_0;
    %parti/s 4, 128, 9;
    %store/vec4 v0x55d5bae085c0_0, 0, 4;
    %jmp T_5.1;
T_5.0 ;
    %load/vec4 v0x55d5bae084c0_0;
    %parti/s 4, 140, 9;
    %pad/u 32;
    %cmpi/e 3, 0, 32;
    %flag_mov 8, 4;
    %load/vec4 v0x55d5bae084c0_0;
    %parti/s 4, 140, 9;
    %pad/u 32;
    %cmpi/e 6, 0, 32;
    %flag_or 4, 8;
    %jmp/0xz  T_5.2, 4;
    %load/vec4 v0x55d5bae084c0_0;
    %parti/s 4, 128, 9;
    %store/vec4 v0x55d5bae085c0_0, 0, 4;
    %jmp T_5.3;
T_5.2 ;
    %load/vec4 v0x55d5bae084c0_0;
    %parti/s 4, 140, 9;
    %pad/u 32;
    %cmpi/e 8, 0, 32;
    %flag_mov 8, 4;
    %load/vec4 v0x55d5bae084c0_0;
    %parti/s 4, 140, 9;
    %pad/u 32;
    %cmpi/e 9, 0, 32;
    %flag_or 4, 8;
    %flag_mov 8, 4;
    %load/vec4 v0x55d5bae084c0_0;
    %parti/s 4, 140, 9;
    %pad/u 32;
    %cmpi/e 10, 0, 32;
    %flag_or 4, 8;
    %flag_mov 8, 4;
    %load/vec4 v0x55d5bae084c0_0;
    %parti/s 4, 140, 9;
    %pad/u 32;
    %cmpi/e 11, 0, 32;
    %flag_or 4, 8;
    %jmp/0xz  T_5.4, 4;
    %pushi/vec4 4, 0, 4;
    %store/vec4 v0x55d5bae085c0_0, 0, 4;
    %jmp T_5.5;
T_5.4 ;
    %pushi/vec4 15, 0, 4;
    %store/vec4 v0x55d5bae085c0_0, 0, 4;
T_5.5 ;
T_5.3 ;
T_5.1 ;
    %jmp T_5;
    .thread T_5, $push;
    .scope S_0x55d5bae08700;
T_6 ;
    %wait E_0x55d5badbb780;
    %load/vec4 v0x55d5bae088d0_0;
    %parti/s 4, 140, 9;
    %pad/u 32;
    %cmpi/e 5, 0, 32;
    %flag_mov 8, 4;
    %load/vec4 v0x55d5bae088d0_0;
    %parti/s 4, 140, 9;
    %pad/u 32;
    %cmpi/e 11, 0, 32;
    %flag_or 4, 8;
    %jmp/0xz  T_6.0, 4;
    %load/vec4 v0x55d5bae088d0_0;
    %parti/s 4, 132, 9;
    %store/vec4 v0x55d5bae089e0_0, 0, 4;
    %jmp T_6.1;
T_6.0 ;
    %pushi/vec4 15, 0, 4;
    %store/vec4 v0x55d5bae089e0_0, 0, 4;
T_6.1 ;
    %jmp T_6;
    .thread T_6, $push;
    .scope S_0x55d5bae08b00;
T_7 ;
    %wait E_0x55d5badbb780;
    %load/vec4 v0x55d5bae08d00_0;
    %parti/s 4, 140, 9;
    %pad/u 32;
    %cmpi/e 2, 0, 32;
    %flag_mov 8, 4;
    %load/vec4 v0x55d5bae08d00_0;
    %parti/s 4, 140, 9;
    %pad/u 32;
    %cmpi/e 4, 0, 32;
    %flag_or 4, 8;
    %flag_mov 8, 4;
    %load/vec4 v0x55d5bae08d00_0;
    %parti/s 4, 140, 9;
    %pad/u 32;
    %cmpi/e 6, 0, 32;
    %flag_or 4, 8;
    %flag_mov 8, 4;
    %load/vec4 v0x55d5bae08d00_0;
    %parti/s 4, 140, 9;
    %pad/u 32;
    %cmpi/e 10, 0, 32;
    %flag_or 4, 8;
    %jmp/0xz  T_7.0, 4;
    %load/vec4 v0x55d5bae08d00_0;
    %parti/s 4, 132, 9;
    %store/vec4 v0x55d5bae08e10_0, 0, 4;
    %jmp T_7.1;
T_7.0 ;
    %load/vec4 v0x55d5bae08d00_0;
    %parti/s 4, 140, 9;
    %pad/u 32;
    %cmpi/e 11, 0, 32;
    %flag_mov 8, 4;
    %load/vec4 v0x55d5bae08d00_0;
    %parti/s 4, 140, 9;
    %pad/u 32;
    %cmpi/e 9, 0, 32;
    %flag_or 4, 8;
    %jmp/0xz  T_7.2, 4;
    %pushi/vec4 4, 0, 4;
    %store/vec4 v0x55d5bae08e10_0, 0, 4;
    %jmp T_7.3;
T_7.2 ;
    %pushi/vec4 15, 0, 4;
    %store/vec4 v0x55d5bae08e10_0, 0, 4;
T_7.3 ;
T_7.1 ;
    %jmp T_7;
    .thread T_7, $push;
    .scope S_0x55d5bae08f50;
T_8 ;
    %wait E_0x55d5badbb780;
    %load/vec4 v0x55d5bae09120_0;
    %parti/s 4, 140, 9;
    %pad/u 32;
    %cmpi/e 4, 0, 32;
    %flag_mov 8, 4;
    %load/vec4 v0x55d5bae09120_0;
    %parti/s 4, 140, 9;
    %pad/u 32;
    %cmpi/e 5, 0, 32;
    %flag_or 4, 8;
    %flag_mov 8, 4;
    %load/vec4 v0x55d5bae09120_0;
    %parti/s 4, 140, 9;
    %pad/u 32;
    %cmpi/e 6, 0, 32;
    %flag_or 4, 8;
    %jmp/0xz  T_8.0, 4;
    %load/vec4 v0x55d5bae09120_0;
    %parti/s 4, 128, 9;
    %store/vec4 v0x55d5bae09200_0, 0, 4;
    %jmp T_8.1;
T_8.0 ;
    %pushi/vec4 15, 0, 4;
    %store/vec4 v0x55d5bae09200_0, 0, 4;
T_8.1 ;
    %jmp T_8;
    .thread T_8, $push;
    .scope S_0x55d5bae07fb0;
T_9 ;
    %pushi/vec4 0, 0, 64;
    %ix/load 4, 4, 0;
    %flag_set/imm 4, 0;
    %store/vec4a v0x55d5bae09f50, 4, 0;
    %pushi/vec4 0, 0, 64;
    %ix/load 4, 2, 0;
    %flag_set/imm 4, 0;
    %store/vec4a v0x55d5bae09f50, 4, 0;
    %end;
    .thread T_9;
    .scope S_0x55d5bae07fb0;
T_10 ;
    %wait E_0x55d5bad8e830;
    %pushi/vec4 0, 0, 64;
    %store/vec4 v0x55d5bae0a1d0_0, 0, 64;
    %pushi/vec4 0, 0, 64;
    %store/vec4 v0x55d5bae0a290_0, 0, 64;
    %load/vec4 v0x55d5bae0a010_0;
    %pad/u 32;
    %cmpi/ne 15, 0, 32;
    %jmp/0xz  T_10.0, 4;
    %load/vec4 v0x55d5bae0a010_0;
    %pad/u 6;
    %ix/vec4 4;
    %load/vec4a v0x55d5bae09f50, 4;
    %store/vec4 v0x55d5bae0a1d0_0, 0, 64;
T_10.0 ;
    %load/vec4 v0x55d5bae0a100_0;
    %pad/u 32;
    %cmpi/ne 15, 0, 32;
    %jmp/0xz  T_10.2, 4;
    %load/vec4 v0x55d5bae0a100_0;
    %pad/u 6;
    %ix/vec4 4;
    %load/vec4a v0x55d5bae09f50, 4;
    %store/vec4 v0x55d5bae0a290_0, 0, 64;
T_10.2 ;
    %load/vec4 v0x55d5bae0a010_0;
    %pad/u 32;
    %cmpi/ne 15, 0, 32;
    %jmp/0xz  T_10.4, 4;
    %load/vec4 v0x55d5bae09340_0;
    %parti/s 4, 140, 9;
    %pad/u 32;
    %cmpi/e 7, 0, 32;
    %flag_mov 8, 4;
    %load/vec4 v0x55d5bae09340_0;
    %parti/s 4, 140, 9;
    %pad/u 32;
    %cmpi/e 8, 0, 32;
    %flag_or 4, 8;
    %jmp/0xz  T_10.6, 4;
    %load/vec4 v0x55d5bae09340_0;
    %parti/s 64, 0, 2;
    %store/vec4 v0x55d5bae0a1d0_0, 0, 64;
    %jmp T_10.7;
T_10.6 ;
    %load/vec4 v0x55d5bae0a010_0;
    %load/vec4 v0x55d5bae09cd0_0;
    %cmp/e;
    %jmp/0xz  T_10.8, 4;
    %load/vec4 v0x55d5bae09d90_0;
    %store/vec4 v0x55d5bae0a1d0_0, 0, 64;
    %jmp T_10.9;
T_10.8 ;
    %load/vec4 v0x55d5bae0a010_0;
    %load/vec4 v0x55d5bae095a0_0;
    %cmp/e;
    %jmp/0xz  T_10.10, 4;
    %load/vec4 v0x55d5bae09e70_0;
    %store/vec4 v0x55d5bae0a1d0_0, 0, 64;
    %jmp T_10.11;
T_10.10 ;
    %load/vec4 v0x55d5bae0a010_0;
    %load/vec4 v0x55d5bae094e0_0;
    %cmp/e;
    %jmp/0xz  T_10.12, 4;
    %load/vec4 v0x55d5bae09680_0;
    %store/vec4 v0x55d5bae0a1d0_0, 0, 64;
    %jmp T_10.13;
T_10.12 ;
    %load/vec4 v0x55d5bae0a010_0;
    %load/vec4 v0x55d5bae09840_0;
    %cmp/e;
    %jmp/0xz  T_10.14, 4;
    %load/vec4 v0x55d5bae09a00_0;
    %store/vec4 v0x55d5bae0a1d0_0, 0, 64;
    %jmp T_10.15;
T_10.14 ;
    %load/vec4 v0x55d5bae0a010_0;
    %load/vec4 v0x55d5bae09760_0;
    %cmp/e;
    %jmp/0xz  T_10.16, 4;
    %load/vec4 v0x55d5bae09920_0;
    %store/vec4 v0x55d5bae0a1d0_0, 0, 64;
T_10.16 ;
T_10.15 ;
T_10.13 ;
T_10.11 ;
T_10.9 ;
T_10.7 ;
T_10.4 ;
    %load/vec4 v0x55d5bae0a100_0;
    %pad/u 32;
    %cmpi/ne 15, 0, 32;
    %jmp/0xz  T_10.18, 4;
    %load/vec4 v0x55d5bae0a100_0;
    %load/vec4 v0x55d5bae09cd0_0;
    %cmp/e;
    %jmp/0xz  T_10.20, 4;
    %load/vec4 v0x55d5bae09d90_0;
    %store/vec4 v0x55d5bae0a290_0, 0, 64;
    %jmp T_10.21;
T_10.20 ;
    %load/vec4 v0x55d5bae0a100_0;
    %load/vec4 v0x55d5bae095a0_0;
    %cmp/e;
    %jmp/0xz  T_10.22, 4;
    %load/vec4 v0x55d5bae09e70_0;
    %store/vec4 v0x55d5bae0a290_0, 0, 64;
    %jmp T_10.23;
T_10.22 ;
    %load/vec4 v0x55d5bae0a100_0;
    %load/vec4 v0x55d5bae094e0_0;
    %cmp/e;
    %jmp/0xz  T_10.24, 4;
    %load/vec4 v0x55d5bae09680_0;
    %store/vec4 v0x55d5bae0a290_0, 0, 64;
    %jmp T_10.25;
T_10.24 ;
    %load/vec4 v0x55d5bae0a100_0;
    %load/vec4 v0x55d5bae09840_0;
    %cmp/e;
    %jmp/0xz  T_10.26, 4;
    %load/vec4 v0x55d5bae09a00_0;
    %store/vec4 v0x55d5bae0a290_0, 0, 64;
    %jmp T_10.27;
T_10.26 ;
    %load/vec4 v0x55d5bae0a100_0;
    %load/vec4 v0x55d5bae09760_0;
    %cmp/e;
    %jmp/0xz  T_10.28, 4;
    %load/vec4 v0x55d5bae09920_0;
    %store/vec4 v0x55d5bae0a290_0, 0, 64;
T_10.28 ;
T_10.27 ;
T_10.25 ;
T_10.23 ;
T_10.21 ;
T_10.18 ;
    %load/vec4 v0x55d5bae09340_0;
    %parti/s 1, 144, 9;
    %ix/load 4, 216, 0;
    %flag_set/imm 4, 0;
    %store/vec4 v0x55d5bae09400_0, 4, 1;
    %load/vec4 v0x55d5bae09340_0;
    %parti/s 4, 140, 9;
    %ix/load 4, 212, 0;
    %flag_set/imm 4, 0;
    %store/vec4 v0x55d5bae09400_0, 4, 4;
    %load/vec4 v0x55d5bae09340_0;
    %parti/s 4, 136, 9;
    %ix/load 4, 208, 0;
    %flag_set/imm 4, 0;
    %store/vec4 v0x55d5bae09400_0, 4, 4;
    %load/vec4 v0x55d5bae09340_0;
    %parti/s 64, 64, 8;
    %ix/load 4, 144, 0;
    %flag_set/imm 4, 0;
    %store/vec4 v0x55d5bae09400_0, 4, 64;
    %load/vec4 v0x55d5bae0a1d0_0;
    %ix/load 4, 80, 0;
    %flag_set/imm 4, 0;
    %store/vec4 v0x55d5bae09400_0, 4, 64;
    %load/vec4 v0x55d5bae0a290_0;
    %ix/load 4, 16, 0;
    %flag_set/imm 4, 0;
    %store/vec4 v0x55d5bae09400_0, 4, 64;
    %load/vec4 v0x55d5bae09b60_0;
    %ix/load 4, 12, 0;
    %flag_set/imm 4, 0;
    %store/vec4 v0x55d5bae09400_0, 4, 4;
    %load/vec4 v0x55d5bae09c00_0;
    %ix/load 4, 8, 0;
    %flag_set/imm 4, 0;
    %store/vec4 v0x55d5bae09400_0, 4, 4;
    %load/vec4 v0x55d5bae0a010_0;
    %ix/load 4, 4, 0;
    %flag_set/imm 4, 0;
    %store/vec4 v0x55d5bae09400_0, 4, 4;
    %load/vec4 v0x55d5bae0a100_0;
    %ix/load 4, 0, 0;
    %flag_set/imm 4, 0;
    %store/vec4 v0x55d5bae09400_0, 4, 4;
    %jmp T_10;
    .thread T_10;
    .scope S_0x55d5bae07fb0;
T_11 ;
    %wait E_0x55d5bad8e830;
    %load/vec4 v0x55d5bae09760_0;
    %pad/u 32;
    %cmpi/ne 15, 0, 32;
    %jmp/0xz  T_11.0, 4;
    %load/vec4 v0x55d5bae09920_0;
    %load/vec4 v0x55d5bae09760_0;
    %pad/u 6;
    %ix/vec4 4;
    %store/vec4a v0x55d5bae09f50, 4, 0;
T_11.0 ;
    %load/vec4 v0x55d5bae09840_0;
    %pad/u 32;
    %cmpi/ne 15, 0, 32;
    %jmp/0xz  T_11.2, 4;
    %load/vec4 v0x55d5bae09840_0;
    %pad/u 64;
    %load/vec4 v0x55d5bae09840_0;
    %pad/u 6;
    %ix/vec4 4;
    %store/vec4a v0x55d5bae09f50, 4, 0;
T_11.2 ;
    %jmp T_11;
    .thread T_11;
    .scope S_0x55d5bae0a7c0;
T_12 ;
    %wait E_0x55d5bae0a9b0;
    %load/vec4 v0x55d5bae0aa30_0;
    %parti/s 4, 212, 9;
    %store/vec4 v0x55d5bae0ac10_0, 0, 4;
    %load/vec4 v0x55d5bae0ac10_0;
    %pad/u 32;
    %cmpi/e 2, 0, 32;
    %flag_mov 8, 4;
    %load/vec4 v0x55d5bae0ac10_0;
    %pad/u 32;
    %cmpi/e 6, 0, 32;
    %flag_or 4, 8;
    %jmp/0xz  T_12.0, 4;
    %load/vec4 v0x55d5bae0aa30_0;
    %parti/s 64, 80, 8;
    %store/vec4 v0x55d5bae0ab30_0, 0, 64;
T_12.0 ;
    %load/vec4 v0x55d5bae0ac10_0;
    %pad/u 32;
    %cmpi/e 3, 0, 32;
    %flag_mov 8, 4;
    %load/vec4 v0x55d5bae0ac10_0;
    %pad/u 32;
    %cmpi/e 4, 0, 32;
    %flag_or 4, 8;
    %flag_mov 8, 4;
    %load/vec4 v0x55d5bae0ac10_0;
    %pad/u 32;
    %cmpi/e 5, 0, 32;
    %flag_or 4, 8;
    %jmp/0xz  T_12.2, 4;
    %load/vec4 v0x55d5bae0aa30_0;
    %parti/s 64, 144, 9;
    %store/vec4 v0x55d5bae0ab30_0, 0, 64;
T_12.2 ;
    %load/vec4 v0x55d5bae0ac10_0;
    %pad/u 32;
    %cmpi/e 8, 0, 32;
    %flag_mov 8, 4;
    %load/vec4 v0x55d5bae0ac10_0;
    %pad/u 32;
    %cmpi/e 10, 0, 32;
    %flag_or 4, 8;
    %jmp/0xz  T_12.4, 4;
    %pushi/vec4 8, 0, 64;
    %store/vec4 v0x55d5bae0ab30_0, 0, 64;
T_12.4 ;
    %load/vec4 v0x55d5bae0ac10_0;
    %pad/u 32;
    %cmpi/e 9, 0, 32;
    %flag_mov 8, 4;
    %load/vec4 v0x55d5bae0ac10_0;
    %pad/u 32;
    %cmpi/e 11, 0, 32;
    %flag_or 4, 8;
    %jmp/0xz  T_12.6, 4;
    %pushi/vec4 4294967295, 0, 32;
    %concati/vec4 4294967288, 0, 32;
    %store/vec4 v0x55d5bae0ab30_0, 0, 64;
T_12.6 ;
    %jmp T_12;
    .thread T_12, $push;
    .scope S_0x55d5bae0ad60;
T_13 ;
    %wait E_0x55d5bae0af70;
    %load/vec4 v0x55d5bae0aff0_0;
    %parti/s 4, 212, 9;
    %store/vec4 v0x55d5bae0b1c0_0, 0, 4;
    %load/vec4 v0x55d5bae0b1c0_0;
    %pad/u 32;
    %cmpi/e 4, 0, 32;
    %flag_mov 8, 4;
    %load/vec4 v0x55d5bae0b1c0_0;
    %pad/u 32;
    %cmpi/e 5, 0, 32;
    %flag_or 4, 8;
    %flag_mov 8, 4;
    %load/vec4 v0x55d5bae0b1c0_0;
    %pad/u 32;
    %cmpi/e 6, 0, 32;
    %flag_or 4, 8;
    %flag_mov 8, 4;
    %load/vec4 v0x55d5bae0b1c0_0;
    %pad/u 32;
    %cmpi/e 8, 0, 32;
    %flag_or 4, 8;
    %flag_mov 8, 4;
    %load/vec4 v0x55d5bae0b1c0_0;
    %pad/u 32;
    %cmpi/e 10, 0, 32;
    %flag_or 4, 8;
    %flag_mov 8, 4;
    %load/vec4 v0x55d5bae0b1c0_0;
    %pad/u 32;
    %cmpi/e 11, 0, 32;
    %flag_or 4, 8;
    %flag_mov 8, 4;
    %load/vec4 v0x55d5bae0b1c0_0;
    %pad/u 32;
    %cmpi/e 9, 0, 32;
    %flag_or 4, 8;
    %jmp/0xz  T_13.0, 4;
    %load/vec4 v0x55d5bae0aff0_0;
    %parti/s 64, 16, 6;
    %store/vec4 v0x55d5bae0b100_0, 0, 64;
T_13.0 ;
    %load/vec4 v0x55d5bae0b1c0_0;
    %pad/u 32;
    %cmpi/e 2, 0, 32;
    %flag_mov 8, 4;
    %load/vec4 v0x55d5bae0b1c0_0;
    %pad/u 32;
    %cmpi/e 3, 0, 32;
    %flag_or 4, 8;
    %jmp/0xz  T_13.2, 4;
    %pushi/vec4 0, 0, 64;
    %store/vec4 v0x55d5bae0b100_0, 0, 64;
T_13.2 ;
    %jmp T_13;
    .thread T_13, $push;
    .scope S_0x55d5bae0b310;
T_14 ;
    %wait E_0x55d5bae0b550;
    %load/vec4 v0x55d5bae0b5b0_0;
    %parti/s 4, 212, 9;
    %pad/u 32;
    %cmpi/e 6, 0, 32;
    %jmp/0xz  T_14.0, 4;
    %load/vec4 v0x55d5bae0b5b0_0;
    %parti/s 4, 208, 9;
    %pad/u 2;
    %store/vec4 v0x55d5bae0b6e0_0, 0, 2;
    %jmp T_14.1;
T_14.0 ;
    %pushi/vec4 0, 0, 2;
    %store/vec4 v0x55d5bae0b6e0_0, 0, 2;
T_14.1 ;
    %jmp T_14;
    .thread T_14, $push;
    .scope S_0x55d5bae0a510;
T_15 ;
    %pushi/vec4 0, 0, 3;
    %store/vec4 v0x55d5bae0bd10_0, 0, 3;
    %pushi/vec4 0, 0, 1;
    %store/vec4 v0x55d5bae0bec0_0, 0, 1;
    %end;
    .thread T_15;
    .scope S_0x55d5bae0a510;
T_16 ;
    %wait E_0x55d5bad8e830;
    %load/vec4 v0x55d5bae0b820_0;
    %parti/s 4, 212, 9;
    %pad/u 32;
    %pushi/vec4 6, 0, 32;
    %cmp/e;
    %flag_get/vec4 4;
    %inv;
    %load/vec4 v0x55d5bae0bc40_0;
    %pad/u 32;
    %pushi/vec4 0, 0, 32;
    %cmp/e;
    %flag_get/vec4 4;
    %and;
    %flag_set/vec4 8;
    %jmp/0xz  T_16.0, 8;
    %load/vec4 v0x55d5bae0ba60_0;
    %load/vec4 v0x55d5bae0bb50_0;
    %add;
    %store/vec4 v0x55d5bae0c290_0, 0, 64;
    %jmp T_16.1;
T_16.0 ;
    %load/vec4 v0x55d5bae0b820_0;
    %parti/s 4, 212, 9;
    %pad/u 32;
    %cmpi/e 6, 0, 32;
    %jmp/0xz  T_16.2, 4;
    %pushi/vec4 0, 0, 3;
    %store/vec4 v0x55d5bae0bd10_0, 0, 3;
    %load/vec4 v0x55d5bae0bc40_0;
    %pad/u 32;
    %cmpi/e 0, 0, 32;
    %jmp/0xz  T_16.4, 4;
    %load/vec4 v0x55d5bae0ba60_0;
    %load/vec4 v0x55d5bae0bb50_0;
    %add;
    %store/vec4 v0x55d5bae0c290_0, 0, 64;
    %load/vec4 v0x55d5bae0c290_0;
    %cmpi/e 0, 0, 64;
    %jmp/0xz  T_16.6, 4;
    %pushi/vec4 1, 0, 1;
    %ix/load 4, 0, 0;
    %flag_set/imm 4, 0;
    %store/vec4 v0x55d5bae0bd10_0, 4, 1;
T_16.6 ;
    %load/vec4 v0x55d5bae0c290_0;
    %parti/s 1, 63, 7;
    %pad/u 32;
    %cmpi/e 1, 0, 32;
    %jmp/0xz  T_16.8, 4;
    %pushi/vec4 1, 0, 1;
    %ix/load 4, 1, 0;
    %flag_set/imm 4, 0;
    %store/vec4 v0x55d5bae0bd10_0, 4, 1;
T_16.8 ;
    %load/vec4 v0x55d5bae0c290_0;
    %parti/s 1, 63, 7;
    %pad/u 32;
    %pushi/vec4 1, 0, 32;
    %cmp/e;
    %flag_get/vec4 4;
    %load/vec4 v0x55d5bae0ba60_0;
    %parti/s 1, 63, 7;
    %pad/u 32;
    %pushi/vec4 0, 0, 32;
    %cmp/e;
    %flag_get/vec4 4;
    %and;
    %load/vec4 v0x55d5bae0bb50_0;
    %parti/s 1, 63, 7;
    %pad/u 32;
    %pushi/vec4 0, 0, 32;
    %cmp/e;
    %flag_get/vec4 4;
    %and;
    %flag_set/vec4 8;
    %load/vec4 v0x55d5bae0c290_0;
    %parti/s 1, 63, 7;
    %pad/u 32;
    %pushi/vec4 0, 0, 32;
    %cmp/e;
    %flag_get/vec4 4;
    %load/vec4 v0x55d5bae0ba60_0;
    %parti/s 1, 63, 7;
    %pad/u 32;
    %pushi/vec4 1, 0, 32;
    %cmp/e;
    %flag_get/vec4 4;
    %and;
    %load/vec4 v0x55d5bae0bb50_0;
    %parti/s 1, 63, 7;
    %pad/u 32;
    %pushi/vec4 1, 0, 32;
    %cmp/e;
    %flag_get/vec4 4;
    %and;
    %flag_set/vec4 9;
    %flag_or 9, 8;
    %jmp/0xz  T_16.10, 9;
    %pushi/vec4 1, 0, 1;
    %ix/load 4, 2, 0;
    %flag_set/imm 4, 0;
    %store/vec4 v0x55d5bae0bd10_0, 4, 1;
T_16.10 ;
    %jmp T_16.5;
T_16.4 ;
    %load/vec4 v0x55d5bae0bc40_0;
    %pad/u 32;
    %cmpi/e 1, 0, 32;
    %jmp/0xz  T_16.12, 4;
    %load/vec4 v0x55d5bae0bb50_0;
    %load/vec4 v0x55d5bae0ba60_0;
    %inv;
    %pushi/vec4 1, 0, 64;
    %add;
    %add;
    %store/vec4 v0x55d5bae0c290_0, 0, 64;
    %load/vec4 v0x55d5bae0c290_0;
    %cmpi/e 0, 0, 64;
    %jmp/0xz  T_16.14, 4;
    %pushi/vec4 1, 0, 1;
    %ix/load 4, 0, 0;
    %flag_set/imm 4, 0;
    %store/vec4 v0x55d5bae0bd10_0, 4, 1;
T_16.14 ;
    %load/vec4 v0x55d5bae0c290_0;
    %parti/s 1, 63, 7;
    %pad/u 32;
    %cmpi/e 1, 0, 32;
    %jmp/0xz  T_16.16, 4;
    %pushi/vec4 1, 0, 1;
    %ix/load 4, 1, 0;
    %flag_set/imm 4, 0;
    %store/vec4 v0x55d5bae0bd10_0, 4, 1;
T_16.16 ;
    %load/vec4 v0x55d5bae0c290_0;
    %parti/s 1, 63, 7;
    %pad/u 32;
    %pushi/vec4 1, 0, 32;
    %cmp/e;
    %flag_get/vec4 4;
    %load/vec4 v0x55d5bae0ba60_0;
    %parti/s 1, 63, 7;
    %pad/u 32;
    %pushi/vec4 0, 0, 32;
    %cmp/e;
    %flag_get/vec4 4;
    %and;
    %load/vec4 v0x55d5bae0bb50_0;
    %parti/s 1, 63, 7;
    %pad/u 32;
    %pushi/vec4 0, 0, 32;
    %cmp/e;
    %flag_get/vec4 4;
    %and;
    %flag_set/vec4 8;
    %load/vec4 v0x55d5bae0c290_0;
    %parti/s 1, 63, 7;
    %pad/u 32;
    %pushi/vec4 0, 0, 32;
    %cmp/e;
    %flag_get/vec4 4;
    %load/vec4 v0x55d5bae0ba60_0;
    %parti/s 1, 63, 7;
    %pad/u 32;
    %pushi/vec4 1, 0, 32;
    %cmp/e;
    %flag_get/vec4 4;
    %and;
    %load/vec4 v0x55d5bae0bb50_0;
    %parti/s 1, 63, 7;
    %pad/u 32;
    %pushi/vec4 1, 0, 32;
    %cmp/e;
    %flag_get/vec4 4;
    %and;
    %flag_set/vec4 9;
    %flag_or 9, 8;
    %jmp/0xz  T_16.18, 9;
    %pushi/vec4 1, 0, 1;
    %ix/load 4, 2, 0;
    %flag_set/imm 4, 0;
    %store/vec4 v0x55d5bae0bd10_0, 4, 1;
T_16.18 ;
    %jmp T_16.13;
T_16.12 ;
    %load/vec4 v0x55d5bae0bc40_0;
    %pad/u 32;
    %cmpi/e 2, 0, 32;
    %jmp/0xz  T_16.20, 4;
    %load/vec4 v0x55d5bae0bb50_0;
    %load/vec4 v0x55d5bae0ba60_0;
    %and;
    %store/vec4 v0x55d5bae0c290_0, 0, 64;
    %load/vec4 v0x55d5bae0c290_0;
    %cmpi/e 0, 0, 64;
    %jmp/0xz  T_16.22, 4;
    %pushi/vec4 1, 0, 1;
    %ix/load 4, 0, 0;
    %flag_set/imm 4, 0;
    %store/vec4 v0x55d5bae0bd10_0, 4, 1;
T_16.22 ;
    %jmp T_16.21;
T_16.20 ;
    %load/vec4 v0x55d5bae0bc40_0;
    %pad/u 32;
    %cmpi/e 3, 0, 32;
    %jmp/0xz  T_16.24, 4;
    %load/vec4 v0x55d5bae0bb50_0;
    %load/vec4 v0x55d5bae0ba60_0;
    %xor;
    %store/vec4 v0x55d5bae0c290_0, 0, 64;
    %load/vec4 v0x55d5bae0c290_0;
    %cmpi/e 0, 0, 64;
    %jmp/0xz  T_16.26, 4;
    %pushi/vec4 1, 0, 1;
    %ix/load 4, 0, 0;
    %flag_set/imm 4, 0;
    %store/vec4 v0x55d5bae0bd10_0, 4, 1;
T_16.26 ;
T_16.24 ;
T_16.21 ;
T_16.13 ;
T_16.5 ;
T_16.2 ;
T_16.1 ;
    %load/vec4 v0x55d5bae0b820_0;
    %parti/s 4, 212, 9;
    %pad/u 32;
    %cmpi/e 7, 0, 32;
    %flag_mov 8, 4;
    %load/vec4 v0x55d5bae0b820_0;
    %parti/s 4, 212, 9;
    %pad/u 32;
    %cmpi/e 2, 0, 32;
    %flag_or 4, 8;
    %jmp/0xz  T_16.28, 4;
    %pushi/vec4 0, 0, 1;
    %store/vec4 v0x55d5bae0bec0_0, 0, 1;
    %load/vec4 v0x55d5bae0b820_0;
    %parti/s 4, 208, 9;
    %store/vec4 v0x55d5bae0c110_0, 0, 4;
    %load/vec4 v0x55d5bae0c110_0;
    %pad/u 32;
    %pushi/vec4 1, 0, 32;
    %cmp/e;
    %flag_get/vec4 4;
    %load/vec4 v0x55d5bae0bd10_0;
    %parti/s 1, 0, 2;
    %pad/u 32;
    %pushi/vec4 1, 0, 32;
    %cmp/e;
    %flag_get/vec4 4;
    %load/vec4 v0x55d5bae0bd10_0;
    %parti/s 1, 1, 2;
    %pad/u 32;
    %pushi/vec4 1, 0, 32;
    %cmp/e;
    %flag_get/vec4 4;
    %load/vec4 v0x55d5bae0bd10_0;
    %parti/s 1, 2, 3;
    %pad/u 32;
    %pushi/vec4 0, 0, 32;
    %cmp/e;
    %flag_get/vec4 4;
    %and;
    %or;
    %and;
    %flag_set/vec4 8;
    %jmp/0xz  T_16.30, 8;
    %pushi/vec4 1, 0, 1;
    %store/vec4 v0x55d5bae0bec0_0, 0, 1;
    %jmp T_16.31;
T_16.30 ;
    %load/vec4 v0x55d5bae0c110_0;
    %pad/u 32;
    %pushi/vec4 2, 0, 32;
    %cmp/e;
    %flag_get/vec4 4;
    %load/vec4 v0x55d5bae0bd10_0;
    %parti/s 1, 1, 2;
    %pad/u 32;
    %pushi/vec4 1, 0, 32;
    %cmp/e;
    %flag_get/vec4 4;
    %load/vec4 v0x55d5bae0bd10_0;
    %parti/s 1, 2, 3;
    %pad/u 32;
    %pushi/vec4 0, 0, 32;
    %cmp/e;
    %flag_get/vec4 4;
    %and;
    %and;
    %flag_set/vec4 8;
    %jmp/0xz  T_16.32, 8;
    %pushi/vec4 1, 0, 1;
    %store/vec4 v0x55d5bae0bec0_0, 0, 1;
    %jmp T_16.33;
T_16.32 ;
    %load/vec4 v0x55d5bae0c110_0;
    %pad/u 32;
    %pushi/vec4 3, 0, 32;
    %cmp/e;
    %flag_get/vec4 4;
    %load/vec4 v0x55d5bae0bd10_0;
    %parti/s 1, 0, 2;
    %pad/u 32;
    %pushi/vec4 1, 0, 32;
    %cmp/e;
    %flag_get/vec4 4;
    %and;
    %flag_set/vec4 8;
    %jmp/0xz  T_16.34, 8;
    %pushi/vec4 1, 0, 1;
    %store/vec4 v0x55d5bae0bec0_0, 0, 1;
    %jmp T_16.35;
T_16.34 ;
    %load/vec4 v0x55d5bae0c110_0;
    %pad/u 32;
    %pushi/vec4 4, 0, 32;
    %cmp/e;
    %flag_get/vec4 4;
    %load/vec4 v0x55d5bae0bd10_0;
    %parti/s 1, 0, 2;
    %pad/u 32;
    %pushi/vec4 0, 0, 32;
    %cmp/e;
    %flag_get/vec4 4;
    %and;
    %flag_set/vec4 8;
    %jmp/0xz  T_16.36, 8;
    %pushi/vec4 1, 0, 1;
    %store/vec4 v0x55d5bae0bec0_0, 0, 1;
    %jmp T_16.37;
T_16.36 ;
    %load/vec4 v0x55d5bae0c110_0;
    %pad/u 32;
    %pushi/vec4 5, 0, 32;
    %cmp/e;
    %flag_get/vec4 4;
    %load/vec4 v0x55d5bae0bd10_0;
    %parti/s 1, 0, 2;
    %pad/u 32;
    %pushi/vec4 1, 0, 32;
    %cmp/e;
    %flag_get/vec4 4;
    %load/vec4 v0x55d5bae0bd10_0;
    %parti/s 1, 1, 2;
    %pad/u 32;
    %pushi/vec4 0, 0, 32;
    %cmp/e;
    %flag_get/vec4 4;
    %load/vec4 v0x55d5bae0bd10_0;
    %parti/s 1, 2, 3;
    %pad/u 32;
    %pushi/vec4 0, 0, 32;
    %cmp/e;
    %flag_get/vec4 4;
    %and;
    %or;
    %and;
    %flag_set/vec4 8;
    %jmp/0xz  T_16.38, 8;
    %pushi/vec4 1, 0, 1;
    %store/vec4 v0x55d5bae0bec0_0, 0, 1;
    %jmp T_16.39;
T_16.38 ;
    %load/vec4 v0x55d5bae0c110_0;
    %pad/u 32;
    %pushi/vec4 6, 0, 32;
    %cmp/e;
    %flag_get/vec4 4;
    %load/vec4 v0x55d5bae0bd10_0;
    %parti/s 1, 1, 2;
    %pad/u 32;
    %pushi/vec4 0, 0, 32;
    %cmp/e;
    %flag_get/vec4 4;
    %load/vec4 v0x55d5bae0bd10_0;
    %parti/s 1, 2, 3;
    %pad/u 32;
    %pushi/vec4 0, 0, 32;
    %cmp/e;
    %flag_get/vec4 4;
    %and;
    %and;
    %flag_set/vec4 8;
    %jmp/0xz  T_16.40, 8;
    %pushi/vec4 1, 0, 1;
    %store/vec4 v0x55d5bae0bec0_0, 0, 1;
T_16.40 ;
T_16.39 ;
T_16.37 ;
T_16.35 ;
T_16.33 ;
T_16.31 ;
T_16.28 ;
    %load/vec4 v0x55d5bae0b820_0;
    %parti/s 1, 216, 9;
    %ix/load 4, 144, 0;
    %flag_set/imm 4, 0;
    %store/vec4 v0x55d5bae0b8e0_0, 4, 1;
    %load/vec4 v0x55d5bae0b820_0;
    %parti/s 4, 212, 9;
    %ix/load 4, 140, 0;
    %flag_set/imm 4, 0;
    %store/vec4 v0x55d5bae0b8e0_0, 4, 4;
    %load/vec4 v0x55d5bae0bec0_0;
    %pad/u 4;
    %ix/load 4, 136, 0;
    %flag_set/imm 4, 0;
    %store/vec4 v0x55d5bae0b8e0_0, 4, 4;
    %load/vec4 v0x55d5bae0c290_0;
    %ix/load 4, 72, 0;
    %flag_set/imm 4, 0;
    %store/vec4 v0x55d5bae0b8e0_0, 4, 64;
    %load/vec4 v0x55d5bae0c290_0;
    %store/vec4 v0x55d5bae0c040_0, 0, 64;
    %load/vec4 v0x55d5bae0b820_0;
    %parti/s 64, 80, 8;
    %ix/load 4, 8, 0;
    %flag_set/imm 4, 0;
    %store/vec4 v0x55d5bae0b8e0_0, 4, 64;
    %load/vec4 v0x55d5bae0b820_0;
    %parti/s 4, 212, 9;
    %pad/u 32;
    %pushi/vec4 2, 0, 32;
    %cmp/e;
    %flag_get/vec4 4;
    %load/vec4 v0x55d5bae0bec0_0;
    %pad/u 32;
    %pushi/vec4 1, 0, 32;
    %cmp/e;
    %flag_get/vec4 4;
    %and;
    %flag_set/vec4 8;
    %load/vec4 v0x55d5bae0b820_0;
    %parti/s 4, 212, 9;
    %pad/u 32;
    %cmpi/ne 2, 0, 32;
    %flag_or 4, 8;
    %jmp/0xz  T_16.42, 4;
    %load/vec4 v0x55d5bae0b820_0;
    %parti/s 4, 12, 5;
    %store/vec4 v0x55d5bae0bf80_0, 0, 4;
    %load/vec4 v0x55d5bae0b820_0;
    %parti/s 4, 12, 5;
    %ix/load 4, 4, 0;
    %flag_set/imm 4, 0;
    %store/vec4 v0x55d5bae0b8e0_0, 4, 4;
    %jmp T_16.43;
T_16.42 ;
    %pushi/vec4 15, 0, 4;
    %store/vec4 v0x55d5bae0bf80_0, 0, 4;
    %pushi/vec4 15, 0, 4;
    %ix/load 4, 4, 0;
    %flag_set/imm 4, 0;
    %store/vec4 v0x55d5bae0b8e0_0, 4, 4;
T_16.43 ;
    %load/vec4 v0x55d5bae0b820_0;
    %parti/s 4, 8, 5;
    %ix/load 4, 0, 0;
    %flag_set/imm 4, 0;
    %store/vec4 v0x55d5bae0b8e0_0, 4, 4;
    %jmp T_16;
    .thread T_16;
    .scope S_0x55d5bad887b0;
T_17 ;
    %delay 2000000, 0;
    %vpi_call 2 35 "$finish" {0 0 0};
    %end;
    .thread T_17;
    .scope S_0x55d5bad887b0;
T_18 ;
    %vpi_call 2 39 "$dumpfile", "execute.vcd" {0 0 0};
    %vpi_call 2 40 "$dumpvars", 32'sb00000000000000000000000000000000, S_0x55d5bad887b0 {0 0 0};
    %pushi/vec4 0, 0, 1;
    %store/vec4 v0x55d5bae0d0f0_0, 0, 1;
    %pushi/vec4 0, 0, 4;
    %store/vec4 v0x55d5bae0c9a0_0, 0, 4;
    %pushi/vec4 0, 0, 64;
    %store/vec4 v0x55d5bae0ca90_0, 0, 64;
    %pushi/vec4 0, 0, 1;
    %store/vec4 v0x55d5bae0c770_0, 0, 1;
    %pushi/vec4 0, 0, 4;
    %store/vec4 v0x55d5bae0ce40_0, 0, 4;
    %pushi/vec4 0, 0, 64;
    %store/vec4 v0x55d5bae0d050_0, 0, 64;
    %end;
    .thread T_18;
    .scope S_0x55d5bad887b0;
T_19 ;
    %wait E_0x55d5bad892f0;
    %load/vec4 v0x55d5bae0c490_0;
    %store/vec4 v0x55d5bae0d190_0, 0, 145;
    %load/vec4 v0x55d5bae0c5a0_0;
    %store/vec4 v0x55d5bae0d580_0, 0, 217;
    %load/vec4 v0x55d5bae0c670_0;
    %store/vec4 v0x55d5bae0d780_0, 0, 145;
    %jmp T_19;
    .thread T_19, $push;
    .scope S_0x55d5bad887b0;
T_20 ;
    %vpi_call 2 57 "$display", "hello %h %h", v0x55d5bae0c490_0, v0x55d5bae0c5a0_0 {0 0 0};
    %load/vec4 v0x55d5bae0c490_0;
    %parti/s 4, 140, 9;
    %pad/u 32;
    %cmpi/e 0, 0, 32;
    %jmp/0xz  T_20.0, 4;
    %delay 5000, 0;
    %load/vec4 v0x55d5bae0d0f0_0;
    %inv;
    %store/vec4 v0x55d5bae0d0f0_0, 0, 1;
    %delay 5000, 0;
    %load/vec4 v0x55d5bae0d0f0_0;
    %inv;
    %store/vec4 v0x55d5bae0d0f0_0, 0, 1;
    %delay 5000, 0;
    %vpi_call 2 65 "$finish" {0 0 0};
    %jmp T_20.1;
T_20.0 ;
    %delay 5000, 0;
    %load/vec4 v0x55d5bae0d0f0_0;
    %inv;
    %store/vec4 v0x55d5bae0d0f0_0, 0, 1;
T_20.1 ;
    %jmp T_20;
    .thread T_20;
# The file index is used to find the file name in the following table.
:file_names 6;
    "N/A";
    "<interactive>";
    "execute_tb.v";
    "./../fetch/fetch.v";
    "./../decode/decode.v";
    "./execute.v";
