#! /usr/bin/vvp
:ivl_version "10.3 (stable)";
:ivl_delay_selection "TYPICAL";
:vpi_time_precision - 12;
:vpi_module "system";
:vpi_module "vhdl_sys";
:vpi_module "v2005_math";
:vpi_module "va_math";
S_0x564d22829c00 .scope module, "alu_tb" "alu_tb" 2 4;
 .timescale -9 -12;
v0x564d22850ca0_0 .net "cnd", 0 0, v0x564d228502d0_0;  1 drivers
v0x564d22850d60_0 .var "d_com", 0 0;
v0x564d22850e30_0 .net "e_com", 0 0, v0x564d228504a0_0;  1 drivers
v0x564d22850f30_0 .var "icode", 3 0;
v0x564d22851000_0 .var "ifun", 3 0;
v0x564d228510a0_0 .var/s "valA", 63 0;
v0x564d22851170_0 .var/s "valB", 63 0;
v0x564d22851240_0 .var/s "valC", 63 0;
v0x564d22851310_0 .net/s "valE", 63 0, v0x564d22850aa0_0;  1 drivers
S_0x564d22829d80 .scope module, "call1" "alu" 2 14, 3 3 0, S_0x564d22829c00;
 .timescale -9 -12;
    .port_info 0 /INPUT 4 "icode"
    .port_info 1 /INPUT 4 "ifun"
    .port_info 2 /INPUT 64 "valA"
    .port_info 3 /INPUT 64 "valB"
    .port_info 4 /INPUT 64 "valC"
    .port_info 5 /OUTPUT 64 "valE"
    .port_info 6 /OUTPUT 1 "cnd"
    .port_info 7 /INPUT 1 "d_com"
    .port_info 8 /OUTPUT 1 "e_com"
v0x564d22815720_0 .var "a", 63 0;
v0x564d22816720_0 .var "b", 63 0;
v0x564d22850210_0 .var "cc", 2 0;
v0x564d228502d0_0 .var "cnd", 0 0;
v0x564d22850390_0 .net "d_com", 0 0, v0x564d22850d60_0;  1 drivers
v0x564d228504a0_0 .var "e_com", 0 0;
v0x564d22850560_0 .var "fun", 2 0;
v0x564d22850640_0 .net "icode", 3 0, v0x564d22850f30_0;  1 drivers
v0x564d22850720_0 .net "ifun", 3 0, v0x564d22851000_0;  1 drivers
v0x564d22850800_0 .net "valA", 63 0, v0x564d228510a0_0;  1 drivers
v0x564d228508e0_0 .net "valB", 63 0, v0x564d22851170_0;  1 drivers
v0x564d228509c0_0 .net "valC", 63 0, v0x564d22851240_0;  1 drivers
v0x564d22850aa0_0 .var "valE", 63 0;
E_0x564d22818570 .event posedge, v0x564d22850390_0;
    .scope S_0x564d22829d80;
T_0 ;
    %pushi/vec4 0, 0, 1;
    %ix/load 4, 0, 0;
    %flag_set/imm 4, 0;
    %store/vec4 v0x564d22850210_0, 4, 1;
    %pushi/vec4 0, 0, 1;
    %ix/load 4, 1, 0;
    %flag_set/imm 4, 0;
    %store/vec4 v0x564d22850210_0, 4, 1;
    %pushi/vec4 0, 0, 1;
    %ix/load 4, 2, 0;
    %flag_set/imm 4, 0;
    %store/vec4 v0x564d22850210_0, 4, 1;
    %end;
    .thread T_0;
    .scope S_0x564d22829d80;
T_1 ;
    %wait E_0x564d22818570;
    %pushi/vec4 0, 0, 1;
    %store/vec4 v0x564d228504a0_0, 0, 1;
    %load/vec4 v0x564d22850640_0;
    %pad/u 32;
    %cmpi/e 2, 0, 32;
    %flag_mov 8, 4;
    %load/vec4 v0x564d22850640_0;
    %pad/u 32;
    %cmpi/e 6, 0, 32;
    %flag_or 4, 8;
    %jmp/0xz  T_1.0, 4;
    %load/vec4 v0x564d22850800_0;
    %store/vec4 v0x564d22815720_0, 0, 64;
    %jmp T_1.1;
T_1.0 ;
    %load/vec4 v0x564d22850640_0;
    %pad/u 32;
    %cmpi/e 3, 0, 32;
    %flag_mov 8, 4;
    %load/vec4 v0x564d22850640_0;
    %pad/u 32;
    %cmpi/e 4, 0, 32;
    %flag_or 4, 8;
    %flag_mov 8, 4;
    %load/vec4 v0x564d22850640_0;
    %pad/u 32;
    %cmpi/e 5, 0, 32;
    %flag_or 4, 8;
    %jmp/0xz  T_1.2, 4;
    %load/vec4 v0x564d228509c0_0;
    %store/vec4 v0x564d22815720_0, 0, 64;
    %jmp T_1.3;
T_1.2 ;
    %load/vec4 v0x564d22850640_0;
    %pad/u 32;
    %cmpi/e 8, 0, 32;
    %flag_mov 8, 4;
    %load/vec4 v0x564d22850640_0;
    %pad/u 32;
    %cmpi/e 10, 0, 32;
    %flag_or 4, 8;
    %jmp/0xz  T_1.4, 4;
    %pushi/vec4 4294967295, 0, 32;
    %concati/vec4 4294967295, 0, 32;
    %store/vec4 v0x564d22815720_0, 0, 64;
    %jmp T_1.5;
T_1.4 ;
    %load/vec4 v0x564d22850640_0;
    %pad/u 32;
    %cmpi/e 9, 0, 32;
    %flag_mov 8, 4;
    %load/vec4 v0x564d22850640_0;
    %pad/u 32;
    %cmpi/e 11, 0, 32;
    %flag_or 4, 8;
    %jmp/0xz  T_1.6, 4;
    %pushi/vec4 1, 0, 64;
    %store/vec4 v0x564d22815720_0, 0, 64;
T_1.6 ;
T_1.5 ;
T_1.3 ;
T_1.1 ;
    %load/vec4 v0x564d22850640_0;
    %pad/u 32;
    %cmpi/e 3, 0, 32;
    %flag_mov 8, 4;
    %load/vec4 v0x564d22850640_0;
    %pad/u 32;
    %cmpi/e 2, 0, 32;
    %flag_or 4, 8;
    %jmp/0xz  T_1.8, 4;
    %pushi/vec4 0, 0, 64;
    %store/vec4 v0x564d22816720_0, 0, 64;
    %jmp T_1.9;
T_1.8 ;
    %load/vec4 v0x564d22850640_0;
    %pad/u 32;
    %cmpi/e 4, 0, 32;
    %flag_mov 8, 4;
    %load/vec4 v0x564d22850640_0;
    %pad/u 32;
    %cmpi/e 5, 0, 32;
    %flag_or 4, 8;
    %flag_mov 8, 4;
    %load/vec4 v0x564d22850640_0;
    %pad/u 32;
    %cmpi/e 6, 0, 32;
    %flag_or 4, 8;
    %flag_mov 8, 4;
    %load/vec4 v0x564d22850640_0;
    %pad/u 32;
    %cmpi/e 8, 0, 32;
    %flag_or 4, 8;
    %flag_mov 8, 4;
    %load/vec4 v0x564d22850640_0;
    %pad/u 32;
    %cmpi/e 10, 0, 32;
    %flag_or 4, 8;
    %jmp/0xz  T_1.10, 4;
    %load/vec4 v0x564d228508e0_0;
    %store/vec4 v0x564d22816720_0, 0, 64;
    %jmp T_1.11;
T_1.10 ;
    %load/vec4 v0x564d22850640_0;
    %pad/u 32;
    %cmpi/e 9, 0, 32;
    %flag_mov 8, 4;
    %load/vec4 v0x564d22850640_0;
    %pad/u 32;
    %cmpi/e 11, 0, 32;
    %flag_or 4, 8;
    %jmp/0xz  T_1.12, 4;
    %load/vec4 v0x564d22850800_0;
    %store/vec4 v0x564d22816720_0, 0, 64;
T_1.12 ;
T_1.11 ;
T_1.9 ;
    %load/vec4 v0x564d22850640_0;
    %pad/u 32;
    %cmpi/e 6, 0, 32;
    %jmp/0xz  T_1.14, 4;
    %load/vec4 v0x564d22850720_0;
    %pad/u 3;
    %store/vec4 v0x564d22850560_0, 0, 3;
    %jmp T_1.15;
T_1.14 ;
    %load/vec4 v0x564d22850640_0;
    %pad/u 32;
    %cmpi/e 2, 0, 32;
    %flag_mov 8, 4;
    %load/vec4 v0x564d22850640_0;
    %pad/u 32;
    %cmpi/e 3, 0, 32;
    %flag_or 4, 8;
    %flag_mov 8, 4;
    %load/vec4 v0x564d22850640_0;
    %pad/u 32;
    %cmpi/e 4, 0, 32;
    %flag_or 4, 8;
    %flag_mov 8, 4;
    %load/vec4 v0x564d22850640_0;
    %pad/u 32;
    %cmpi/e 5, 0, 32;
    %flag_or 4, 8;
    %flag_mov 8, 4;
    %load/vec4 v0x564d22850640_0;
    %pad/u 32;
    %cmpi/e 8, 0, 32;
    %flag_or 4, 8;
    %flag_mov 8, 4;
    %load/vec4 v0x564d22850640_0;
    %pad/u 32;
    %cmpi/e 9, 0, 32;
    %flag_or 4, 8;
    %flag_mov 8, 4;
    %load/vec4 v0x564d22850640_0;
    %pad/u 32;
    %cmpi/e 10, 0, 32;
    %flag_or 4, 8;
    %flag_mov 8, 4;
    %load/vec4 v0x564d22850640_0;
    %pad/u 32;
    %cmpi/e 11, 0, 32;
    %flag_or 4, 8;
    %jmp/0xz  T_1.16, 4;
    %pushi/vec4 0, 0, 3;
    %store/vec4 v0x564d22850560_0, 0, 3;
T_1.16 ;
T_1.15 ;
    %load/vec4 v0x564d22850640_0;
    %pad/u 32;
    %cmpi/e 2, 0, 32;
    %flag_mov 8, 4;
    %load/vec4 v0x564d22850640_0;
    %pad/u 32;
    %cmpi/e 3, 0, 32;
    %flag_or 4, 8;
    %flag_mov 8, 4;
    %load/vec4 v0x564d22850640_0;
    %pad/u 32;
    %cmpi/e 4, 0, 32;
    %flag_or 4, 8;
    %flag_mov 8, 4;
    %load/vec4 v0x564d22850640_0;
    %pad/u 32;
    %cmpi/e 5, 0, 32;
    %flag_or 4, 8;
    %flag_mov 8, 4;
    %load/vec4 v0x564d22850640_0;
    %pad/u 32;
    %cmpi/e 8, 0, 32;
    %flag_or 4, 8;
    %flag_mov 8, 4;
    %load/vec4 v0x564d22850640_0;
    %pad/u 32;
    %cmpi/e 9, 0, 32;
    %flag_or 4, 8;
    %flag_mov 8, 4;
    %load/vec4 v0x564d22850640_0;
    %pad/u 32;
    %cmpi/e 10, 0, 32;
    %flag_or 4, 8;
    %flag_mov 8, 4;
    %load/vec4 v0x564d22850640_0;
    %pad/u 32;
    %cmpi/e 11, 0, 32;
    %flag_or 4, 8;
    %jmp/0xz  T_1.18, 4;
    %load/vec4 v0x564d22815720_0;
    %load/vec4 v0x564d22816720_0;
    %add;
    %store/vec4 v0x564d22850aa0_0, 0, 64;
    %jmp T_1.19;
T_1.18 ;
    %load/vec4 v0x564d22850640_0;
    %pad/u 32;
    %cmpi/e 6, 0, 32;
    %jmp/0xz  T_1.20, 4;
    %pushi/vec4 0, 0, 3;
    %store/vec4 v0x564d22850210_0, 0, 3;
    %load/vec4 v0x564d22850560_0;
    %pad/u 32;
    %cmpi/e 0, 0, 32;
    %jmp/0xz  T_1.22, 4;
    %load/vec4 v0x564d22815720_0;
    %load/vec4 v0x564d22816720_0;
    %add;
    %store/vec4 v0x564d22850aa0_0, 0, 64;
    %load/vec4 v0x564d22850aa0_0;
    %cmpi/e 0, 0, 64;
    %jmp/0xz  T_1.24, 4;
    %pushi/vec4 1, 0, 1;
    %ix/load 4, 0, 0;
    %flag_set/imm 4, 0;
    %store/vec4 v0x564d22850210_0, 4, 1;
T_1.24 ;
    %load/vec4 v0x564d22850aa0_0;
    %parti/s 1, 63, 7;
    %pad/u 32;
    %cmpi/e 1, 0, 32;
    %jmp/0xz  T_1.26, 4;
    %pushi/vec4 1, 0, 1;
    %ix/load 4, 1, 0;
    %flag_set/imm 4, 0;
    %store/vec4 v0x564d22850210_0, 4, 1;
T_1.26 ;
    %load/vec4 v0x564d22850aa0_0;
    %parti/s 1, 63, 7;
    %pad/u 32;
    %pushi/vec4 1, 0, 32;
    %cmp/e;
    %flag_get/vec4 4;
    %load/vec4 v0x564d22815720_0;
    %parti/s 1, 63, 7;
    %pad/u 32;
    %pushi/vec4 0, 0, 32;
    %cmp/e;
    %flag_get/vec4 4;
    %and;
    %load/vec4 v0x564d22816720_0;
    %parti/s 1, 63, 7;
    %pad/u 32;
    %pushi/vec4 0, 0, 32;
    %cmp/e;
    %flag_get/vec4 4;
    %and;
    %flag_set/vec4 8;
    %load/vec4 v0x564d22850aa0_0;
    %parti/s 1, 63, 7;
    %pad/u 32;
    %pushi/vec4 0, 0, 32;
    %cmp/e;
    %flag_get/vec4 4;
    %load/vec4 v0x564d22815720_0;
    %parti/s 1, 63, 7;
    %pad/u 32;
    %pushi/vec4 1, 0, 32;
    %cmp/e;
    %flag_get/vec4 4;
    %and;
    %load/vec4 v0x564d22815720_0;
    %parti/s 1, 63, 7;
    %pad/u 32;
    %pushi/vec4 1, 0, 32;
    %cmp/e;
    %flag_get/vec4 4;
    %and;
    %flag_set/vec4 9;
    %flag_or 9, 8;
    %jmp/0xz  T_1.28, 9;
    %pushi/vec4 1, 0, 1;
    %ix/load 4, 2, 0;
    %flag_set/imm 4, 0;
    %store/vec4 v0x564d22850210_0, 4, 1;
T_1.28 ;
T_1.22 ;
    %load/vec4 v0x564d22850560_0;
    %pad/u 32;
    %cmpi/e 1, 0, 32;
    %jmp/0xz  T_1.30, 4;
    %load/vec4 v0x564d22816720_0;
    %load/vec4 v0x564d22815720_0;
    %inv;
    %pushi/vec4 1, 0, 64;
    %add;
    %add;
    %store/vec4 v0x564d22850aa0_0, 0, 64;
    %load/vec4 v0x564d22850aa0_0;
    %cmpi/e 0, 0, 64;
    %jmp/0xz  T_1.32, 4;
    %pushi/vec4 1, 0, 1;
    %ix/load 4, 0, 0;
    %flag_set/imm 4, 0;
    %store/vec4 v0x564d22850210_0, 4, 1;
T_1.32 ;
    %load/vec4 v0x564d22850aa0_0;
    %parti/s 1, 63, 7;
    %pad/u 32;
    %cmpi/e 1, 0, 32;
    %jmp/0xz  T_1.34, 4;
    %pushi/vec4 1, 0, 1;
    %ix/load 4, 1, 0;
    %flag_set/imm 4, 0;
    %store/vec4 v0x564d22850210_0, 4, 1;
T_1.34 ;
    %load/vec4 v0x564d22850aa0_0;
    %parti/s 1, 63, 7;
    %pad/u 32;
    %pushi/vec4 0, 0, 32;
    %cmp/e;
    %flag_get/vec4 4;
    %load/vec4 v0x564d22815720_0;
    %parti/s 1, 63, 7;
    %pad/u 32;
    %pushi/vec4 0, 0, 32;
    %cmp/e;
    %flag_get/vec4 4;
    %and;
    %load/vec4 v0x564d22816720_0;
    %parti/s 1, 63, 7;
    %pad/u 32;
    %pushi/vec4 1, 0, 32;
    %cmp/e;
    %flag_get/vec4 4;
    %and;
    %flag_set/vec4 8;
    %load/vec4 v0x564d22850aa0_0;
    %parti/s 1, 63, 7;
    %pad/u 32;
    %pushi/vec4 1, 0, 32;
    %cmp/e;
    %flag_get/vec4 4;
    %load/vec4 v0x564d22815720_0;
    %parti/s 1, 63, 7;
    %pad/u 32;
    %pushi/vec4 1, 0, 32;
    %cmp/e;
    %flag_get/vec4 4;
    %and;
    %load/vec4 v0x564d22816720_0;
    %parti/s 1, 63, 7;
    %pad/u 32;
    %pushi/vec4 0, 0, 32;
    %cmp/e;
    %flag_get/vec4 4;
    %and;
    %flag_set/vec4 9;
    %flag_or 9, 8;
    %jmp/0xz  T_1.36, 9;
    %pushi/vec4 1, 0, 1;
    %ix/load 4, 2, 0;
    %flag_set/imm 4, 0;
    %store/vec4 v0x564d22850210_0, 4, 1;
T_1.36 ;
T_1.30 ;
    %load/vec4 v0x564d22850560_0;
    %pad/u 32;
    %cmpi/e 2, 0, 32;
    %jmp/0xz  T_1.38, 4;
    %load/vec4 v0x564d22816720_0;
    %load/vec4 v0x564d22815720_0;
    %and;
    %store/vec4 v0x564d22850aa0_0, 0, 64;
    %load/vec4 v0x564d22850aa0_0;
    %cmpi/e 0, 0, 64;
    %jmp/0xz  T_1.40, 4;
    %pushi/vec4 1, 0, 1;
    %ix/load 4, 0, 0;
    %flag_set/imm 4, 0;
    %store/vec4 v0x564d22850210_0, 4, 1;
T_1.40 ;
T_1.38 ;
    %load/vec4 v0x564d22850560_0;
    %pad/u 32;
    %cmpi/e 3, 0, 32;
    %jmp/0xz  T_1.42, 4;
    %load/vec4 v0x564d22816720_0;
    %load/vec4 v0x564d22815720_0;
    %xor;
    %store/vec4 v0x564d22850aa0_0, 0, 64;
    %load/vec4 v0x564d22850aa0_0;
    %cmpi/e 0, 0, 64;
    %jmp/0xz  T_1.44, 4;
    %pushi/vec4 1, 0, 1;
    %ix/load 4, 0, 0;
    %flag_set/imm 4, 0;
    %store/vec4 v0x564d22850210_0, 4, 1;
T_1.44 ;
T_1.42 ;
T_1.20 ;
T_1.19 ;
    %load/vec4 v0x564d22850640_0;
    %pad/u 32;
    %cmpi/e 7, 0, 32;
    %flag_mov 8, 4;
    %load/vec4 v0x564d22850640_0;
    %pad/u 32;
    %cmpi/e 2, 0, 32;
    %flag_or 4, 8;
    %jmp/0xz  T_1.46, 4;
    %pushi/vec4 0, 0, 1;
    %store/vec4 v0x564d228502d0_0, 0, 1;
    %load/vec4 v0x564d22850720_0;
    %pad/u 32;
    %cmpi/e 0, 0, 32;
    %jmp/0xz  T_1.48, 4;
    %pushi/vec4 1, 0, 1;
    %store/vec4 v0x564d228502d0_0, 0, 1;
    %jmp T_1.49;
T_1.48 ;
    %load/vec4 v0x564d22850720_0;
    %pad/u 32;
    %pushi/vec4 1, 0, 32;
    %cmp/e;
    %flag_get/vec4 4;
    %load/vec4 v0x564d22850210_0;
    %parti/s 1, 0, 2;
    %pad/u 32;
    %load/vec4 v0x564d22850210_0;
    %parti/s 1, 1, 2;
    %pad/u 32;
    %load/vec4 v0x564d22850210_0;
    %parti/s 1, 2, 3;
    %pad/u 32;
    %xor;
    %or;
    %pushi/vec4 1, 0, 32;
    %cmp/e;
    %flag_get/vec4 4;
    %and;
    %flag_set/vec4 8;
    %jmp/0xz  T_1.50, 8;
    %pushi/vec4 1, 0, 1;
    %store/vec4 v0x564d228502d0_0, 0, 1;
    %jmp T_1.51;
T_1.50 ;
    %load/vec4 v0x564d22850720_0;
    %pad/u 32;
    %pushi/vec4 2, 0, 32;
    %cmp/e;
    %flag_get/vec4 4;
    %load/vec4 v0x564d22850210_0;
    %parti/s 1, 1, 2;
    %load/vec4 v0x564d22850210_0;
    %parti/s 1, 2, 3;
    %pad/u 32;
    %pushi/vec4 1, 0, 32;
    %cmp/e;
    %flag_get/vec4 4;
    %xor;
    %and;
    %flag_set/vec4 8;
    %jmp/0xz  T_1.52, 8;
    %pushi/vec4 1, 0, 1;
    %store/vec4 v0x564d228502d0_0, 0, 1;
    %jmp T_1.53;
T_1.52 ;
    %load/vec4 v0x564d22850720_0;
    %pad/u 32;
    %pushi/vec4 3, 0, 32;
    %cmp/e;
    %flag_get/vec4 4;
    %load/vec4 v0x564d22850210_0;
    %parti/s 1, 0, 2;
    %pad/u 32;
    %pushi/vec4 1, 0, 32;
    %cmp/e;
    %flag_get/vec4 4;
    %and;
    %flag_set/vec4 8;
    %jmp/0xz  T_1.54, 8;
    %pushi/vec4 1, 0, 1;
    %store/vec4 v0x564d228502d0_0, 0, 1;
    %jmp T_1.55;
T_1.54 ;
    %load/vec4 v0x564d22850720_0;
    %pad/u 32;
    %pushi/vec4 4, 0, 32;
    %cmp/e;
    %flag_get/vec4 4;
    %load/vec4 v0x564d22850210_0;
    %parti/s 1, 0, 2;
    %pad/u 32;
    %pushi/vec4 0, 0, 32;
    %cmp/e;
    %flag_get/vec4 4;
    %and;
    %flag_set/vec4 8;
    %jmp/0xz  T_1.56, 8;
    %pushi/vec4 1, 0, 1;
    %store/vec4 v0x564d228502d0_0, 0, 1;
    %jmp T_1.57;
T_1.56 ;
    %load/vec4 v0x564d22850720_0;
    %pad/u 32;
    %pushi/vec4 5, 0, 32;
    %cmp/e;
    %flag_get/vec4 4;
    %load/vec4 v0x564d22850210_0;
    %parti/s 1, 0, 2;
    %pad/u 32;
    %pushi/vec4 1, 0, 32;
    %cmp/e;
    %flag_get/vec4 4;
    %load/vec4 v0x564d22850210_0;
    %parti/s 1, 1, 2;
    %load/vec4 v0x564d22850210_0;
    %parti/s 1, 2, 3;
    %pad/u 32;
    %pushi/vec4 0, 0, 32;
    %cmp/e;
    %flag_get/vec4 4;
    %xor;
    %or;
    %and;
    %flag_set/vec4 8;
    %jmp/0xz  T_1.58, 8;
    %pushi/vec4 1, 0, 1;
    %store/vec4 v0x564d228502d0_0, 0, 1;
    %jmp T_1.59;
T_1.58 ;
    %load/vec4 v0x564d22850720_0;
    %pad/u 32;
    %pushi/vec4 6, 0, 32;
    %cmp/e;
    %flag_get/vec4 4;
    %load/vec4 v0x564d22850210_0;
    %parti/s 1, 1, 2;
    %load/vec4 v0x564d22850210_0;
    %parti/s 1, 2, 3;
    %pad/u 32;
    %pushi/vec4 0, 0, 32;
    %cmp/e;
    %flag_get/vec4 4;
    %xor;
    %and;
    %load/vec4 v0x564d22850210_0;
    %parti/s 1, 0, 2;
    %pad/u 32;
    %pushi/vec4 0, 0, 32;
    %cmp/e;
    %flag_get/vec4 4;
    %and;
    %flag_set/vec4 8;
    %jmp/0xz  T_1.60, 8;
    %pushi/vec4 1, 0, 1;
    %store/vec4 v0x564d228502d0_0, 0, 1;
T_1.60 ;
T_1.59 ;
T_1.57 ;
T_1.55 ;
T_1.53 ;
T_1.51 ;
T_1.49 ;
T_1.46 ;
    %vpi_call 3 119 "$display", "Execute -- icode - %h ,ifun - %h, valA - %d, valB -%d, valC - %d, valE - %d, over,neg,zero - %b", v0x564d22850640_0, v0x564d22850720_0, v0x564d22850800_0, v0x564d228508e0_0, v0x564d228509c0_0, v0x564d22850aa0_0, v0x564d22850210_0 {0 0 0};
    %pushi/vec4 1, 0, 1;
    %store/vec4 v0x564d228504a0_0, 0, 1;
    %jmp T_1;
    .thread T_1;
    .scope S_0x564d22829c00;
T_2 ;
    %vpi_call 2 17 "$monitor", "icode - %d, ifun - %d, valA  = %b, valB = %b valC = %d, valE = %b,cnd = %d", v0x564d22850f30_0, v0x564d22851000_0, v0x564d228510a0_0, v0x564d22851170_0, v0x564d22851240_0, v0x564d22851310_0, v0x564d22850ca0_0 {0 0 0};
    %pushi/vec4 0, 0, 1;
    %store/vec4 v0x564d22850d60_0, 0, 1;
    %pushi/vec4 6, 0, 4;
    %store/vec4 v0x564d22850f30_0, 0, 4;
    %pushi/vec4 0, 0, 4;
    %store/vec4 v0x564d22851000_0, 0, 4;
    %pushi/vec4 1, 0, 64;
    %store/vec4 v0x564d228510a0_0, 0, 64;
    %pushi/vec4 7, 0, 64;
    %store/vec4 v0x564d22851170_0, 0, 64;
    %pushi/vec4 0, 0, 64;
    %store/vec4 v0x564d22851240_0, 0, 64;
    %pushi/vec4 1, 0, 1;
    %store/vec4 v0x564d22850d60_0, 0, 1;
    %delay 10000, 0;
    %pushi/vec4 0, 0, 1;
    %store/vec4 v0x564d22850d60_0, 0, 1;
    %pushi/vec4 6, 0, 4;
    %store/vec4 v0x564d22850f30_0, 0, 4;
    %pushi/vec4 0, 0, 4;
    %store/vec4 v0x564d22851000_0, 0, 4;
    %pushi/vec4 2147483648, 0, 32;
    %concati/vec4 1, 0, 32;
    %store/vec4 v0x564d228510a0_0, 0, 64;
    %pushi/vec4 4294967295, 0, 32;
    %concati/vec4 4294967294, 0, 32;
    %store/vec4 v0x564d22851170_0, 0, 64;
    %pushi/vec4 0, 0, 64;
    %store/vec4 v0x564d22851240_0, 0, 64;
    %pushi/vec4 1, 0, 1;
    %store/vec4 v0x564d22850d60_0, 0, 1;
    %delay 10000, 0;
    %end;
    .thread T_2;
# The file index is used to find the file name in the following table.
:file_names 4;
    "N/A";
    "<interactive>";
    "alu_tb.v";
    "./alu.v";
