#! /usr/bin/vvp
:ivl_version "10.3 (stable)";
:ivl_delay_selection "TYPICAL";
:vpi_time_precision - 12;
:vpi_module "system";
:vpi_module "vhdl_sys";
:vpi_module "v2005_math";
:vpi_module "va_math";
S_0x56378aa3d460 .scope module, "decode_tb" "decode_tb" 2 5;
 .timescale -9 -12;
P_0x56378aa3d5e0 .param/l "stop_time" 0 2 29, +C4<00000000000000000000011111010000>;
v0x56378aa74580_0 .net "D", 144 0, v0x56378aa71120_0;  1 drivers
v0x56378aa74690_0 .net "E", 216 0, v0x56378aa73470_0;  1 drivers
v0x56378aa74760_0 .var "M_cnd", 0 0;
v0x56378aa74880_0 .var "M_dstE", 3 0;
v0x56378aa74920_0 .var "M_dstM", 3 0;
v0x56378aa74a10_0 .var "M_icode", 3 0;
v0x56378aa74b00_0 .var "M_valA", 63 0;
v0x56378aa74bf0_0 .var "M_valE", 63 0;
v0x56378aa74cb0_0 .var "W_dstE", 3 0;
v0x56378aa74d50_0 .var "W_dstM", 3 0;
v0x56378aa74e20_0 .var "W_icode", 3 0;
v0x56378aa74ec0_0 .var "W_valE", 63 0;
v0x56378aa74f80_0 .var "W_valM", 63 0;
v0x56378aa75020_0 .var "clk", 0 0;
v0x56378aa75110_0 .var "dec_rgstr", 144 0;
v0x56378aa751d0_0 .var "e_dstE", 3 0;
v0x56378aa75290_0 .var "e_valE", 63 0;
v0x56378aa75470_0 .var "exec_rgstr", 216 0;
v0x56378aa75530_0 .var "m_valM", 63 0;
E_0x56378aa14dc0 .event edge, v0x56378aa71120_0, v0x56378aa73470_0;
S_0x56378aa1cc00 .scope module, "call1" "fetch" 2 25, 3 3 0, S_0x56378aa3d460;
 .timescale -9 -12;
    .port_info 0 /INPUT 1 "clk"
    .port_info 1 /INPUT 4 "M_icode"
    .port_info 2 /INPUT 1 "M_cnd"
    .port_info 3 /INPUT 64 "M_valA"
    .port_info 4 /INPUT 4 "W_icode"
    .port_info 5 /INPUT 64 "W_valM"
    .port_info 6 /OUTPUT 145 "D"
v0x56378aa71120_0 .var "D", 144 0;
v0x56378aa71220_0 .net "M_cnd", 0 0, v0x56378aa74760_0;  1 drivers
v0x56378aa712e0_0 .net "M_icode", 3 0, v0x56378aa74a10_0;  1 drivers
v0x56378aa71380_0 .net "M_valA", 63 0, v0x56378aa74b00_0;  1 drivers
v0x56378aa71420_0 .net "W_icode", 3 0, v0x56378aa74e20_0;  1 drivers
v0x56378aa71510_0 .net "W_valM", 63 0, v0x56378aa74f80_0;  1 drivers
v0x56378aa715e0_0 .net "clk", 0 0, v0x56378aa75020_0;  1 drivers
v0x56378aa71680_0 .net "f_pc", 63 0, v0x56378aa70e80_0;  1 drivers
v0x56378aa71750 .array "i_mem", 12 0, 7 0;
v0x56378aa717f0_0 .var "icode", 3 0;
v0x56378aa718b0_0 .var "ifun", 3 0;
v0x56378aa71990_0 .var "imem_error", 0 0;
v0x56378aa71a50_0 .var "instr_valid", 0 0;
v0x56378aa71b10_0 .var "predPC", 63 0;
v0x56378aa71c00_0 .var "rA", 3 0;
v0x56378aa71cc0_0 .var "rB", 3 0;
v0x56378aa71da0_0 .var "stat", 0 0;
v0x56378aa71e60_0 .var "valC", 63 0;
E_0x56378aa15d90 .event posedge, v0x56378aa715e0_0;
S_0x56378aa1ce80 .scope module, "pcselect" "selectPC" 3 28, 3 113 0, S_0x56378aa1cc00;
 .timescale -9 -12;
    .port_info 0 /INPUT 4 "M_icode"
    .port_info 1 /INPUT 1 "M_cnd"
    .port_info 2 /INPUT 64 "M_valA"
    .port_info 3 /INPUT 4 "W_icode"
    .port_info 4 /INPUT 64 "W_valM"
    .port_info 5 /INPUT 64 "predPC"
    .port_info 6 /OUTPUT 64 "f_pc"
v0x56378aa50aa0_0 .net "M_cnd", 0 0, v0x56378aa74760_0;  alias, 1 drivers
v0x56378aa4c9c0_0 .net "M_icode", 3 0, v0x56378aa74a10_0;  alias, 1 drivers
v0x56378aa4bb50_0 .net "M_valA", 63 0, v0x56378aa74b00_0;  alias, 1 drivers
v0x56378aa4a400_0 .net "W_icode", 3 0, v0x56378aa74e20_0;  alias, 1 drivers
v0x56378aa70d50_0 .net "W_valM", 63 0, v0x56378aa74f80_0;  alias, 1 drivers
v0x56378aa70e80_0 .var "f_pc", 63 0;
v0x56378aa70f60_0 .net "predPC", 63 0, v0x56378aa71b10_0;  1 drivers
E_0x56378aa52c80/0 .event edge, v0x56378aa4c9c0_0, v0x56378aa50aa0_0, v0x56378aa4bb50_0, v0x56378aa4a400_0;
E_0x56378aa52c80/1 .event edge, v0x56378aa70d50_0, v0x56378aa70f60_0;
E_0x56378aa52c80 .event/or E_0x56378aa52c80/0, E_0x56378aa52c80/1;
S_0x56378aa72020 .scope module, "decode_p" "decode" 2 27, 4 3 0, S_0x56378aa3d460;
 .timescale -9 -12;
    .port_info 0 /INPUT 145 "D"
    .port_info 1 /INPUT 1 "clk"
    .port_info 2 /INPUT 4 "e_dstE"
    .port_info 3 /INPUT 64 "e_valE"
    .port_info 4 /INPUT 4 "M_dstE"
    .port_info 5 /INPUT 64 "M_valE"
    .port_info 6 /INPUT 4 "M_dstM"
    .port_info 7 /INPUT 64 "m_valM"
    .port_info 8 /INPUT 4 "W_dstE"
    .port_info 9 /INPUT 64 "W_valE"
    .port_info 10 /INPUT 4 "W_dstM"
    .port_info 11 /INPUT 64 "W_valM"
    .port_info 12 /OUTPUT 217 "E"
v0x56378aa733b0_0 .net "D", 144 0, v0x56378aa75110_0;  1 drivers
v0x56378aa73470_0 .var "E", 216 0;
v0x56378aa73550_0 .net "M_dstE", 3 0, v0x56378aa74880_0;  1 drivers
v0x56378aa73610_0 .net "M_dstM", 3 0, v0x56378aa74920_0;  1 drivers
v0x56378aa736f0_0 .net "M_valE", 63 0, v0x56378aa74bf0_0;  1 drivers
v0x56378aa737d0_0 .net "W_dstE", 3 0, v0x56378aa74cb0_0;  1 drivers
v0x56378aa738b0_0 .net "W_dstM", 3 0, v0x56378aa74d50_0;  1 drivers
v0x56378aa73990_0 .net "W_valE", 63 0, v0x56378aa74ec0_0;  1 drivers
v0x56378aa73a70_0 .net "W_valM", 63 0, v0x56378aa74f80_0;  alias, 1 drivers
v0x56378aa73b30_0 .net "clk", 0 0, v0x56378aa75020_0;  alias, 1 drivers
v0x56378aa73bd0_0 .net "dstE", 3 0, v0x56378aa72630_0;  1 drivers
v0x56378aa73c70_0 .net "dstM", 3 0, v0x56378aa72a50_0;  1 drivers
v0x56378aa73d40_0 .net "e_dstE", 3 0, v0x56378aa751d0_0;  1 drivers
v0x56378aa73e00_0 .net "e_valE", 63 0, v0x56378aa75290_0;  1 drivers
v0x56378aa73ee0_0 .net "m_valM", 63 0, v0x56378aa75530_0;  1 drivers
v0x56378aa73fc0 .array "reg_file", 15 0, 63 0;
v0x56378aa74080_0 .net "srcA", 3 0, v0x56378aa72e80_0;  1 drivers
v0x56378aa74170_0 .net "srcB", 3 0, v0x56378aa73270_0;  1 drivers
v0x56378aa74240_0 .var "valA", 63 0;
v0x56378aa74300_0 .var "valB", 63 0;
S_0x56378aa72300 .scope module, "dst_E" "dstElogic" 4 17, 4 63 0, S_0x56378aa72020;
 .timescale -9 -12;
    .port_info 0 /INPUT 145 "D"
    .port_info 1 /OUTPUT 4 "dstE"
v0x56378aa72530_0 .net "D", 144 0, v0x56378aa75110_0;  alias, 1 drivers
v0x56378aa72630_0 .var "dstE", 3 0;
E_0x56378aa3b310 .event edge, v0x56378aa72530_0;
S_0x56378aa72770 .scope module, "dst_M" "dstMlogic" 4 18, 4 73 0, S_0x56378aa72020;
 .timescale -9 -12;
    .port_info 0 /INPUT 145 "D"
    .port_info 1 /OUTPUT 4 "dstM"
v0x56378aa72940_0 .net "D", 144 0, v0x56378aa75110_0;  alias, 1 drivers
v0x56378aa72a50_0 .var "dstM", 3 0;
S_0x56378aa72b70 .scope module, "src_A" "srcAlogic" 4 19, 4 82 0, S_0x56378aa72020;
 .timescale -9 -12;
    .port_info 0 /INPUT 145 "D"
    .port_info 1 /OUTPUT 4 "srcA"
v0x56378aa72d70_0 .net "D", 144 0, v0x56378aa75110_0;  alias, 1 drivers
v0x56378aa72e80_0 .var "srcA", 3 0;
S_0x56378aa72fc0 .scope module, "src_B" "srcBlogic" 4 20, 4 92 0, S_0x56378aa72020;
 .timescale -9 -12;
    .port_info 0 /INPUT 145 "D"
    .port_info 1 /OUTPUT 4 "srcB"
v0x56378aa73190_0 .net "D", 144 0, v0x56378aa75110_0;  alias, 1 drivers
v0x56378aa73270_0 .var "srcB", 3 0;
    .scope S_0x56378aa1ce80;
T_0 ;
    %pushi/vec4 0, 0, 64;
    %store/vec4 v0x56378aa70e80_0, 0, 64;
    %end;
    .thread T_0;
    .scope S_0x56378aa1ce80;
T_1 ;
    %wait E_0x56378aa52c80;
    %load/vec4 v0x56378aa4c9c0_0;
    %pad/u 32;
    %pushi/vec4 7, 0, 32;
    %cmp/e;
    %flag_get/vec4 4;
    %load/vec4 v0x56378aa50aa0_0;
    %nor/r;
    %and;
    %flag_set/vec4 8;
    %jmp/0xz  T_1.0, 8;
    %load/vec4 v0x56378aa4bb50_0;
    %store/vec4 v0x56378aa70e80_0, 0, 64;
    %jmp T_1.1;
T_1.0 ;
    %load/vec4 v0x56378aa4a400_0;
    %pad/u 32;
    %cmpi/e 9, 0, 32;
    %jmp/0xz  T_1.2, 4;
    %load/vec4 v0x56378aa70d50_0;
    %store/vec4 v0x56378aa70e80_0, 0, 64;
    %jmp T_1.3;
T_1.2 ;
    %load/vec4 v0x56378aa70f60_0;
    %store/vec4 v0x56378aa70e80_0, 0, 64;
T_1.3 ;
T_1.1 ;
    %jmp T_1;
    .thread T_1, $push;
    .scope S_0x56378aa1cc00;
T_2 ;
    %pushi/vec4 1, 0, 1;
    %store/vec4 v0x56378aa71a50_0, 0, 1;
    %pushi/vec4 0, 0, 1;
    %store/vec4 v0x56378aa71990_0, 0, 1;
    %pushi/vec4 0, 0, 64;
    %store/vec4 v0x56378aa71b10_0, 0, 64;
    %end;
    .thread T_2;
    .scope S_0x56378aa1cc00;
T_3 ;
    %vpi_call 3 10 "$readmemh", "instr_mem.txt", v0x56378aa71750 {0 0 0};
    %end;
    .thread T_3;
    .scope S_0x56378aa1cc00;
T_4 ;
    %wait E_0x56378aa15d90;
    %pushi/vec4 15, 0, 4;
    %store/vec4 v0x56378aa71c00_0, 0, 4;
    %pushi/vec4 15, 0, 4;
    %store/vec4 v0x56378aa71cc0_0, 0, 4;
    %load/vec4 v0x56378aa71680_0;
    %store/vec4 v0x56378aa71b10_0, 0, 64;
    %pushi/vec4 200, 0, 64;
    %load/vec4 v0x56378aa71680_0;
    %cmp/u;
    %jmp/0xz  T_4.0, 5;
    %pushi/vec4 1, 0, 1;
    %store/vec4 v0x56378aa71990_0, 0, 1;
    %jmp T_4.1;
T_4.0 ;
    %pushi/vec4 11, 0, 32;
    %ix/getv 4, v0x56378aa71680_0;
    %load/vec4a v0x56378aa71750, 4;
    %parti/s 4, 4, 4;
    %pad/u 32;
    %cmp/u;
    %jmp/0xz  T_4.2, 5;
    %pushi/vec4 0, 0, 1;
    %store/vec4 v0x56378aa71a50_0, 0, 1;
T_4.2 ;
    %ix/getv 4, v0x56378aa71680_0;
    %load/vec4a v0x56378aa71750, 4;
    %parti/s 4, 0, 2;
    %store/vec4 v0x56378aa718b0_0, 0, 4;
    %ix/getv 4, v0x56378aa71680_0;
    %load/vec4a v0x56378aa71750, 4;
    %parti/s 4, 4, 4;
    %store/vec4 v0x56378aa717f0_0, 0, 4;
    %load/vec4 v0x56378aa71b10_0;
    %addi 1, 0, 64;
    %store/vec4 v0x56378aa71b10_0, 0, 64;
    %ix/getv 4, v0x56378aa71680_0;
    %load/vec4a v0x56378aa71750, 4;
    %parti/s 4, 4, 4;
    %pad/u 32;
    %cmpi/e 2, 0, 32;
    %flag_mov 8, 4;
    %ix/getv 4, v0x56378aa71680_0;
    %load/vec4a v0x56378aa71750, 4;
    %parti/s 4, 4, 4;
    %pad/u 32;
    %cmpi/e 3, 0, 32;
    %flag_or 4, 8;
    %flag_mov 8, 4;
    %ix/getv 4, v0x56378aa71680_0;
    %load/vec4a v0x56378aa71750, 4;
    %parti/s 4, 4, 4;
    %pad/u 32;
    %cmpi/e 4, 0, 32;
    %flag_or 4, 8;
    %flag_mov 8, 4;
    %ix/getv 4, v0x56378aa71680_0;
    %load/vec4a v0x56378aa71750, 4;
    %parti/s 4, 4, 4;
    %pad/u 32;
    %cmpi/e 5, 0, 32;
    %flag_or 4, 8;
    %flag_mov 8, 4;
    %ix/getv 4, v0x56378aa71680_0;
    %load/vec4a v0x56378aa71750, 4;
    %parti/s 4, 4, 4;
    %pad/u 32;
    %cmpi/e 6, 0, 32;
    %flag_or 4, 8;
    %flag_mov 8, 4;
    %ix/getv 4, v0x56378aa71680_0;
    %load/vec4a v0x56378aa71750, 4;
    %parti/s 4, 4, 4;
    %pad/u 32;
    %cmpi/e 10, 0, 32;
    %flag_or 4, 8;
    %flag_mov 8, 4;
    %ix/getv 4, v0x56378aa71680_0;
    %load/vec4a v0x56378aa71750, 4;
    %pad/u 32;
    %cmpi/e 11, 0, 32;
    %flag_or 4, 8;
    %jmp/0xz  T_4.4, 4;
    %load/vec4 v0x56378aa71b10_0;
    %addi 1, 0, 64;
    %store/vec4 v0x56378aa71b10_0, 0, 64;
    %ix/getv 4, v0x56378aa71680_0;
    %load/vec4a v0x56378aa71750, 4;
    %parti/s 4, 4, 4;
    %pad/u 32;
    %cmpi/e 3, 0, 32;
    %jmp/0xz  T_4.6, 4;
    %pushi/vec4 15, 0, 4;
    %store/vec4 v0x56378aa71c00_0, 0, 4;
    %load/vec4 v0x56378aa71680_0;
    %pad/u 65;
    %addi 1, 0, 65;
    %ix/vec4 4;
    %load/vec4a v0x56378aa71750, 4;
    %parti/s 4, 0, 2;
    %store/vec4 v0x56378aa71cc0_0, 0, 4;
    %jmp T_4.7;
T_4.6 ;
    %ix/getv 4, v0x56378aa71680_0;
    %load/vec4a v0x56378aa71750, 4;
    %parti/s 4, 4, 4;
    %pad/u 32;
    %cmpi/e 10, 0, 32;
    %flag_mov 8, 4;
    %ix/getv 4, v0x56378aa71680_0;
    %load/vec4a v0x56378aa71750, 4;
    %parti/s 4, 4, 4;
    %pad/u 32;
    %cmpi/e 11, 0, 32;
    %flag_or 4, 8;
    %jmp/0xz  T_4.8, 4;
    %pushi/vec4 15, 0, 4;
    %store/vec4 v0x56378aa71cc0_0, 0, 4;
    %load/vec4 v0x56378aa71680_0;
    %pad/u 65;
    %addi 1, 0, 65;
    %ix/vec4 4;
    %load/vec4a v0x56378aa71750, 4;
    %parti/s 4, 4, 4;
    %store/vec4 v0x56378aa71c00_0, 0, 4;
    %jmp T_4.9;
T_4.8 ;
    %load/vec4 v0x56378aa71680_0;
    %pad/u 65;
    %addi 1, 0, 65;
    %ix/vec4 4;
    %load/vec4a v0x56378aa71750, 4;
    %parti/s 4, 4, 4;
    %store/vec4 v0x56378aa71c00_0, 0, 4;
    %load/vec4 v0x56378aa71680_0;
    %pad/u 65;
    %addi 1, 0, 65;
    %ix/vec4 4;
    %load/vec4a v0x56378aa71750, 4;
    %parti/s 4, 0, 2;
    %store/vec4 v0x56378aa71cc0_0, 0, 4;
T_4.9 ;
T_4.7 ;
T_4.4 ;
    %ix/getv 4, v0x56378aa71680_0;
    %load/vec4a v0x56378aa71750, 4;
    %parti/s 4, 4, 4;
    %pad/u 32;
    %cmpi/e 3, 0, 32;
    %flag_mov 8, 4;
    %ix/getv 4, v0x56378aa71680_0;
    %load/vec4a v0x56378aa71750, 4;
    %parti/s 4, 4, 4;
    %pad/u 32;
    %cmpi/e 4, 0, 32;
    %flag_or 4, 8;
    %flag_mov 8, 4;
    %ix/getv 4, v0x56378aa71680_0;
    %load/vec4a v0x56378aa71750, 4;
    %parti/s 4, 4, 4;
    %pad/u 32;
    %cmpi/e 5, 0, 32;
    %flag_or 4, 8;
    %flag_mov 8, 4;
    %ix/getv 4, v0x56378aa71680_0;
    %load/vec4a v0x56378aa71750, 4;
    %parti/s 4, 4, 4;
    %pad/u 32;
    %cmpi/e 7, 0, 32;
    %flag_or 4, 8;
    %flag_mov 8, 4;
    %ix/getv 4, v0x56378aa71680_0;
    %load/vec4a v0x56378aa71750, 4;
    %parti/s 4, 4, 4;
    %pad/u 32;
    %cmpi/e 8, 0, 32;
    %flag_or 4, 8;
    %jmp/0xz  T_4.10, 4;
    %ix/getv 4, v0x56378aa71680_0;
    %load/vec4a v0x56378aa71750, 4;
    %parti/s 4, 4, 4;
    %pad/u 32;
    %cmpi/e 8, 0, 32;
    %flag_mov 8, 4;
    %ix/getv 4, v0x56378aa71680_0;
    %load/vec4a v0x56378aa71750, 4;
    %parti/s 4, 4, 4;
    %pad/u 32;
    %cmpi/e 7, 0, 32;
    %flag_or 4, 8;
    %jmp/0xz  T_4.12, 4;
    %load/vec4 v0x56378aa71680_0;
    %pad/u 65;
    %addi 1, 0, 65;
    %ix/vec4 4;
    %load/vec4a v0x56378aa71750, 4;
    %ix/load 4, 0, 0;
    %flag_set/imm 4, 0;
    %store/vec4 v0x56378aa71e60_0, 4, 8;
    %load/vec4 v0x56378aa71680_0;
    %pad/u 65;
    %addi 2, 0, 65;
    %ix/vec4 4;
    %load/vec4a v0x56378aa71750, 4;
    %ix/load 4, 8, 0;
    %flag_set/imm 4, 0;
    %store/vec4 v0x56378aa71e60_0, 4, 8;
    %load/vec4 v0x56378aa71680_0;
    %pad/u 65;
    %addi 3, 0, 65;
    %ix/vec4 4;
    %load/vec4a v0x56378aa71750, 4;
    %ix/load 4, 16, 0;
    %flag_set/imm 4, 0;
    %store/vec4 v0x56378aa71e60_0, 4, 8;
    %load/vec4 v0x56378aa71680_0;
    %pad/u 65;
    %addi 4, 0, 65;
    %ix/vec4 4;
    %load/vec4a v0x56378aa71750, 4;
    %ix/load 4, 24, 0;
    %flag_set/imm 4, 0;
    %store/vec4 v0x56378aa71e60_0, 4, 8;
    %load/vec4 v0x56378aa71680_0;
    %pad/u 65;
    %addi 5, 0, 65;
    %ix/vec4 4;
    %load/vec4a v0x56378aa71750, 4;
    %ix/load 4, 32, 0;
    %flag_set/imm 4, 0;
    %store/vec4 v0x56378aa71e60_0, 4, 8;
    %load/vec4 v0x56378aa71680_0;
    %pad/u 65;
    %addi 6, 0, 65;
    %ix/vec4 4;
    %load/vec4a v0x56378aa71750, 4;
    %ix/load 4, 40, 0;
    %flag_set/imm 4, 0;
    %store/vec4 v0x56378aa71e60_0, 4, 8;
    %load/vec4 v0x56378aa71680_0;
    %pad/u 65;
    %addi 7, 0, 65;
    %ix/vec4 4;
    %load/vec4a v0x56378aa71750, 4;
    %ix/load 4, 48, 0;
    %flag_set/imm 4, 0;
    %store/vec4 v0x56378aa71e60_0, 4, 8;
    %load/vec4 v0x56378aa71680_0;
    %pad/u 65;
    %addi 8, 0, 65;
    %ix/vec4 4;
    %load/vec4a v0x56378aa71750, 4;
    %ix/load 4, 56, 0;
    %flag_set/imm 4, 0;
    %store/vec4 v0x56378aa71e60_0, 4, 8;
    %load/vec4 v0x56378aa71b10_0;
    %addi 8, 0, 64;
    %store/vec4 v0x56378aa71b10_0, 0, 64;
    %jmp T_4.13;
T_4.12 ;
    %load/vec4 v0x56378aa71680_0;
    %pad/u 65;
    %addi 2, 0, 65;
    %ix/vec4 4;
    %load/vec4a v0x56378aa71750, 4;
    %ix/load 4, 0, 0;
    %flag_set/imm 4, 0;
    %store/vec4 v0x56378aa71e60_0, 4, 8;
    %load/vec4 v0x56378aa71680_0;
    %pad/u 65;
    %addi 3, 0, 65;
    %ix/vec4 4;
    %load/vec4a v0x56378aa71750, 4;
    %ix/load 4, 8, 0;
    %flag_set/imm 4, 0;
    %store/vec4 v0x56378aa71e60_0, 4, 8;
    %load/vec4 v0x56378aa71680_0;
    %pad/u 65;
    %addi 4, 0, 65;
    %ix/vec4 4;
    %load/vec4a v0x56378aa71750, 4;
    %ix/load 4, 16, 0;
    %flag_set/imm 4, 0;
    %store/vec4 v0x56378aa71e60_0, 4, 8;
    %load/vec4 v0x56378aa71680_0;
    %pad/u 65;
    %addi 5, 0, 65;
    %ix/vec4 4;
    %load/vec4a v0x56378aa71750, 4;
    %ix/load 4, 24, 0;
    %flag_set/imm 4, 0;
    %store/vec4 v0x56378aa71e60_0, 4, 8;
    %load/vec4 v0x56378aa71680_0;
    %pad/u 65;
    %addi 6, 0, 65;
    %ix/vec4 4;
    %load/vec4a v0x56378aa71750, 4;
    %ix/load 4, 32, 0;
    %flag_set/imm 4, 0;
    %store/vec4 v0x56378aa71e60_0, 4, 8;
    %load/vec4 v0x56378aa71680_0;
    %pad/u 65;
    %addi 7, 0, 65;
    %ix/vec4 4;
    %load/vec4a v0x56378aa71750, 4;
    %ix/load 4, 40, 0;
    %flag_set/imm 4, 0;
    %store/vec4 v0x56378aa71e60_0, 4, 8;
    %load/vec4 v0x56378aa71680_0;
    %pad/u 65;
    %addi 8, 0, 65;
    %ix/vec4 4;
    %load/vec4a v0x56378aa71750, 4;
    %ix/load 4, 48, 0;
    %flag_set/imm 4, 0;
    %store/vec4 v0x56378aa71e60_0, 4, 8;
    %load/vec4 v0x56378aa71680_0;
    %pad/u 65;
    %addi 9, 0, 65;
    %ix/vec4 4;
    %load/vec4a v0x56378aa71750, 4;
    %ix/load 4, 56, 0;
    %flag_set/imm 4, 0;
    %store/vec4 v0x56378aa71e60_0, 4, 8;
    %load/vec4 v0x56378aa71b10_0;
    %addi 8, 0, 64;
    %store/vec4 v0x56378aa71b10_0, 0, 64;
T_4.13 ;
T_4.10 ;
T_4.1 ;
    %load/vec4 v0x56378aa71990_0;
    %pad/u 32;
    %pushi/vec4 0, 0, 32;
    %cmp/e;
    %flag_get/vec4 4;
    %load/vec4 v0x56378aa71a50_0;
    %pad/u 32;
    %pushi/vec4 1, 0, 32;
    %cmp/e;
    %flag_get/vec4 4;
    %and;
    %flag_set/vec4 8;
    %jmp/0xz  T_4.14, 8;
    %pushi/vec4 1, 0, 1;
    %store/vec4 v0x56378aa71da0_0, 0, 1;
    %jmp T_4.15;
T_4.14 ;
    %pushi/vec4 0, 0, 1;
    %store/vec4 v0x56378aa71da0_0, 0, 1;
T_4.15 ;
    %load/vec4 v0x56378aa71da0_0;
    %ix/load 4, 144, 0;
    %flag_set/imm 4, 0;
    %store/vec4 v0x56378aa71120_0, 4, 1;
    %load/vec4 v0x56378aa717f0_0;
    %ix/load 4, 140, 0;
    %flag_set/imm 4, 0;
    %store/vec4 v0x56378aa71120_0, 4, 4;
    %load/vec4 v0x56378aa718b0_0;
    %ix/load 4, 136, 0;
    %flag_set/imm 4, 0;
    %store/vec4 v0x56378aa71120_0, 4, 4;
    %load/vec4 v0x56378aa71c00_0;
    %ix/load 4, 132, 0;
    %flag_set/imm 4, 0;
    %store/vec4 v0x56378aa71120_0, 4, 4;
    %load/vec4 v0x56378aa71cc0_0;
    %ix/load 4, 128, 0;
    %flag_set/imm 4, 0;
    %store/vec4 v0x56378aa71120_0, 4, 4;
    %load/vec4 v0x56378aa71e60_0;
    %ix/load 4, 64, 0;
    %flag_set/imm 4, 0;
    %store/vec4 v0x56378aa71120_0, 4, 64;
    %load/vec4 v0x56378aa71b10_0;
    %ix/load 4, 0, 0;
    %flag_set/imm 4, 0;
    %store/vec4 v0x56378aa71120_0, 4, 64;
    %load/vec4 v0x56378aa717f0_0;
    %pad/u 32;
    %cmpi/e 7, 0, 32;
    %flag_mov 8, 4;
    %load/vec4 v0x56378aa717f0_0;
    %pad/u 32;
    %cmpi/e 8, 0, 32;
    %flag_or 4, 8;
    %jmp/0xz  T_4.16, 4;
    %load/vec4 v0x56378aa71e60_0;
    %store/vec4 v0x56378aa71b10_0, 0, 64;
T_4.16 ;
    %jmp T_4;
    .thread T_4;
    .scope S_0x56378aa72300;
T_5 ;
    %wait E_0x56378aa3b310;
    %load/vec4 v0x56378aa72530_0;
    %parti/s 4, 140, 9;
    %pad/u 32;
    %cmpi/e 2, 0, 32;
    %jmp/0xz  T_5.0, 4;
    %load/vec4 v0x56378aa72530_0;
    %parti/s 4, 128, 9;
    %store/vec4 v0x56378aa72630_0, 0, 4;
    %jmp T_5.1;
T_5.0 ;
    %load/vec4 v0x56378aa72530_0;
    %parti/s 4, 140, 9;
    %pad/u 32;
    %cmpi/e 3, 0, 32;
    %flag_mov 8, 4;
    %load/vec4 v0x56378aa72530_0;
    %parti/s 4, 140, 9;
    %pad/u 32;
    %cmpi/e 6, 0, 32;
    %flag_or 4, 8;
    %jmp/0xz  T_5.2, 4;
    %load/vec4 v0x56378aa72530_0;
    %parti/s 4, 128, 9;
    %store/vec4 v0x56378aa72630_0, 0, 4;
    %jmp T_5.3;
T_5.2 ;
    %load/vec4 v0x56378aa72530_0;
    %parti/s 4, 140, 9;
    %pad/u 32;
    %cmpi/e 8, 0, 32;
    %flag_mov 8, 4;
    %load/vec4 v0x56378aa72530_0;
    %parti/s 4, 140, 9;
    %pad/u 32;
    %cmpi/e 9, 0, 32;
    %flag_or 4, 8;
    %flag_mov 8, 4;
    %load/vec4 v0x56378aa72530_0;
    %parti/s 4, 140, 9;
    %pad/u 32;
    %cmpi/e 10, 0, 32;
    %flag_or 4, 8;
    %flag_mov 8, 4;
    %load/vec4 v0x56378aa72530_0;
    %parti/s 4, 140, 9;
    %pad/u 32;
    %cmpi/e 11, 0, 32;
    %flag_or 4, 8;
    %jmp/0xz  T_5.4, 4;
    %pushi/vec4 4, 0, 4;
    %store/vec4 v0x56378aa72630_0, 0, 4;
    %jmp T_5.5;
T_5.4 ;
    %pushi/vec4 15, 0, 4;
    %store/vec4 v0x56378aa72630_0, 0, 4;
T_5.5 ;
T_5.3 ;
T_5.1 ;
    %jmp T_5;
    .thread T_5, $push;
    .scope S_0x56378aa72770;
T_6 ;
    %wait E_0x56378aa3b310;
    %load/vec4 v0x56378aa72940_0;
    %parti/s 4, 140, 9;
    %pad/u 32;
    %cmpi/e 5, 0, 32;
    %flag_mov 8, 4;
    %load/vec4 v0x56378aa72940_0;
    %parti/s 4, 140, 9;
    %pad/u 32;
    %cmpi/e 11, 0, 32;
    %flag_or 4, 8;
    %jmp/0xz  T_6.0, 4;
    %load/vec4 v0x56378aa72940_0;
    %parti/s 4, 132, 9;
    %store/vec4 v0x56378aa72a50_0, 0, 4;
    %jmp T_6.1;
T_6.0 ;
    %pushi/vec4 15, 0, 4;
    %store/vec4 v0x56378aa72a50_0, 0, 4;
T_6.1 ;
    %jmp T_6;
    .thread T_6, $push;
    .scope S_0x56378aa72b70;
T_7 ;
    %wait E_0x56378aa3b310;
    %load/vec4 v0x56378aa72d70_0;
    %parti/s 4, 140, 9;
    %pad/u 32;
    %cmpi/e 2, 0, 32;
    %flag_mov 8, 4;
    %load/vec4 v0x56378aa72d70_0;
    %parti/s 4, 140, 9;
    %pad/u 32;
    %cmpi/e 4, 0, 32;
    %flag_or 4, 8;
    %flag_mov 8, 4;
    %load/vec4 v0x56378aa72d70_0;
    %parti/s 4, 140, 9;
    %pad/u 32;
    %cmpi/e 6, 0, 32;
    %flag_or 4, 8;
    %flag_mov 8, 4;
    %load/vec4 v0x56378aa72d70_0;
    %parti/s 4, 140, 9;
    %pad/u 32;
    %cmpi/e 10, 0, 32;
    %flag_or 4, 8;
    %jmp/0xz  T_7.0, 4;
    %load/vec4 v0x56378aa72d70_0;
    %parti/s 4, 132, 9;
    %store/vec4 v0x56378aa72e80_0, 0, 4;
    %jmp T_7.1;
T_7.0 ;
    %load/vec4 v0x56378aa72d70_0;
    %parti/s 4, 140, 9;
    %pad/u 32;
    %cmpi/e 11, 0, 32;
    %flag_mov 8, 4;
    %load/vec4 v0x56378aa72d70_0;
    %parti/s 4, 140, 9;
    %pad/u 32;
    %cmpi/e 9, 0, 32;
    %flag_or 4, 8;
    %jmp/0xz  T_7.2, 4;
    %pushi/vec4 4, 0, 4;
    %store/vec4 v0x56378aa72e80_0, 0, 4;
    %jmp T_7.3;
T_7.2 ;
    %pushi/vec4 15, 0, 4;
    %store/vec4 v0x56378aa72e80_0, 0, 4;
T_7.3 ;
T_7.1 ;
    %jmp T_7;
    .thread T_7, $push;
    .scope S_0x56378aa72fc0;
T_8 ;
    %wait E_0x56378aa3b310;
    %load/vec4 v0x56378aa73190_0;
    %parti/s 4, 140, 9;
    %pad/u 32;
    %cmpi/e 4, 0, 32;
    %flag_mov 8, 4;
    %load/vec4 v0x56378aa73190_0;
    %parti/s 4, 140, 9;
    %pad/u 32;
    %cmpi/e 5, 0, 32;
    %flag_or 4, 8;
    %flag_mov 8, 4;
    %load/vec4 v0x56378aa73190_0;
    %parti/s 4, 140, 9;
    %pad/u 32;
    %cmpi/e 6, 0, 32;
    %flag_or 4, 8;
    %jmp/0xz  T_8.0, 4;
    %load/vec4 v0x56378aa73190_0;
    %parti/s 4, 128, 9;
    %store/vec4 v0x56378aa73270_0, 0, 4;
    %jmp T_8.1;
T_8.0 ;
    %pushi/vec4 15, 0, 4;
    %store/vec4 v0x56378aa73270_0, 0, 4;
T_8.1 ;
    %jmp T_8;
    .thread T_8, $push;
    .scope S_0x56378aa72020;
T_9 ;
    %wait E_0x56378aa15d90;
    %pushi/vec4 0, 0, 64;
    %store/vec4 v0x56378aa74240_0, 0, 64;
    %pushi/vec4 0, 0, 64;
    %store/vec4 v0x56378aa74300_0, 0, 64;
    %load/vec4 v0x56378aa74080_0;
    %pad/u 32;
    %cmpi/ne 15, 0, 32;
    %jmp/0xz  T_9.0, 4;
    %load/vec4 v0x56378aa74080_0;
    %pad/u 6;
    %ix/vec4 4;
    %load/vec4a v0x56378aa73fc0, 4;
    %store/vec4 v0x56378aa74240_0, 0, 64;
T_9.0 ;
    %load/vec4 v0x56378aa74170_0;
    %pad/u 32;
    %cmpi/ne 15, 0, 32;
    %jmp/0xz  T_9.2, 4;
    %load/vec4 v0x56378aa74170_0;
    %pad/u 6;
    %ix/vec4 4;
    %load/vec4a v0x56378aa73fc0, 4;
    %store/vec4 v0x56378aa74300_0, 0, 64;
T_9.2 ;
    %load/vec4 v0x56378aa74080_0;
    %pad/u 32;
    %cmpi/ne 15, 0, 32;
    %jmp/0xz  T_9.4, 4;
    %load/vec4 v0x56378aa733b0_0;
    %parti/s 4, 140, 9;
    %pad/u 32;
    %cmpi/e 7, 0, 32;
    %flag_mov 8, 4;
    %load/vec4 v0x56378aa733b0_0;
    %parti/s 4, 140, 9;
    %pad/u 32;
    %cmpi/e 8, 0, 32;
    %flag_or 4, 8;
    %jmp/0xz  T_9.6, 4;
    %load/vec4 v0x56378aa733b0_0;
    %parti/s 64, 0, 2;
    %store/vec4 v0x56378aa74240_0, 0, 64;
    %jmp T_9.7;
T_9.6 ;
    %load/vec4 v0x56378aa74080_0;
    %load/vec4 v0x56378aa73d40_0;
    %cmp/e;
    %jmp/0xz  T_9.8, 4;
    %load/vec4 v0x56378aa73e00_0;
    %store/vec4 v0x56378aa74240_0, 0, 64;
    %jmp T_9.9;
T_9.8 ;
    %load/vec4 v0x56378aa74080_0;
    %load/vec4 v0x56378aa73610_0;
    %cmp/e;
    %jmp/0xz  T_9.10, 4;
    %load/vec4 v0x56378aa73ee0_0;
    %store/vec4 v0x56378aa74240_0, 0, 64;
    %jmp T_9.11;
T_9.10 ;
    %load/vec4 v0x56378aa74080_0;
    %load/vec4 v0x56378aa73550_0;
    %cmp/e;
    %jmp/0xz  T_9.12, 4;
    %load/vec4 v0x56378aa736f0_0;
    %store/vec4 v0x56378aa74240_0, 0, 64;
    %jmp T_9.13;
T_9.12 ;
    %load/vec4 v0x56378aa74080_0;
    %load/vec4 v0x56378aa738b0_0;
    %cmp/e;
    %jmp/0xz  T_9.14, 4;
    %load/vec4 v0x56378aa73a70_0;
    %store/vec4 v0x56378aa74240_0, 0, 64;
    %jmp T_9.15;
T_9.14 ;
    %load/vec4 v0x56378aa74080_0;
    %load/vec4 v0x56378aa737d0_0;
    %cmp/e;
    %jmp/0xz  T_9.16, 4;
    %load/vec4 v0x56378aa73990_0;
    %store/vec4 v0x56378aa74240_0, 0, 64;
T_9.16 ;
T_9.15 ;
T_9.13 ;
T_9.11 ;
T_9.9 ;
T_9.7 ;
T_9.4 ;
    %load/vec4 v0x56378aa74170_0;
    %pad/u 32;
    %cmpi/ne 15, 0, 32;
    %jmp/0xz  T_9.18, 4;
    %load/vec4 v0x56378aa74170_0;
    %load/vec4 v0x56378aa73d40_0;
    %cmp/e;
    %jmp/0xz  T_9.20, 4;
    %load/vec4 v0x56378aa73e00_0;
    %store/vec4 v0x56378aa74300_0, 0, 64;
    %jmp T_9.21;
T_9.20 ;
    %load/vec4 v0x56378aa74170_0;
    %load/vec4 v0x56378aa73610_0;
    %cmp/e;
    %jmp/0xz  T_9.22, 4;
    %load/vec4 v0x56378aa73ee0_0;
    %store/vec4 v0x56378aa74300_0, 0, 64;
    %jmp T_9.23;
T_9.22 ;
    %load/vec4 v0x56378aa74170_0;
    %load/vec4 v0x56378aa73550_0;
    %cmp/e;
    %jmp/0xz  T_9.24, 4;
    %load/vec4 v0x56378aa736f0_0;
    %store/vec4 v0x56378aa74300_0, 0, 64;
    %jmp T_9.25;
T_9.24 ;
    %load/vec4 v0x56378aa74170_0;
    %load/vec4 v0x56378aa738b0_0;
    %cmp/e;
    %jmp/0xz  T_9.26, 4;
    %load/vec4 v0x56378aa73a70_0;
    %store/vec4 v0x56378aa74300_0, 0, 64;
    %jmp T_9.27;
T_9.26 ;
    %load/vec4 v0x56378aa74170_0;
    %load/vec4 v0x56378aa737d0_0;
    %cmp/e;
    %jmp/0xz  T_9.28, 4;
    %load/vec4 v0x56378aa73990_0;
    %store/vec4 v0x56378aa74300_0, 0, 64;
T_9.28 ;
T_9.27 ;
T_9.25 ;
T_9.23 ;
T_9.21 ;
T_9.18 ;
    %load/vec4 v0x56378aa733b0_0;
    %parti/s 1, 144, 9;
    %ix/load 4, 216, 0;
    %flag_set/imm 4, 0;
    %store/vec4 v0x56378aa73470_0, 4, 1;
    %load/vec4 v0x56378aa733b0_0;
    %parti/s 4, 140, 9;
    %ix/load 4, 212, 0;
    %flag_set/imm 4, 0;
    %store/vec4 v0x56378aa73470_0, 4, 4;
    %load/vec4 v0x56378aa733b0_0;
    %parti/s 4, 136, 9;
    %ix/load 4, 208, 0;
    %flag_set/imm 4, 0;
    %store/vec4 v0x56378aa73470_0, 4, 4;
    %load/vec4 v0x56378aa733b0_0;
    %parti/s 64, 64, 8;
    %ix/load 4, 144, 0;
    %flag_set/imm 4, 0;
    %store/vec4 v0x56378aa73470_0, 4, 64;
    %load/vec4 v0x56378aa74240_0;
    %ix/load 4, 80, 0;
    %flag_set/imm 4, 0;
    %store/vec4 v0x56378aa73470_0, 4, 64;
    %load/vec4 v0x56378aa74300_0;
    %ix/load 4, 16, 0;
    %flag_set/imm 4, 0;
    %store/vec4 v0x56378aa73470_0, 4, 64;
    %load/vec4 v0x56378aa73bd0_0;
    %ix/load 4, 12, 0;
    %flag_set/imm 4, 0;
    %store/vec4 v0x56378aa73470_0, 4, 4;
    %load/vec4 v0x56378aa73c70_0;
    %ix/load 4, 8, 0;
    %flag_set/imm 4, 0;
    %store/vec4 v0x56378aa73470_0, 4, 4;
    %load/vec4 v0x56378aa74080_0;
    %ix/load 4, 4, 0;
    %flag_set/imm 4, 0;
    %store/vec4 v0x56378aa73470_0, 4, 4;
    %load/vec4 v0x56378aa74170_0;
    %ix/load 4, 0, 0;
    %flag_set/imm 4, 0;
    %store/vec4 v0x56378aa73470_0, 4, 4;
    %jmp T_9;
    .thread T_9;
    .scope S_0x56378aa3d460;
T_10 ;
    %delay 2000000, 0;
    %vpi_call 2 30 "$finish" {0 0 0};
    %end;
    .thread T_10;
    .scope S_0x56378aa3d460;
T_11 ;
    %vpi_call 2 34 "$dumpfile", "decode.vcd" {0 0 0};
    %vpi_call 2 35 "$dumpvars", 32'sb00000000000000000000000000000000, S_0x56378aa3d460 {0 0 0};
    %pushi/vec4 0, 0, 1;
    %store/vec4 v0x56378aa75020_0, 0, 1;
    %pushi/vec4 0, 0, 4;
    %store/vec4 v0x56378aa74a10_0, 0, 4;
    %pushi/vec4 0, 0, 64;
    %store/vec4 v0x56378aa74b00_0, 0, 64;
    %pushi/vec4 0, 0, 1;
    %store/vec4 v0x56378aa74760_0, 0, 1;
    %pushi/vec4 0, 0, 4;
    %store/vec4 v0x56378aa74e20_0, 0, 4;
    %pushi/vec4 0, 0, 64;
    %store/vec4 v0x56378aa74f80_0, 0, 64;
    %end;
    .thread T_11;
    .scope S_0x56378aa3d460;
T_12 ;
    %wait E_0x56378aa14dc0;
    %load/vec4 v0x56378aa74580_0;
    %store/vec4 v0x56378aa75110_0, 0, 145;
    %load/vec4 v0x56378aa74690_0;
    %store/vec4 v0x56378aa75470_0, 0, 217;
    %jmp T_12;
    .thread T_12, $push;
    .scope S_0x56378aa3d460;
T_13 ;
    %vpi_call 2 51 "$display", "hello %h %h", v0x56378aa74580_0, v0x56378aa74690_0 {0 0 0};
    %load/vec4 v0x56378aa74580_0;
    %parti/s 4, 140, 9;
    %pad/u 32;
    %cmpi/e 0, 0, 32;
    %jmp/0xz  T_13.0, 4;
    %delay 5000, 0;
    %load/vec4 v0x56378aa75020_0;
    %inv;
    %store/vec4 v0x56378aa75020_0, 0, 1;
    %delay 5000, 0;
    %vpi_call 2 57 "$finish" {0 0 0};
    %jmp T_13.1;
T_13.0 ;
    %delay 5000, 0;
    %load/vec4 v0x56378aa75020_0;
    %inv;
    %store/vec4 v0x56378aa75020_0, 0, 1;
T_13.1 ;
    %jmp T_13;
    .thread T_13;
# The file index is used to find the file name in the following table.
:file_names 5;
    "N/A";
    "<interactive>";
    "decode_tb.v";
    "./../fetch/fetch.v";
    "./decode.v";
