#! /usr/bin/vvp
:ivl_version "10.3 (stable)";
:ivl_delay_selection "TYPICAL";
:vpi_time_precision - 12;
:vpi_module "system";
:vpi_module "vhdl_sys";
:vpi_module "v2005_math";
:vpi_module "va_math";
S_0x5631209b60b0 .scope module, "mem_address" "mem_address" 2 131;
 .timescale -9 -12;
    .port_info 0 /INPUT 4 "icode"
    .port_info 1 /INPUT 64 "valE"
    .port_info 2 /INPUT 64 "valA"
    .port_info 3 /OUTPUT 64 "address"
v0x563120a11a30_0 .var "address", 63 0;
o0x7f8881e16048 .functor BUFZ 4, C4<zzzz>; HiZ drive
v0x563120a11ad0_0 .net "icode", 3 0, o0x7f8881e16048;  0 drivers
o0x7f8881e16078 .functor BUFZ 64, C4<zzzzzzzzzzzzzzzzzzzzzzzzzzzzzzzzzzzzzzzzzzzzzzzzzzzzzzzzzzzzzzzz>; HiZ drive
v0x563120a2fc20_0 .net "valA", 63 0, o0x7f8881e16078;  0 drivers
o0x7f8881e160a8 .functor BUFZ 64, C4<zzzzzzzzzzzzzzzzzzzzzzzzzzzzzzzzzzzzzzzzzzzzzzzzzzzzzzzzzzzzzzzz>; HiZ drive
v0x563120a2fce0_0 .net "valE", 63 0, o0x7f8881e160a8;  0 drivers
E_0x563120990d90 .event edge, v0x563120a11ad0_0, v0x563120a2fc20_0, v0x563120a2fce0_0;
S_0x5631209b6230 .scope module, "mem_data" "mem_data" 2 149;
 .timescale -9 -12;
    .port_info 0 /INPUT 4 "icode"
    .port_info 1 /OUTPUT 64 "data"
    .port_info 2 /INPUT 64 "valA"
    .port_info 3 /INPUT 11 "valP"
v0x563120a2feb0_0 .var "data", 63 0;
o0x7f8881e161c8 .functor BUFZ 4, C4<zzzz>; HiZ drive
v0x563120a2ffb0_0 .net "icode", 3 0, o0x7f8881e161c8;  0 drivers
o0x7f8881e161f8 .functor BUFZ 64, C4<zzzzzzzzzzzzzzzzzzzzzzzzzzzzzzzzzzzzzzzzzzzzzzzzzzzzzzzzzzzzzzzz>; HiZ drive
v0x563120a30090_0 .net "valA", 63 0, o0x7f8881e161f8;  0 drivers
o0x7f8881e16228 .functor BUFZ 11, C4<zzzzzzzzzzz>; HiZ drive
v0x563120a30150_0 .net "valP", 10 0, o0x7f8881e16228;  0 drivers
E_0x563120990fe0 .event edge, v0x563120a2ffb0_0, v0x563120a30090_0, v0x563120a30150_0;
S_0x5631209a2b70 .scope module, "mem_read" "mem_read" 2 103;
 .timescale -9 -12;
    .port_info 0 /INPUT 4 "icode"
    .port_info 1 /OUTPUT 1 "read"
o0x7f8881e16318 .functor BUFZ 4, C4<zzzz>; HiZ drive
v0x563120a30320_0 .net "icode", 3 0, o0x7f8881e16318;  0 drivers
v0x563120a30420_0 .var "read", 0 0;
E_0x563120a123e0 .event edge, v0x563120a30320_0;
S_0x5631209a2cf0 .scope module, "mem_write" "mem_write" 2 115;
 .timescale -9 -12;
    .port_info 0 /INPUT 4 "icode"
    .port_info 1 /OUTPUT 1 "write"
o0x7f8881e163d8 .functor BUFZ 4, C4<zzzz>; HiZ drive
v0x563120a30560_0 .net "icode", 3 0, o0x7f8881e163d8;  0 drivers
v0x563120a30660_0 .var "write", 0 0;
E_0x563120a12f10 .event edge, v0x563120a30560_0;
S_0x5631209d2550 .scope module, "seq_processor" "seq_processor" 3 8;
 .timescale -9 -12;
P_0x56312095b9f0 .param/l "stop_time" 0 3 37, +C4<01110111001101011001010000000000>;
v0x563120a35240_0 .var "clk", 0 0;
v0x563120a35350_0 .net "cnd", 0 0, v0x563120a32e30_0;  1 drivers
v0x563120a35410_0 .net "d_com", 0 0, v0x563120a31b00_0;  1 drivers
v0x563120a35500_0 .net "dmem_error", 0 0, v0x563120a33c40_0;  1 drivers
v0x563120a355a0_0 .net "e_com", 0 0, v0x563120a32ff0_0;  1 drivers
v0x563120a356e0_0 .net "f_com", 0 0, v0x563120a30ad0_0;  1 drivers
v0x563120a357d0_0 .net "icode", 3 0, v0x563120a30c70_0;  1 drivers
v0x563120a35870_0 .net "ifun", 3 0, v0x563120a30d30_0;  1 drivers
v0x563120a35960_0 .net "imem_error", 0 0, v0x563120a30e10_0;  1 drivers
v0x563120a35a90_0 .net "instr_valid", 0 0, v0x563120a30f20_0;  1 drivers
v0x563120a35b80_0 .net "pc", 10 0, v0x563120a34d40_0;  1 drivers
v0x563120a35c70_0 .net "rA", 3 0, v0x563120a311a0_0;  1 drivers
v0x563120a35d80_0 .net "rB", 3 0, v0x563120a31280_0;  1 drivers
v0x563120a35e90_0 .net "stat", 1 0, v0x563120a34210_0;  1 drivers
v0x563120a35f50_0 .net "valA", 63 0, v0x563120a32340_0;  1 drivers
v0x563120a35ff0_0 .net "valB", 63 0, v0x563120a32420_0;  1 drivers
v0x563120a36100_0 .net "valC", 63 0, v0x563120a31360_0;  1 drivers
v0x563120a362d0_0 .net "valE", 63 0, v0x563120a33590_0;  1 drivers
v0x563120a36390_0 .net "valM", 63 0, v0x563120a344c0_0;  1 drivers
v0x563120a36450_0 .net "valP", 10 0, v0x563120a31440_0;  1 drivers
S_0x563120a30780 .scope module, "call1" "fetch" 3 31, 4 3 0, S_0x5631209d2550;
 .timescale -9 -12;
    .port_info 0 /INPUT 11 "pc"
    .port_info 1 /OUTPUT 4 "icode"
    .port_info 2 /OUTPUT 4 "ifun"
    .port_info 3 /OUTPUT 4 "rA"
    .port_info 4 /OUTPUT 4 "rB"
    .port_info 5 /OUTPUT 64 "valC"
    .port_info 6 /OUTPUT 11 "valP"
    .port_info 7 /OUTPUT 1 "instr_valid"
    .port_info 8 /OUTPUT 1 "imem_error"
    .port_info 9 /OUTPUT 1 "f_com"
v0x563120a30ad0_0 .var "f_com", 0 0;
v0x563120a30bb0 .array "i_mem", 1000 0, 7 0;
v0x563120a30c70_0 .var "icode", 3 0;
v0x563120a30d30_0 .var "ifun", 3 0;
v0x563120a30e10_0 .var "imem_error", 0 0;
v0x563120a30f20_0 .var "instr_valid", 0 0;
v0x563120a30fe0_0 .net "pc", 10 0, v0x563120a34d40_0;  alias, 1 drivers
v0x563120a310c0_0 .var "pc_inc", 10 0;
v0x563120a311a0_0 .var "rA", 3 0;
v0x563120a31280_0 .var "rB", 3 0;
v0x563120a31360_0 .var "valC", 63 0;
v0x563120a31440_0 .var "valP", 10 0;
E_0x563120a30a50 .event edge, v0x563120a30fe0_0;
S_0x563120a31660 .scope module, "call2" "decode" 3 32, 5 3 0, S_0x5631209d2550;
 .timescale -9 -12;
    .port_info 0 /INPUT 1 "clk"
    .port_info 1 /INPUT 4 "icode"
    .port_info 2 /INPUT 4 "rA"
    .port_info 3 /INPUT 4 "rB"
    .port_info 4 /OUTPUT 64 "valA"
    .port_info 5 /OUTPUT 64 "valB"
    .port_info 6 /INPUT 64 "valE"
    .port_info 7 /INPUT 64 "valM"
    .port_info 8 /INPUT 1 "cnd"
    .port_info 9 /OUTPUT 1 "d_com"
    .port_info 10 /INPUT 1 "f_com"
v0x563120a318c0_0 .net "clk", 0 0, v0x563120a35240_0;  1 drivers
v0x563120a319a0_0 .net "cnd", 0 0, v0x563120a32e30_0;  alias, 1 drivers
v0x563120a31a60_0 .var "complete", 0 0;
v0x563120a31b00_0 .var "d_com", 0 0;
v0x563120a31bc0_0 .net "f_com", 0 0, v0x563120a30ad0_0;  alias, 1 drivers
v0x563120a31cb0_0 .var/i "i", 31 0;
v0x563120a31d70_0 .net "icode", 3 0, v0x563120a30c70_0;  alias, 1 drivers
v0x563120a31e60_0 .var "r0Val", 63 0;
v0x563120a31f20_0 .var "r1Val", 63 0;
v0x563120a32000_0 .var "r2Val", 63 0;
v0x563120a320e0_0 .net "rA", 3 0, v0x563120a311a0_0;  alias, 1 drivers
v0x563120a321d0_0 .net "rB", 3 0, v0x563120a31280_0;  alias, 1 drivers
v0x563120a322a0 .array/s "reg_file", 15 0, 63 0;
v0x563120a32340_0 .var "valA", 63 0;
v0x563120a32420_0 .var "valB", 63 0;
v0x563120a32500_0 .net "valE", 63 0, v0x563120a33590_0;  alias, 1 drivers
v0x563120a325e0_0 .net "valM", 63 0, v0x563120a344c0_0;  alias, 1 drivers
E_0x563120a31800 .event posedge, v0x563120a318c0_0;
E_0x563120a31860 .event posedge, v0x563120a30ad0_0;
S_0x563120a32820 .scope module, "call3" "alu" 3 33, 6 3 0, S_0x5631209d2550;
 .timescale -9 -12;
    .port_info 0 /INPUT 4 "icode"
    .port_info 1 /INPUT 4 "ifun"
    .port_info 2 /INPUT 64 "valA"
    .port_info 3 /INPUT 64 "valB"
    .port_info 4 /INPUT 64 "valC"
    .port_info 5 /OUTPUT 64 "valE"
    .port_info 6 /OUTPUT 1 "cnd"
    .port_info 7 /INPUT 1 "d_com"
    .port_info 8 /OUTPUT 1 "e_com"
v0x563120a32b60_0 .var "a", 63 0;
v0x563120a32c60_0 .var "b", 63 0;
v0x563120a32d40_0 .var "cc", 2 0;
v0x563120a32e30_0 .var "cnd", 0 0;
v0x563120a32f00_0 .net "d_com", 0 0, v0x563120a31b00_0;  alias, 1 drivers
v0x563120a32ff0_0 .var "e_com", 0 0;
v0x563120a33090_0 .var "fun", 2 0;
v0x563120a33150_0 .net "icode", 3 0, v0x563120a30c70_0;  alias, 1 drivers
v0x563120a33260_0 .net "ifun", 3 0, v0x563120a30d30_0;  alias, 1 drivers
v0x563120a33320_0 .net "valA", 63 0, v0x563120a32340_0;  alias, 1 drivers
v0x563120a333f0_0 .net "valB", 63 0, v0x563120a32420_0;  alias, 1 drivers
v0x563120a334c0_0 .net "valC", 63 0, v0x563120a31360_0;  alias, 1 drivers
v0x563120a33590_0 .var "valE", 63 0;
E_0x563120a32b00 .event posedge, v0x563120a31b00_0;
S_0x563120a33760 .scope module, "call4" "memory" 3 34, 2 3 0, S_0x5631209d2550;
 .timescale -9 -12;
    .port_info 0 /INPUT 4 "icode"
    .port_info 1 /INPUT 64 "valA"
    .port_info 2 /INPUT 64 "valE"
    .port_info 3 /INPUT 11 "valP"
    .port_info 4 /OUTPUT 64 "valM"
    .port_info 5 /INPUT 1 "imem_error"
    .port_info 6 /INPUT 1 "instr_valid"
    .port_info 7 /OUTPUT 1 "dmem_error"
    .port_info 8 /OUTPUT 2 "stat"
    .port_info 9 /INPUT 1 "e_com"
v0x563120a33a60_0 .var "address", 63 0;
v0x563120a33b60_0 .var "data", 63 0;
v0x563120a33c40_0 .var "dmem_error", 0 0;
v0x563120a33d10_0 .net "e_com", 0 0, v0x563120a32ff0_0;  alias, 1 drivers
v0x563120a33de0_0 .net "icode", 3 0, v0x563120a30c70_0;  alias, 1 drivers
v0x563120a33ed0_0 .net "imem_error", 0 0, v0x563120a30e10_0;  alias, 1 drivers
v0x563120a33f70_0 .net "instr_valid", 0 0, v0x563120a30f20_0;  alias, 1 drivers
v0x563120a34040 .array "mem", 200 0, 63 0;
v0x563120a340e0_0 .var "read", 0 0;
v0x563120a34210_0 .var "stat", 1 0;
v0x563120a342f0_0 .net "valA", 63 0, v0x563120a32340_0;  alias, 1 drivers
v0x563120a343b0_0 .net "valE", 63 0, v0x563120a33590_0;  alias, 1 drivers
v0x563120a344c0_0 .var "valM", 63 0;
v0x563120a34580_0 .net "valP", 10 0, v0x563120a31440_0;  alias, 1 drivers
v0x563120a34620_0 .var "write", 0 0;
E_0x563120a339e0 .event posedge, v0x563120a32ff0_0;
S_0x563120a34800 .scope module, "call5" "pcupdate" 3 35, 7 3 0, S_0x5631209d2550;
 .timescale -9 -12;
    .port_info 0 /INPUT 1 "clk"
    .port_info 1 /INPUT 4 "icode"
    .port_info 2 /INPUT 1 "cnd"
    .port_info 3 /INPUT 64 "valC"
    .port_info 4 /INPUT 64 "valM"
    .port_info 5 /INPUT 11 "valP"
    .port_info 6 /OUTPUT 11 "pc"
v0x563120a34a60_0 .net "clk", 0 0, v0x563120a35240_0;  alias, 1 drivers
v0x563120a34b20_0 .net "cnd", 0 0, v0x563120a32e30_0;  alias, 1 drivers
v0x563120a34c10_0 .net "icode", 3 0, v0x563120a30c70_0;  alias, 1 drivers
v0x563120a34d40_0 .var "pc", 10 0;
v0x563120a34e10_0 .net "valC", 63 0, v0x563120a31360_0;  alias, 1 drivers
v0x563120a34f00_0 .net "valM", 63 0, v0x563120a344c0_0;  alias, 1 drivers
v0x563120a35010_0 .net "valP", 10 0, v0x563120a31440_0;  alias, 1 drivers
    .scope S_0x5631209b60b0;
T_0 ;
    %wait E_0x563120990d90;
    %pushi/vec4 0, 0, 64;
    %store/vec4 v0x563120a11a30_0, 0, 64;
    %load/vec4 v0x563120a11ad0_0;
    %pad/u 32;
    %cmpi/e 9, 0, 32;
    %flag_mov 8, 4;
    %load/vec4 v0x563120a11ad0_0;
    %pad/u 32;
    %cmpi/e 11, 0, 32;
    %flag_or 4, 8;
    %jmp/0xz  T_0.0, 4;
    %load/vec4 v0x563120a2fc20_0;
    %store/vec4 v0x563120a11a30_0, 0, 64;
    %jmp T_0.1;
T_0.0 ;
    %load/vec4 v0x563120a11ad0_0;
    %pad/u 32;
    %cmpi/e 5, 0, 32;
    %flag_mov 8, 4;
    %load/vec4 v0x563120a11ad0_0;
    %pad/u 32;
    %cmpi/e 4, 0, 32;
    %flag_or 4, 8;
    %flag_mov 8, 4;
    %load/vec4 v0x563120a11ad0_0;
    %pad/u 32;
    %cmpi/e 10, 0, 32;
    %flag_or 4, 8;
    %flag_mov 8, 4;
    %load/vec4 v0x563120a11ad0_0;
    %pad/u 32;
    %cmpi/e 8, 0, 32;
    %flag_or 4, 8;
    %jmp/0xz  T_0.2, 4;
    %load/vec4 v0x563120a2fce0_0;
    %store/vec4 v0x563120a11a30_0, 0, 64;
T_0.2 ;
T_0.1 ;
    %jmp T_0;
    .thread T_0, $push;
    .scope S_0x5631209b6230;
T_1 ;
    %wait E_0x563120990fe0;
    %pushi/vec4 0, 0, 64;
    %store/vec4 v0x563120a2feb0_0, 0, 64;
    %load/vec4 v0x563120a2ffb0_0;
    %pad/u 32;
    %cmpi/e 4, 0, 32;
    %flag_mov 8, 4;
    %load/vec4 v0x563120a2ffb0_0;
    %pad/u 32;
    %cmpi/e 10, 0, 32;
    %flag_or 4, 8;
    %jmp/0xz  T_1.0, 4;
    %load/vec4 v0x563120a30090_0;
    %store/vec4 v0x563120a2feb0_0, 0, 64;
    %jmp T_1.1;
T_1.0 ;
    %load/vec4 v0x563120a2ffb0_0;
    %pad/u 32;
    %cmpi/e 8, 0, 32;
    %jmp/0xz  T_1.2, 4;
    %load/vec4 v0x563120a30150_0;
    %pad/u 64;
    %store/vec4 v0x563120a2feb0_0, 0, 64;
T_1.2 ;
T_1.1 ;
    %jmp T_1;
    .thread T_1, $push;
    .scope S_0x5631209a2b70;
T_2 ;
    %wait E_0x563120a123e0;
    %pushi/vec4 0, 0, 1;
    %store/vec4 v0x563120a30420_0, 0, 1;
    %load/vec4 v0x563120a30320_0;
    %pad/u 32;
    %cmpi/e 11, 0, 32;
    %flag_mov 8, 4;
    %load/vec4 v0x563120a30320_0;
    %pad/u 32;
    %cmpi/e 5, 0, 32;
    %flag_or 4, 8;
    %flag_mov 8, 4;
    %load/vec4 v0x563120a30320_0;
    %pad/u 32;
    %cmpi/e 9, 0, 32;
    %flag_or 4, 8;
    %jmp/0xz  T_2.0, 4;
    %pushi/vec4 1, 0, 1;
    %store/vec4 v0x563120a30420_0, 0, 1;
T_2.0 ;
    %jmp T_2;
    .thread T_2, $push;
    .scope S_0x5631209a2cf0;
T_3 ;
    %wait E_0x563120a12f10;
    %pushi/vec4 0, 0, 1;
    %store/vec4 v0x563120a30660_0, 0, 1;
    %load/vec4 v0x563120a30560_0;
    %pad/u 32;
    %cmpi/e 4, 0, 32;
    %flag_mov 8, 4;
    %load/vec4 v0x563120a30560_0;
    %pad/u 32;
    %cmpi/e 8, 0, 32;
    %flag_or 4, 8;
    %flag_mov 8, 4;
    %load/vec4 v0x563120a30560_0;
    %pad/u 32;
    %cmpi/e 10, 0, 32;
    %flag_or 4, 8;
    %jmp/0xz  T_3.0, 4;
    %pushi/vec4 1, 0, 1;
    %store/vec4 v0x563120a30660_0, 0, 1;
T_3.0 ;
    %jmp T_3;
    .thread T_3, $push;
    .scope S_0x563120a30780;
T_4 ;
    %pushi/vec4 0, 0, 11;
    %store/vec4 v0x563120a31440_0, 0, 11;
    %pushi/vec4 1, 0, 1;
    %store/vec4 v0x563120a30f20_0, 0, 1;
    %pushi/vec4 0, 0, 1;
    %store/vec4 v0x563120a30e10_0, 0, 1;
    %pushi/vec4 0, 0, 11;
    %store/vec4 v0x563120a310c0_0, 0, 11;
    %end;
    .thread T_4;
    .scope S_0x563120a30780;
T_5 ;
    %vpi_call 4 21 "$readmemh", "instr_mem.txt", v0x563120a30bb0 {0 0 0};
    %end;
    .thread T_5;
    .scope S_0x563120a30780;
T_6 ;
    %wait E_0x563120a30a50;
    %pushi/vec4 0, 0, 1;
    %store/vec4 v0x563120a30ad0_0, 0, 1;
    %pushi/vec4 15, 0, 4;
    %store/vec4 v0x563120a311a0_0, 0, 4;
    %pushi/vec4 15, 0, 4;
    %store/vec4 v0x563120a31280_0, 0, 4;
    %load/vec4 v0x563120a30fe0_0;
    %store/vec4 v0x563120a31440_0, 0, 11;
    %pushi/vec4 1000, 0, 32;
    %load/vec4 v0x563120a30fe0_0;
    %pad/u 32;
    %cmp/u;
    %jmp/0xz  T_6.0, 5;
    %pushi/vec4 1, 0, 1;
    %store/vec4 v0x563120a30e10_0, 0, 1;
    %jmp T_6.1;
T_6.0 ;
    %pushi/vec4 11, 0, 32;
    %ix/getv 4, v0x563120a30fe0_0;
    %load/vec4a v0x563120a30bb0, 4;
    %parti/s 4, 4, 4;
    %pad/u 32;
    %cmp/u;
    %jmp/0xz  T_6.2, 5;
    %pushi/vec4 0, 0, 1;
    %store/vec4 v0x563120a30f20_0, 0, 1;
    %jmp T_6.3;
T_6.2 ;
    %ix/getv 4, v0x563120a30fe0_0;
    %load/vec4a v0x563120a30bb0, 4;
    %parti/s 4, 4, 4;
    %store/vec4 v0x563120a30c70_0, 0, 4;
    %ix/getv 4, v0x563120a30fe0_0;
    %load/vec4a v0x563120a30bb0, 4;
    %parti/s 4, 0, 2;
    %store/vec4 v0x563120a30d30_0, 0, 4;
    %load/vec4 v0x563120a31440_0;
    %addi 1, 0, 11;
    %store/vec4 v0x563120a31440_0, 0, 11;
    %ix/getv 4, v0x563120a30fe0_0;
    %load/vec4a v0x563120a30bb0, 4;
    %parti/s 4, 4, 4;
    %pad/u 32;
    %cmpi/e 2, 0, 32;
    %flag_mov 8, 4;
    %ix/getv 4, v0x563120a30fe0_0;
    %load/vec4a v0x563120a30bb0, 4;
    %parti/s 4, 4, 4;
    %pad/u 32;
    %cmpi/e 3, 0, 32;
    %flag_or 4, 8;
    %flag_mov 8, 4;
    %ix/getv 4, v0x563120a30fe0_0;
    %load/vec4a v0x563120a30bb0, 4;
    %parti/s 4, 4, 4;
    %pad/u 32;
    %cmpi/e 4, 0, 32;
    %flag_or 4, 8;
    %flag_mov 8, 4;
    %ix/getv 4, v0x563120a30fe0_0;
    %load/vec4a v0x563120a30bb0, 4;
    %parti/s 4, 4, 4;
    %pad/u 32;
    %cmpi/e 5, 0, 32;
    %flag_or 4, 8;
    %flag_mov 8, 4;
    %ix/getv 4, v0x563120a30fe0_0;
    %load/vec4a v0x563120a30bb0, 4;
    %parti/s 4, 4, 4;
    %pad/u 32;
    %cmpi/e 6, 0, 32;
    %flag_or 4, 8;
    %flag_mov 8, 4;
    %ix/getv 4, v0x563120a30fe0_0;
    %load/vec4a v0x563120a30bb0, 4;
    %parti/s 4, 4, 4;
    %pad/u 32;
    %cmpi/e 10, 0, 32;
    %flag_or 4, 8;
    %flag_mov 8, 4;
    %ix/getv 4, v0x563120a30fe0_0;
    %load/vec4a v0x563120a30bb0, 4;
    %parti/s 4, 4, 4;
    %pad/u 32;
    %cmpi/e 11, 0, 32;
    %flag_or 4, 8;
    %jmp/0xz  T_6.4, 4;
    %load/vec4 v0x563120a31440_0;
    %addi 1, 0, 11;
    %store/vec4 v0x563120a31440_0, 0, 11;
    %ix/getv 4, v0x563120a30fe0_0;
    %load/vec4a v0x563120a30bb0, 4;
    %parti/s 4, 4, 4;
    %pad/u 32;
    %cmpi/e 3, 0, 32;
    %jmp/0xz  T_6.6, 4;
    %pushi/vec4 15, 0, 4;
    %store/vec4 v0x563120a311a0_0, 0, 4;
    %load/vec4 v0x563120a30fe0_0;
    %pad/u 33;
    %addi 1, 0, 33;
    %ix/vec4 4;
    %load/vec4a v0x563120a30bb0, 4;
    %parti/s 4, 0, 2;
    %store/vec4 v0x563120a31280_0, 0, 4;
    %jmp T_6.7;
T_6.6 ;
    %ix/getv 4, v0x563120a30fe0_0;
    %load/vec4a v0x563120a30bb0, 4;
    %parti/s 4, 4, 4;
    %pad/u 32;
    %cmpi/e 10, 0, 32;
    %flag_mov 8, 4;
    %ix/getv 4, v0x563120a30fe0_0;
    %load/vec4a v0x563120a30bb0, 4;
    %parti/s 4, 4, 4;
    %pad/u 32;
    %cmpi/e 11, 0, 32;
    %flag_or 4, 8;
    %jmp/0xz  T_6.8, 4;
    %pushi/vec4 15, 0, 4;
    %store/vec4 v0x563120a31280_0, 0, 4;
    %load/vec4 v0x563120a30fe0_0;
    %pad/u 33;
    %addi 1, 0, 33;
    %ix/vec4 4;
    %load/vec4a v0x563120a30bb0, 4;
    %parti/s 4, 4, 4;
    %store/vec4 v0x563120a311a0_0, 0, 4;
    %jmp T_6.9;
T_6.8 ;
    %load/vec4 v0x563120a30fe0_0;
    %pad/u 33;
    %addi 1, 0, 33;
    %ix/vec4 4;
    %load/vec4a v0x563120a30bb0, 4;
    %parti/s 4, 4, 4;
    %store/vec4 v0x563120a311a0_0, 0, 4;
    %load/vec4 v0x563120a30fe0_0;
    %pad/u 33;
    %addi 1, 0, 33;
    %ix/vec4 4;
    %load/vec4a v0x563120a30bb0, 4;
    %parti/s 4, 0, 2;
    %store/vec4 v0x563120a31280_0, 0, 4;
T_6.9 ;
T_6.7 ;
T_6.4 ;
    %ix/getv 4, v0x563120a30fe0_0;
    %load/vec4a v0x563120a30bb0, 4;
    %parti/s 4, 4, 4;
    %pad/u 32;
    %cmpi/e 3, 0, 32;
    %flag_mov 8, 4;
    %ix/getv 4, v0x563120a30fe0_0;
    %load/vec4a v0x563120a30bb0, 4;
    %parti/s 4, 4, 4;
    %pad/u 32;
    %cmpi/e 4, 0, 32;
    %flag_or 4, 8;
    %flag_mov 8, 4;
    %ix/getv 4, v0x563120a30fe0_0;
    %load/vec4a v0x563120a30bb0, 4;
    %parti/s 4, 4, 4;
    %pad/u 32;
    %cmpi/e 5, 0, 32;
    %flag_or 4, 8;
    %flag_mov 8, 4;
    %ix/getv 4, v0x563120a30fe0_0;
    %load/vec4a v0x563120a30bb0, 4;
    %parti/s 4, 4, 4;
    %pad/u 32;
    %cmpi/e 7, 0, 32;
    %flag_or 4, 8;
    %flag_mov 8, 4;
    %ix/getv 4, v0x563120a30fe0_0;
    %load/vec4a v0x563120a30bb0, 4;
    %parti/s 4, 4, 4;
    %pad/u 32;
    %cmpi/e 8, 0, 32;
    %flag_or 4, 8;
    %jmp/0xz  T_6.10, 4;
    %ix/getv 4, v0x563120a30fe0_0;
    %load/vec4a v0x563120a30bb0, 4;
    %parti/s 4, 4, 4;
    %pad/u 32;
    %cmpi/e 8, 0, 32;
    %flag_mov 8, 4;
    %ix/getv 4, v0x563120a30fe0_0;
    %load/vec4a v0x563120a30bb0, 4;
    %parti/s 4, 4, 4;
    %pad/u 32;
    %cmpi/e 7, 0, 32;
    %flag_or 4, 8;
    %jmp/0xz  T_6.12, 4;
    %load/vec4 v0x563120a30fe0_0;
    %pad/u 33;
    %addi 1, 0, 33;
    %ix/vec4 4;
    %load/vec4a v0x563120a30bb0, 4;
    %ix/load 4, 0, 0;
    %flag_set/imm 4, 0;
    %store/vec4 v0x563120a31360_0, 4, 8;
    %load/vec4 v0x563120a30fe0_0;
    %pad/u 33;
    %addi 2, 0, 33;
    %ix/vec4 4;
    %load/vec4a v0x563120a30bb0, 4;
    %ix/load 4, 8, 0;
    %flag_set/imm 4, 0;
    %store/vec4 v0x563120a31360_0, 4, 8;
    %load/vec4 v0x563120a30fe0_0;
    %pad/u 33;
    %addi 3, 0, 33;
    %ix/vec4 4;
    %load/vec4a v0x563120a30bb0, 4;
    %ix/load 4, 16, 0;
    %flag_set/imm 4, 0;
    %store/vec4 v0x563120a31360_0, 4, 8;
    %load/vec4 v0x563120a30fe0_0;
    %pad/u 33;
    %addi 4, 0, 33;
    %ix/vec4 4;
    %load/vec4a v0x563120a30bb0, 4;
    %ix/load 4, 24, 0;
    %flag_set/imm 4, 0;
    %store/vec4 v0x563120a31360_0, 4, 8;
    %load/vec4 v0x563120a30fe0_0;
    %pad/u 33;
    %addi 5, 0, 33;
    %ix/vec4 4;
    %load/vec4a v0x563120a30bb0, 4;
    %ix/load 4, 32, 0;
    %flag_set/imm 4, 0;
    %store/vec4 v0x563120a31360_0, 4, 8;
    %load/vec4 v0x563120a30fe0_0;
    %pad/u 33;
    %addi 6, 0, 33;
    %ix/vec4 4;
    %load/vec4a v0x563120a30bb0, 4;
    %ix/load 4, 40, 0;
    %flag_set/imm 4, 0;
    %store/vec4 v0x563120a31360_0, 4, 8;
    %load/vec4 v0x563120a30fe0_0;
    %pad/u 33;
    %addi 7, 0, 33;
    %ix/vec4 4;
    %load/vec4a v0x563120a30bb0, 4;
    %ix/load 4, 48, 0;
    %flag_set/imm 4, 0;
    %store/vec4 v0x563120a31360_0, 4, 8;
    %load/vec4 v0x563120a30fe0_0;
    %pad/u 33;
    %addi 8, 0, 33;
    %ix/vec4 4;
    %load/vec4a v0x563120a30bb0, 4;
    %ix/load 4, 56, 0;
    %flag_set/imm 4, 0;
    %store/vec4 v0x563120a31360_0, 4, 8;
    %load/vec4 v0x563120a31440_0;
    %addi 8, 0, 11;
    %store/vec4 v0x563120a31440_0, 0, 11;
    %jmp T_6.13;
T_6.12 ;
    %load/vec4 v0x563120a30fe0_0;
    %pad/u 33;
    %addi 2, 0, 33;
    %ix/vec4 4;
    %load/vec4a v0x563120a30bb0, 4;
    %ix/load 4, 0, 0;
    %flag_set/imm 4, 0;
    %store/vec4 v0x563120a31360_0, 4, 8;
    %load/vec4 v0x563120a30fe0_0;
    %pad/u 33;
    %addi 3, 0, 33;
    %ix/vec4 4;
    %load/vec4a v0x563120a30bb0, 4;
    %ix/load 4, 8, 0;
    %flag_set/imm 4, 0;
    %store/vec4 v0x563120a31360_0, 4, 8;
    %load/vec4 v0x563120a30fe0_0;
    %pad/u 33;
    %addi 4, 0, 33;
    %ix/vec4 4;
    %load/vec4a v0x563120a30bb0, 4;
    %ix/load 4, 16, 0;
    %flag_set/imm 4, 0;
    %store/vec4 v0x563120a31360_0, 4, 8;
    %load/vec4 v0x563120a30fe0_0;
    %pad/u 33;
    %addi 5, 0, 33;
    %ix/vec4 4;
    %load/vec4a v0x563120a30bb0, 4;
    %ix/load 4, 24, 0;
    %flag_set/imm 4, 0;
    %store/vec4 v0x563120a31360_0, 4, 8;
    %load/vec4 v0x563120a30fe0_0;
    %pad/u 33;
    %addi 6, 0, 33;
    %ix/vec4 4;
    %load/vec4a v0x563120a30bb0, 4;
    %ix/load 4, 32, 0;
    %flag_set/imm 4, 0;
    %store/vec4 v0x563120a31360_0, 4, 8;
    %load/vec4 v0x563120a30fe0_0;
    %pad/u 33;
    %addi 7, 0, 33;
    %ix/vec4 4;
    %load/vec4a v0x563120a30bb0, 4;
    %ix/load 4, 40, 0;
    %flag_set/imm 4, 0;
    %store/vec4 v0x563120a31360_0, 4, 8;
    %load/vec4 v0x563120a30fe0_0;
    %pad/u 33;
    %addi 8, 0, 33;
    %ix/vec4 4;
    %load/vec4a v0x563120a30bb0, 4;
    %ix/load 4, 48, 0;
    %flag_set/imm 4, 0;
    %store/vec4 v0x563120a31360_0, 4, 8;
    %load/vec4 v0x563120a30fe0_0;
    %pad/u 33;
    %addi 9, 0, 33;
    %ix/vec4 4;
    %load/vec4a v0x563120a30bb0, 4;
    %ix/load 4, 56, 0;
    %flag_set/imm 4, 0;
    %store/vec4 v0x563120a31360_0, 4, 8;
    %load/vec4 v0x563120a31440_0;
    %addi 8, 0, 11;
    %store/vec4 v0x563120a31440_0, 0, 11;
T_6.13 ;
T_6.10 ;
T_6.3 ;
T_6.1 ;
    %load/vec4 v0x563120a30c70_0;
    %pad/u 32;
    %cmpi/e 0, 0, 32;
    %jmp/0xz  T_6.14, 4;
    %vpi_call 4 97 "$display", "Stat -SHLT" {0 0 0};
    %vpi_call 4 98 "$display", "halt encounterd" {0 0 0};
    %delay 1000, 0;
    %vpi_call 4 100 "$finish" {0 0 0};
T_6.14 ;
    %vpi_call 4 102 "$display", "\012\012\012 Fetch -- icode - %h, ifun -  %h, rA -%h, rB - %h, valc - %h, valP - %h, pc - %h", v0x563120a30c70_0, v0x563120a30d30_0, v0x563120a311a0_0, v0x563120a31280_0, v0x563120a31360_0, v0x563120a31440_0, v0x563120a30fe0_0 {0 0 0};
    %pushi/vec4 1, 0, 1;
    %store/vec4 v0x563120a30ad0_0, 0, 1;
    %jmp T_6;
    .thread T_6, $push;
    .scope S_0x563120a31660;
T_7 ;
    %pushi/vec4 0, 0, 32;
    %store/vec4 v0x563120a31cb0_0, 0, 32;
    %end;
    .thread T_7;
    .scope S_0x563120a31660;
T_8 ;
    %pushi/vec4 0, 0, 64;
    %ix/load 4, 0, 0;
    %flag_set/imm 4, 0;
    %store/vec4a v0x563120a322a0, 4, 0;
    %pushi/vec4 0, 0, 64;
    %ix/load 4, 1, 0;
    %flag_set/imm 4, 0;
    %store/vec4a v0x563120a322a0, 4, 0;
    %pushi/vec4 0, 0, 64;
    %ix/load 4, 2, 0;
    %flag_set/imm 4, 0;
    %store/vec4a v0x563120a322a0, 4, 0;
    %pushi/vec4 0, 0, 64;
    %ix/load 4, 3, 0;
    %flag_set/imm 4, 0;
    %store/vec4a v0x563120a322a0, 4, 0;
    %pushi/vec4 128, 0, 64;
    %ix/load 4, 4, 0;
    %flag_set/imm 4, 0;
    %store/vec4a v0x563120a322a0, 4, 0;
    %pushi/vec4 0, 0, 64;
    %ix/load 4, 5, 0;
    %flag_set/imm 4, 0;
    %store/vec4a v0x563120a322a0, 4, 0;
    %pushi/vec4 0, 0, 64;
    %ix/load 4, 6, 0;
    %flag_set/imm 4, 0;
    %store/vec4a v0x563120a322a0, 4, 0;
    %pushi/vec4 0, 0, 64;
    %ix/load 4, 7, 0;
    %flag_set/imm 4, 0;
    %store/vec4a v0x563120a322a0, 4, 0;
    %pushi/vec4 0, 0, 64;
    %ix/load 4, 8, 0;
    %flag_set/imm 4, 0;
    %store/vec4a v0x563120a322a0, 4, 0;
    %pushi/vec4 0, 0, 64;
    %ix/load 4, 9, 0;
    %flag_set/imm 4, 0;
    %store/vec4a v0x563120a322a0, 4, 0;
    %pushi/vec4 0, 0, 64;
    %ix/load 4, 10, 0;
    %flag_set/imm 4, 0;
    %store/vec4a v0x563120a322a0, 4, 0;
    %pushi/vec4 0, 0, 64;
    %ix/load 4, 11, 0;
    %flag_set/imm 4, 0;
    %store/vec4a v0x563120a322a0, 4, 0;
    %pushi/vec4 0, 0, 64;
    %ix/load 4, 12, 0;
    %flag_set/imm 4, 0;
    %store/vec4a v0x563120a322a0, 4, 0;
    %pushi/vec4 0, 0, 64;
    %ix/load 4, 13, 0;
    %flag_set/imm 4, 0;
    %store/vec4a v0x563120a322a0, 4, 0;
    %pushi/vec4 0, 0, 64;
    %ix/load 4, 14, 0;
    %flag_set/imm 4, 0;
    %store/vec4a v0x563120a322a0, 4, 0;
    %pushi/vec4 0, 0, 64;
    %ix/load 4, 15, 0;
    %flag_set/imm 4, 0;
    %store/vec4a v0x563120a322a0, 4, 0;
    %end;
    .thread T_8;
    .scope S_0x563120a31660;
T_9 ;
    %wait E_0x563120a31860;
    %pushi/vec4 0, 0, 1;
    %store/vec4 v0x563120a31b00_0, 0, 1;
    %pushi/vec4 0, 0, 64;
    %store/vec4 v0x563120a32340_0, 0, 64;
    %pushi/vec4 0, 0, 64;
    %store/vec4 v0x563120a32420_0, 0, 64;
    %load/vec4 v0x563120a31d70_0;
    %pad/u 32;
    %cmpi/e 2, 0, 32;
    %flag_mov 8, 4;
    %load/vec4 v0x563120a31d70_0;
    %pad/u 32;
    %cmpi/e 4, 0, 32;
    %flag_or 4, 8;
    %flag_mov 8, 4;
    %load/vec4 v0x563120a31d70_0;
    %pad/u 32;
    %cmpi/e 6, 0, 32;
    %flag_or 4, 8;
    %flag_mov 8, 4;
    %load/vec4 v0x563120a31d70_0;
    %pad/u 32;
    %cmpi/e 10, 0, 32;
    %flag_or 4, 8;
    %jmp/0xz  T_9.0, 4;
    %load/vec4 v0x563120a320e0_0;
    %pad/u 6;
    %ix/vec4 4;
    %load/vec4a v0x563120a322a0, 4;
    %store/vec4 v0x563120a32340_0, 0, 64;
T_9.0 ;
    %load/vec4 v0x563120a31d70_0;
    %pad/u 32;
    %cmpi/e 6, 0, 32;
    %jmp/0xz  T_9.2, 4;
    %load/vec4 v0x563120a321d0_0;
    %pad/u 6;
    %ix/vec4 4;
    %load/vec4a v0x563120a322a0, 4;
    %store/vec4 v0x563120a32420_0, 0, 64;
T_9.2 ;
    %load/vec4 v0x563120a31d70_0;
    %pad/u 32;
    %cmpi/e 4, 0, 32;
    %flag_mov 8, 4;
    %load/vec4 v0x563120a31d70_0;
    %pad/u 32;
    %cmpi/e 5, 0, 32;
    %flag_or 4, 8;
    %jmp/0xz  T_9.4, 4;
    %load/vec4 v0x563120a321d0_0;
    %pad/u 6;
    %ix/vec4 4;
    %load/vec4a v0x563120a322a0, 4;
    %store/vec4 v0x563120a32420_0, 0, 64;
T_9.4 ;
    %load/vec4 v0x563120a31d70_0;
    %pad/u 32;
    %cmpi/e 10, 0, 32;
    %flag_mov 8, 4;
    %load/vec4 v0x563120a31d70_0;
    %pad/u 32;
    %cmpi/e 8, 0, 32;
    %flag_or 4, 8;
    %jmp/0xz  T_9.6, 4;
    %ix/load 4, 4, 0;
    %flag_set/imm 4, 0;
    %load/vec4a v0x563120a322a0, 4;
    %store/vec4 v0x563120a32420_0, 0, 64;
T_9.6 ;
    %load/vec4 v0x563120a31d70_0;
    %pad/u 32;
    %cmpi/e 11, 0, 32;
    %flag_mov 8, 4;
    %load/vec4 v0x563120a31d70_0;
    %pad/u 32;
    %cmpi/e 9, 0, 32;
    %flag_or 4, 8;
    %jmp/0xz  T_9.8, 4;
    %ix/load 4, 4, 0;
    %flag_set/imm 4, 0;
    %load/vec4a v0x563120a322a0, 4;
    %store/vec4 v0x563120a32340_0, 0, 64;
T_9.8 ;
    %pushi/vec4 1, 0, 1;
    %store/vec4 v0x563120a31b00_0, 0, 1;
    %vpi_call 5 75 "$display", "Decode -- icode - %h, valA - %h, valB- %h", v0x563120a31d70_0, v0x563120a32340_0, v0x563120a32420_0 {0 0 0};
    %jmp T_9;
    .thread T_9;
    .scope S_0x563120a31660;
T_10 ;
    %wait E_0x563120a31800;
    %load/vec4 v0x563120a31d70_0;
    %pad/u 32;
    %cmpi/e 5, 0, 32;
    %flag_mov 8, 4;
    %load/vec4 v0x563120a31d70_0;
    %pad/u 32;
    %cmpi/e 11, 0, 32;
    %flag_or 4, 8;
    %jmp/0xz  T_10.0, 4;
    %load/vec4 v0x563120a325e0_0;
    %load/vec4 v0x563120a320e0_0;
    %pad/u 6;
    %ix/vec4 4;
    %store/vec4a v0x563120a322a0, 4, 0;
T_10.0 ;
    %load/vec4 v0x563120a31d70_0;
    %pad/u 32;
    %pushi/vec4 2, 0, 32;
    %cmp/e;
    %flag_get/vec4 4;
    %load/vec4 v0x563120a319a0_0;
    %pad/u 32;
    %pushi/vec4 1, 0, 32;
    %cmp/e;
    %flag_get/vec4 4;
    %and;
    %flag_set/vec4 8;
    %load/vec4 v0x563120a31d70_0;
    %pad/u 32;
    %cmpi/e 3, 0, 32;
    %flag_or 4, 8;
    %flag_mov 8, 4;
    %load/vec4 v0x563120a31d70_0;
    %pad/u 32;
    %cmpi/e 6, 0, 32;
    %flag_or 4, 8;
    %jmp/0xz  T_10.2, 4;
    %load/vec4 v0x563120a32500_0;
    %load/vec4 v0x563120a321d0_0;
    %pad/u 6;
    %ix/vec4 4;
    %store/vec4a v0x563120a322a0, 4, 0;
T_10.2 ;
    %load/vec4 v0x563120a31d70_0;
    %pad/u 32;
    %cmpi/e 8, 0, 32;
    %flag_mov 8, 4;
    %load/vec4 v0x563120a31d70_0;
    %pad/u 32;
    %cmpi/e 9, 0, 32;
    %flag_or 4, 8;
    %flag_mov 8, 4;
    %load/vec4 v0x563120a31d70_0;
    %pad/u 32;
    %cmpi/e 11, 0, 32;
    %flag_or 4, 8;
    %flag_mov 8, 4;
    %load/vec4 v0x563120a31d70_0;
    %pad/u 32;
    %cmpi/e 10, 0, 32;
    %flag_or 4, 8;
    %jmp/0xz  T_10.4, 4;
    %load/vec4 v0x563120a32500_0;
    %ix/load 4, 4, 0;
    %flag_set/imm 4, 0;
    %store/vec4a v0x563120a322a0, 4, 0;
T_10.4 ;
    %ix/load 4, 1, 0;
    %flag_set/imm 4, 0;
    %load/vec4a v0x563120a322a0, 4;
    %store/vec4 v0x563120a31f20_0, 0, 64;
    %ix/load 4, 2, 0;
    %flag_set/imm 4, 0;
    %load/vec4a v0x563120a322a0, 4;
    %store/vec4 v0x563120a32000_0, 0, 64;
    %ix/load 4, 0, 0;
    %flag_set/imm 4, 0;
    %load/vec4a v0x563120a322a0, 4;
    %store/vec4 v0x563120a31e60_0, 0, 64;
    %vpi_call 5 98 "$display", "write back -- Time -- %0t ps,icode - %h,cnd - %h, valE - %h, valM - %h", $time, v0x563120a31d70_0, v0x563120a319a0_0, v0x563120a32500_0, v0x563120a325e0_0 {0 0 0};
    %vpi_call 5 99 "$display", "REGISTER FILE" {0 0 0};
    %pushi/vec4 0, 0, 32;
    %store/vec4 v0x563120a31cb0_0, 0, 32;
T_10.6 ;
    %load/vec4 v0x563120a31cb0_0;
    %cmpi/s 16, 0, 32;
    %jmp/0xz T_10.7, 5;
    %load/vec4 v0x563120a31cb0_0;
    %addi 1, 0, 32;
    %load/vec4 v0x563120a31cb0_0;
    %pad/s 33;
    %addi 1, 0, 33;
    %ix/vec4/s 4;
    %load/vec4a v0x563120a322a0, 4;
    %vpi_call 5 102 "$display", "R%0d - %d     ----     R%0d - %d", v0x563120a31cb0_0, &A<v0x563120a322a0, v0x563120a31cb0_0 >, S<1,vec4,s32>, S<0,vec4,s64> {2 0 0};
    %load/vec4 v0x563120a31cb0_0;
    %addi 2, 0, 32;
    %store/vec4 v0x563120a31cb0_0, 0, 32;
    %jmp T_10.6;
T_10.7 ;
    %vpi_call 5 105 "$display", "\012\012" {0 0 0};
    %jmp T_10;
    .thread T_10;
    .scope S_0x563120a32820;
T_11 ;
    %pushi/vec4 0, 0, 1;
    %ix/load 4, 0, 0;
    %flag_set/imm 4, 0;
    %store/vec4 v0x563120a32d40_0, 4, 1;
    %pushi/vec4 0, 0, 1;
    %ix/load 4, 1, 0;
    %flag_set/imm 4, 0;
    %store/vec4 v0x563120a32d40_0, 4, 1;
    %pushi/vec4 0, 0, 1;
    %ix/load 4, 2, 0;
    %flag_set/imm 4, 0;
    %store/vec4 v0x563120a32d40_0, 4, 1;
    %end;
    .thread T_11;
    .scope S_0x563120a32820;
T_12 ;
    %wait E_0x563120a32b00;
    %pushi/vec4 0, 0, 1;
    %store/vec4 v0x563120a32ff0_0, 0, 1;
    %load/vec4 v0x563120a33150_0;
    %pad/u 32;
    %cmpi/e 2, 0, 32;
    %flag_mov 8, 4;
    %load/vec4 v0x563120a33150_0;
    %pad/u 32;
    %cmpi/e 6, 0, 32;
    %flag_or 4, 8;
    %jmp/0xz  T_12.0, 4;
    %load/vec4 v0x563120a33320_0;
    %store/vec4 v0x563120a32b60_0, 0, 64;
    %jmp T_12.1;
T_12.0 ;
    %load/vec4 v0x563120a33150_0;
    %pad/u 32;
    %cmpi/e 3, 0, 32;
    %flag_mov 8, 4;
    %load/vec4 v0x563120a33150_0;
    %pad/u 32;
    %cmpi/e 4, 0, 32;
    %flag_or 4, 8;
    %flag_mov 8, 4;
    %load/vec4 v0x563120a33150_0;
    %pad/u 32;
    %cmpi/e 5, 0, 32;
    %flag_or 4, 8;
    %jmp/0xz  T_12.2, 4;
    %load/vec4 v0x563120a334c0_0;
    %store/vec4 v0x563120a32b60_0, 0, 64;
    %jmp T_12.3;
T_12.2 ;
    %load/vec4 v0x563120a33150_0;
    %pad/u 32;
    %cmpi/e 8, 0, 32;
    %flag_mov 8, 4;
    %load/vec4 v0x563120a33150_0;
    %pad/u 32;
    %cmpi/e 10, 0, 32;
    %flag_or 4, 8;
    %jmp/0xz  T_12.4, 4;
    %pushi/vec4 4294967295, 0, 32;
    %concati/vec4 4294967295, 0, 32;
    %store/vec4 v0x563120a32b60_0, 0, 64;
    %jmp T_12.5;
T_12.4 ;
    %load/vec4 v0x563120a33150_0;
    %pad/u 32;
    %cmpi/e 9, 0, 32;
    %flag_mov 8, 4;
    %load/vec4 v0x563120a33150_0;
    %pad/u 32;
    %cmpi/e 11, 0, 32;
    %flag_or 4, 8;
    %jmp/0xz  T_12.6, 4;
    %pushi/vec4 1, 0, 64;
    %store/vec4 v0x563120a32b60_0, 0, 64;
T_12.6 ;
T_12.5 ;
T_12.3 ;
T_12.1 ;
    %load/vec4 v0x563120a33150_0;
    %pad/u 32;
    %cmpi/e 3, 0, 32;
    %flag_mov 8, 4;
    %load/vec4 v0x563120a33150_0;
    %pad/u 32;
    %cmpi/e 2, 0, 32;
    %flag_or 4, 8;
    %jmp/0xz  T_12.8, 4;
    %pushi/vec4 0, 0, 64;
    %store/vec4 v0x563120a32c60_0, 0, 64;
    %jmp T_12.9;
T_12.8 ;
    %load/vec4 v0x563120a33150_0;
    %pad/u 32;
    %cmpi/e 4, 0, 32;
    %flag_mov 8, 4;
    %load/vec4 v0x563120a33150_0;
    %pad/u 32;
    %cmpi/e 5, 0, 32;
    %flag_or 4, 8;
    %flag_mov 8, 4;
    %load/vec4 v0x563120a33150_0;
    %pad/u 32;
    %cmpi/e 6, 0, 32;
    %flag_or 4, 8;
    %flag_mov 8, 4;
    %load/vec4 v0x563120a33150_0;
    %pad/u 32;
    %cmpi/e 8, 0, 32;
    %flag_or 4, 8;
    %flag_mov 8, 4;
    %load/vec4 v0x563120a33150_0;
    %pad/u 32;
    %cmpi/e 10, 0, 32;
    %flag_or 4, 8;
    %jmp/0xz  T_12.10, 4;
    %load/vec4 v0x563120a333f0_0;
    %store/vec4 v0x563120a32c60_0, 0, 64;
    %jmp T_12.11;
T_12.10 ;
    %load/vec4 v0x563120a33150_0;
    %pad/u 32;
    %cmpi/e 9, 0, 32;
    %flag_mov 8, 4;
    %load/vec4 v0x563120a33150_0;
    %pad/u 32;
    %cmpi/e 11, 0, 32;
    %flag_or 4, 8;
    %jmp/0xz  T_12.12, 4;
    %load/vec4 v0x563120a33320_0;
    %store/vec4 v0x563120a32c60_0, 0, 64;
T_12.12 ;
T_12.11 ;
T_12.9 ;
    %load/vec4 v0x563120a33150_0;
    %pad/u 32;
    %cmpi/e 6, 0, 32;
    %jmp/0xz  T_12.14, 4;
    %load/vec4 v0x563120a33260_0;
    %pad/u 3;
    %store/vec4 v0x563120a33090_0, 0, 3;
    %jmp T_12.15;
T_12.14 ;
    %load/vec4 v0x563120a33150_0;
    %pad/u 32;
    %cmpi/e 2, 0, 32;
    %flag_mov 8, 4;
    %load/vec4 v0x563120a33150_0;
    %pad/u 32;
    %cmpi/e 3, 0, 32;
    %flag_or 4, 8;
    %flag_mov 8, 4;
    %load/vec4 v0x563120a33150_0;
    %pad/u 32;
    %cmpi/e 4, 0, 32;
    %flag_or 4, 8;
    %flag_mov 8, 4;
    %load/vec4 v0x563120a33150_0;
    %pad/u 32;
    %cmpi/e 5, 0, 32;
    %flag_or 4, 8;
    %flag_mov 8, 4;
    %load/vec4 v0x563120a33150_0;
    %pad/u 32;
    %cmpi/e 8, 0, 32;
    %flag_or 4, 8;
    %flag_mov 8, 4;
    %load/vec4 v0x563120a33150_0;
    %pad/u 32;
    %cmpi/e 9, 0, 32;
    %flag_or 4, 8;
    %flag_mov 8, 4;
    %load/vec4 v0x563120a33150_0;
    %pad/u 32;
    %cmpi/e 10, 0, 32;
    %flag_or 4, 8;
    %flag_mov 8, 4;
    %load/vec4 v0x563120a33150_0;
    %pad/u 32;
    %cmpi/e 11, 0, 32;
    %flag_or 4, 8;
    %jmp/0xz  T_12.16, 4;
    %pushi/vec4 0, 0, 3;
    %store/vec4 v0x563120a33090_0, 0, 3;
T_12.16 ;
T_12.15 ;
    %load/vec4 v0x563120a33150_0;
    %pad/u 32;
    %cmpi/e 2, 0, 32;
    %flag_mov 8, 4;
    %load/vec4 v0x563120a33150_0;
    %pad/u 32;
    %cmpi/e 3, 0, 32;
    %flag_or 4, 8;
    %flag_mov 8, 4;
    %load/vec4 v0x563120a33150_0;
    %pad/u 32;
    %cmpi/e 4, 0, 32;
    %flag_or 4, 8;
    %flag_mov 8, 4;
    %load/vec4 v0x563120a33150_0;
    %pad/u 32;
    %cmpi/e 5, 0, 32;
    %flag_or 4, 8;
    %flag_mov 8, 4;
    %load/vec4 v0x563120a33150_0;
    %pad/u 32;
    %cmpi/e 8, 0, 32;
    %flag_or 4, 8;
    %flag_mov 8, 4;
    %load/vec4 v0x563120a33150_0;
    %pad/u 32;
    %cmpi/e 9, 0, 32;
    %flag_or 4, 8;
    %flag_mov 8, 4;
    %load/vec4 v0x563120a33150_0;
    %pad/u 32;
    %cmpi/e 10, 0, 32;
    %flag_or 4, 8;
    %flag_mov 8, 4;
    %load/vec4 v0x563120a33150_0;
    %pad/u 32;
    %cmpi/e 11, 0, 32;
    %flag_or 4, 8;
    %jmp/0xz  T_12.18, 4;
    %load/vec4 v0x563120a32b60_0;
    %load/vec4 v0x563120a32c60_0;
    %add;
    %store/vec4 v0x563120a33590_0, 0, 64;
    %jmp T_12.19;
T_12.18 ;
    %load/vec4 v0x563120a33150_0;
    %pad/u 32;
    %cmpi/e 6, 0, 32;
    %jmp/0xz  T_12.20, 4;
    %pushi/vec4 0, 0, 3;
    %store/vec4 v0x563120a32d40_0, 0, 3;
    %load/vec4 v0x563120a33090_0;
    %pad/u 32;
    %cmpi/e 0, 0, 32;
    %jmp/0xz  T_12.22, 4;
    %load/vec4 v0x563120a32b60_0;
    %load/vec4 v0x563120a32c60_0;
    %add;
    %store/vec4 v0x563120a33590_0, 0, 64;
    %load/vec4 v0x563120a33590_0;
    %cmpi/e 0, 0, 64;
    %jmp/0xz  T_12.24, 4;
    %pushi/vec4 1, 0, 1;
    %ix/load 4, 0, 0;
    %flag_set/imm 4, 0;
    %store/vec4 v0x563120a32d40_0, 4, 1;
T_12.24 ;
    %load/vec4 v0x563120a33590_0;
    %parti/s 1, 63, 7;
    %pad/u 32;
    %cmpi/e 1, 0, 32;
    %jmp/0xz  T_12.26, 4;
    %pushi/vec4 1, 0, 1;
    %ix/load 4, 1, 0;
    %flag_set/imm 4, 0;
    %store/vec4 v0x563120a32d40_0, 4, 1;
T_12.26 ;
    %load/vec4 v0x563120a33590_0;
    %parti/s 1, 63, 7;
    %pad/u 32;
    %pushi/vec4 1, 0, 32;
    %cmp/e;
    %flag_get/vec4 4;
    %load/vec4 v0x563120a32b60_0;
    %parti/s 1, 63, 7;
    %pad/u 32;
    %pushi/vec4 0, 0, 32;
    %cmp/e;
    %flag_get/vec4 4;
    %and;
    %load/vec4 v0x563120a32c60_0;
    %parti/s 1, 63, 7;
    %pad/u 32;
    %pushi/vec4 0, 0, 32;
    %cmp/e;
    %flag_get/vec4 4;
    %and;
    %flag_set/vec4 8;
    %load/vec4 v0x563120a33590_0;
    %parti/s 1, 63, 7;
    %pad/u 32;
    %pushi/vec4 0, 0, 32;
    %cmp/e;
    %flag_get/vec4 4;
    %load/vec4 v0x563120a32b60_0;
    %parti/s 1, 63, 7;
    %pad/u 32;
    %pushi/vec4 1, 0, 32;
    %cmp/e;
    %flag_get/vec4 4;
    %and;
    %load/vec4 v0x563120a32b60_0;
    %parti/s 1, 63, 7;
    %pad/u 32;
    %pushi/vec4 1, 0, 32;
    %cmp/e;
    %flag_get/vec4 4;
    %and;
    %flag_set/vec4 9;
    %flag_or 9, 8;
    %jmp/0xz  T_12.28, 9;
    %pushi/vec4 1, 0, 1;
    %ix/load 4, 2, 0;
    %flag_set/imm 4, 0;
    %store/vec4 v0x563120a32d40_0, 4, 1;
T_12.28 ;
T_12.22 ;
    %load/vec4 v0x563120a33090_0;
    %pad/u 32;
    %cmpi/e 1, 0, 32;
    %jmp/0xz  T_12.30, 4;
    %load/vec4 v0x563120a32c60_0;
    %load/vec4 v0x563120a32b60_0;
    %inv;
    %pushi/vec4 1, 0, 64;
    %add;
    %add;
    %store/vec4 v0x563120a33590_0, 0, 64;
    %load/vec4 v0x563120a33590_0;
    %cmpi/e 0, 0, 64;
    %jmp/0xz  T_12.32, 4;
    %pushi/vec4 1, 0, 1;
    %ix/load 4, 0, 0;
    %flag_set/imm 4, 0;
    %store/vec4 v0x563120a32d40_0, 4, 1;
T_12.32 ;
    %load/vec4 v0x563120a33590_0;
    %parti/s 1, 63, 7;
    %pad/u 32;
    %cmpi/e 1, 0, 32;
    %jmp/0xz  T_12.34, 4;
    %pushi/vec4 1, 0, 1;
    %ix/load 4, 1, 0;
    %flag_set/imm 4, 0;
    %store/vec4 v0x563120a32d40_0, 4, 1;
T_12.34 ;
    %load/vec4 v0x563120a33590_0;
    %parti/s 1, 63, 7;
    %pad/u 32;
    %pushi/vec4 0, 0, 32;
    %cmp/e;
    %flag_get/vec4 4;
    %load/vec4 v0x563120a32b60_0;
    %parti/s 1, 63, 7;
    %pad/u 32;
    %pushi/vec4 0, 0, 32;
    %cmp/e;
    %flag_get/vec4 4;
    %and;
    %load/vec4 v0x563120a32c60_0;
    %parti/s 1, 63, 7;
    %pad/u 32;
    %pushi/vec4 1, 0, 32;
    %cmp/e;
    %flag_get/vec4 4;
    %and;
    %flag_set/vec4 8;
    %load/vec4 v0x563120a33590_0;
    %parti/s 1, 63, 7;
    %pad/u 32;
    %pushi/vec4 1, 0, 32;
    %cmp/e;
    %flag_get/vec4 4;
    %load/vec4 v0x563120a32b60_0;
    %parti/s 1, 63, 7;
    %pad/u 32;
    %pushi/vec4 1, 0, 32;
    %cmp/e;
    %flag_get/vec4 4;
    %and;
    %load/vec4 v0x563120a32c60_0;
    %parti/s 1, 63, 7;
    %pad/u 32;
    %pushi/vec4 0, 0, 32;
    %cmp/e;
    %flag_get/vec4 4;
    %and;
    %flag_set/vec4 9;
    %flag_or 9, 8;
    %jmp/0xz  T_12.36, 9;
    %pushi/vec4 1, 0, 1;
    %ix/load 4, 2, 0;
    %flag_set/imm 4, 0;
    %store/vec4 v0x563120a32d40_0, 4, 1;
T_12.36 ;
T_12.30 ;
    %load/vec4 v0x563120a33090_0;
    %pad/u 32;
    %cmpi/e 2, 0, 32;
    %jmp/0xz  T_12.38, 4;
    %load/vec4 v0x563120a32c60_0;
    %load/vec4 v0x563120a32b60_0;
    %and;
    %store/vec4 v0x563120a33590_0, 0, 64;
    %load/vec4 v0x563120a33590_0;
    %cmpi/e 0, 0, 64;
    %jmp/0xz  T_12.40, 4;
    %pushi/vec4 1, 0, 1;
    %ix/load 4, 0, 0;
    %flag_set/imm 4, 0;
    %store/vec4 v0x563120a32d40_0, 4, 1;
T_12.40 ;
T_12.38 ;
    %load/vec4 v0x563120a33090_0;
    %pad/u 32;
    %cmpi/e 3, 0, 32;
    %jmp/0xz  T_12.42, 4;
    %load/vec4 v0x563120a32c60_0;
    %load/vec4 v0x563120a32b60_0;
    %xor;
    %store/vec4 v0x563120a33590_0, 0, 64;
    %load/vec4 v0x563120a33590_0;
    %cmpi/e 0, 0, 64;
    %jmp/0xz  T_12.44, 4;
    %pushi/vec4 1, 0, 1;
    %ix/load 4, 0, 0;
    %flag_set/imm 4, 0;
    %store/vec4 v0x563120a32d40_0, 4, 1;
T_12.44 ;
T_12.42 ;
T_12.20 ;
T_12.19 ;
    %load/vec4 v0x563120a33150_0;
    %pad/u 32;
    %cmpi/e 7, 0, 32;
    %flag_mov 8, 4;
    %load/vec4 v0x563120a33150_0;
    %pad/u 32;
    %cmpi/e 2, 0, 32;
    %flag_or 4, 8;
    %jmp/0xz  T_12.46, 4;
    %pushi/vec4 0, 0, 1;
    %store/vec4 v0x563120a32e30_0, 0, 1;
    %load/vec4 v0x563120a33260_0;
    %pad/u 32;
    %cmpi/e 0, 0, 32;
    %jmp/0xz  T_12.48, 4;
    %pushi/vec4 1, 0, 1;
    %store/vec4 v0x563120a32e30_0, 0, 1;
    %jmp T_12.49;
T_12.48 ;
    %load/vec4 v0x563120a33260_0;
    %pad/u 32;
    %pushi/vec4 1, 0, 32;
    %cmp/e;
    %flag_get/vec4 4;
    %load/vec4 v0x563120a32d40_0;
    %parti/s 1, 0, 2;
    %pad/u 32;
    %load/vec4 v0x563120a32d40_0;
    %parti/s 1, 1, 2;
    %pad/u 32;
    %load/vec4 v0x563120a32d40_0;
    %parti/s 1, 2, 3;
    %pad/u 32;
    %xor;
    %or;
    %pushi/vec4 1, 0, 32;
    %cmp/e;
    %flag_get/vec4 4;
    %and;
    %flag_set/vec4 8;
    %jmp/0xz  T_12.50, 8;
    %pushi/vec4 1, 0, 1;
    %store/vec4 v0x563120a32e30_0, 0, 1;
    %jmp T_12.51;
T_12.50 ;
    %load/vec4 v0x563120a33260_0;
    %pad/u 32;
    %pushi/vec4 2, 0, 32;
    %cmp/e;
    %flag_get/vec4 4;
    %load/vec4 v0x563120a32d40_0;
    %parti/s 1, 1, 2;
    %load/vec4 v0x563120a32d40_0;
    %parti/s 1, 2, 3;
    %pad/u 32;
    %pushi/vec4 1, 0, 32;
    %cmp/e;
    %flag_get/vec4 4;
    %xor;
    %and;
    %flag_set/vec4 8;
    %jmp/0xz  T_12.52, 8;
    %pushi/vec4 1, 0, 1;
    %store/vec4 v0x563120a32e30_0, 0, 1;
    %jmp T_12.53;
T_12.52 ;
    %load/vec4 v0x563120a33260_0;
    %pad/u 32;
    %pushi/vec4 3, 0, 32;
    %cmp/e;
    %flag_get/vec4 4;
    %load/vec4 v0x563120a32d40_0;
    %parti/s 1, 0, 2;
    %pad/u 32;
    %pushi/vec4 1, 0, 32;
    %cmp/e;
    %flag_get/vec4 4;
    %and;
    %flag_set/vec4 8;
    %jmp/0xz  T_12.54, 8;
    %pushi/vec4 1, 0, 1;
    %store/vec4 v0x563120a32e30_0, 0, 1;
    %jmp T_12.55;
T_12.54 ;
    %load/vec4 v0x563120a33260_0;
    %pad/u 32;
    %pushi/vec4 4, 0, 32;
    %cmp/e;
    %flag_get/vec4 4;
    %load/vec4 v0x563120a32d40_0;
    %parti/s 1, 0, 2;
    %pad/u 32;
    %pushi/vec4 0, 0, 32;
    %cmp/e;
    %flag_get/vec4 4;
    %and;
    %flag_set/vec4 8;
    %jmp/0xz  T_12.56, 8;
    %pushi/vec4 1, 0, 1;
    %store/vec4 v0x563120a32e30_0, 0, 1;
    %jmp T_12.57;
T_12.56 ;
    %load/vec4 v0x563120a33260_0;
    %pad/u 32;
    %pushi/vec4 5, 0, 32;
    %cmp/e;
    %flag_get/vec4 4;
    %load/vec4 v0x563120a32d40_0;
    %parti/s 1, 0, 2;
    %pad/u 32;
    %pushi/vec4 1, 0, 32;
    %cmp/e;
    %flag_get/vec4 4;
    %load/vec4 v0x563120a32d40_0;
    %parti/s 1, 1, 2;
    %load/vec4 v0x563120a32d40_0;
    %parti/s 1, 2, 3;
    %pad/u 32;
    %pushi/vec4 0, 0, 32;
    %cmp/e;
    %flag_get/vec4 4;
    %xor;
    %or;
    %and;
    %flag_set/vec4 8;
    %jmp/0xz  T_12.58, 8;
    %pushi/vec4 1, 0, 1;
    %store/vec4 v0x563120a32e30_0, 0, 1;
    %jmp T_12.59;
T_12.58 ;
    %load/vec4 v0x563120a33260_0;
    %pad/u 32;
    %pushi/vec4 6, 0, 32;
    %cmp/e;
    %flag_get/vec4 4;
    %load/vec4 v0x563120a32d40_0;
    %parti/s 1, 1, 2;
    %load/vec4 v0x563120a32d40_0;
    %parti/s 1, 2, 3;
    %pad/u 32;
    %pushi/vec4 0, 0, 32;
    %cmp/e;
    %flag_get/vec4 4;
    %xor;
    %and;
    %load/vec4 v0x563120a32d40_0;
    %parti/s 1, 0, 2;
    %pad/u 32;
    %pushi/vec4 0, 0, 32;
    %cmp/e;
    %flag_get/vec4 4;
    %and;
    %flag_set/vec4 8;
    %jmp/0xz  T_12.60, 8;
    %pushi/vec4 1, 0, 1;
    %store/vec4 v0x563120a32e30_0, 0, 1;
T_12.60 ;
T_12.59 ;
T_12.57 ;
T_12.55 ;
T_12.53 ;
T_12.51 ;
T_12.49 ;
T_12.46 ;
    %vpi_call 6 119 "$display", "Execute -- icode - %h ,ifun - %h, valA - %d, valB -%d, valC - %d, valE - %d, over,neg,zero - %b", v0x563120a33150_0, v0x563120a33260_0, v0x563120a33320_0, v0x563120a333f0_0, v0x563120a334c0_0, v0x563120a33590_0, v0x563120a32d40_0 {0 0 0};
    %pushi/vec4 1, 0, 1;
    %store/vec4 v0x563120a32ff0_0, 0, 1;
    %jmp T_12;
    .thread T_12;
    .scope S_0x563120a33760;
T_13 ;
    %wait E_0x563120a339e0;
    %pushi/vec4 0, 0, 1;
    %store/vec4 v0x563120a33c40_0, 0, 1;
    %pushi/vec4 0, 0, 1;
    %store/vec4 v0x563120a340e0_0, 0, 1;
    %load/vec4 v0x563120a33de0_0;
    %pad/u 32;
    %cmpi/e 11, 0, 32;
    %flag_mov 8, 4;
    %load/vec4 v0x563120a33de0_0;
    %pad/u 32;
    %cmpi/e 5, 0, 32;
    %flag_or 4, 8;
    %flag_mov 8, 4;
    %load/vec4 v0x563120a33de0_0;
    %pad/u 32;
    %cmpi/e 9, 0, 32;
    %flag_or 4, 8;
    %jmp/0xz  T_13.0, 4;
    %pushi/vec4 1, 0, 1;
    %store/vec4 v0x563120a340e0_0, 0, 1;
T_13.0 ;
    %pushi/vec4 0, 0, 1;
    %store/vec4 v0x563120a34620_0, 0, 1;
    %load/vec4 v0x563120a33de0_0;
    %pad/u 32;
    %cmpi/e 4, 0, 32;
    %flag_mov 8, 4;
    %load/vec4 v0x563120a33de0_0;
    %pad/u 32;
    %cmpi/e 8, 0, 32;
    %flag_or 4, 8;
    %flag_mov 8, 4;
    %load/vec4 v0x563120a33de0_0;
    %pad/u 32;
    %cmpi/e 10, 0, 32;
    %flag_or 4, 8;
    %jmp/0xz  T_13.2, 4;
    %pushi/vec4 1, 0, 1;
    %store/vec4 v0x563120a34620_0, 0, 1;
T_13.2 ;
    %pushi/vec4 0, 0, 64;
    %store/vec4 v0x563120a33a60_0, 0, 64;
    %load/vec4 v0x563120a33de0_0;
    %pad/u 32;
    %cmpi/e 9, 0, 32;
    %flag_mov 8, 4;
    %load/vec4 v0x563120a33de0_0;
    %pad/u 32;
    %cmpi/e 11, 0, 32;
    %flag_or 4, 8;
    %jmp/0xz  T_13.4, 4;
    %load/vec4 v0x563120a342f0_0;
    %store/vec4 v0x563120a33a60_0, 0, 64;
    %jmp T_13.5;
T_13.4 ;
    %load/vec4 v0x563120a33de0_0;
    %pad/u 32;
    %cmpi/e 5, 0, 32;
    %flag_mov 8, 4;
    %load/vec4 v0x563120a33de0_0;
    %pad/u 32;
    %cmpi/e 4, 0, 32;
    %flag_or 4, 8;
    %flag_mov 8, 4;
    %load/vec4 v0x563120a33de0_0;
    %pad/u 32;
    %cmpi/e 10, 0, 32;
    %flag_or 4, 8;
    %flag_mov 8, 4;
    %load/vec4 v0x563120a33de0_0;
    %pad/u 32;
    %cmpi/e 8, 0, 32;
    %flag_or 4, 8;
    %jmp/0xz  T_13.6, 4;
    %load/vec4 v0x563120a343b0_0;
    %store/vec4 v0x563120a33a60_0, 0, 64;
T_13.6 ;
T_13.5 ;
    %pushi/vec4 0, 0, 64;
    %store/vec4 v0x563120a33b60_0, 0, 64;
    %load/vec4 v0x563120a33de0_0;
    %pad/u 32;
    %cmpi/e 4, 0, 32;
    %flag_mov 8, 4;
    %load/vec4 v0x563120a33de0_0;
    %pad/u 32;
    %cmpi/e 10, 0, 32;
    %flag_or 4, 8;
    %jmp/0xz  T_13.8, 4;
    %load/vec4 v0x563120a342f0_0;
    %store/vec4 v0x563120a33b60_0, 0, 64;
    %jmp T_13.9;
T_13.8 ;
    %load/vec4 v0x563120a33de0_0;
    %pad/u 32;
    %cmpi/e 8, 0, 32;
    %jmp/0xz  T_13.10, 4;
    %load/vec4 v0x563120a34580_0;
    %pad/u 64;
    %store/vec4 v0x563120a33b60_0, 0, 64;
T_13.10 ;
T_13.9 ;
    %pushi/vec4 200, 0, 64;
    %load/vec4 v0x563120a33a60_0;
    %cmp/u;
    %jmp/0xz  T_13.12, 5;
    %pushi/vec4 1, 0, 1;
    %store/vec4 v0x563120a33c40_0, 0, 1;
    %jmp T_13.13;
T_13.12 ;
    %load/vec4 v0x563120a34620_0;
    %pad/u 32;
    %cmpi/e 1, 0, 32;
    %jmp/0xz  T_13.14, 6;
    %load/vec4 v0x563120a33b60_0;
    %ix/getv 4, v0x563120a33a60_0;
    %store/vec4a v0x563120a34040, 4, 0;
    %vpi_call 2 81 "$display", "write - %d %d %d %d", v0x563120a33a60_0, v0x563120a33b60_0, v0x563120a343b0_0, v0x563120a342f0_0 {0 0 0};
    %jmp T_13.15;
T_13.14 ;
    %load/vec4 v0x563120a340e0_0;
    %pad/u 32;
    %cmpi/e 1, 0, 32;
    %jmp/0xz  T_13.16, 6;
    %ix/getv 4, v0x563120a33a60_0;
    %load/vec4a v0x563120a34040, 4;
    %store/vec4 v0x563120a344c0_0, 0, 64;
    %vpi_call 2 86 "$display", "read -%d %d %d %d", v0x563120a344c0_0, v0x563120a33a60_0, v0x563120a343b0_0, v0x563120a342f0_0 {0 0 0};
T_13.16 ;
T_13.15 ;
T_13.13 ;
    %load/vec4 v0x563120a33ed0_0;
    %flag_set/vec4 8;
    %load/vec4 v0x563120a33c40_0;
    %flag_set/vec4 9;
    %flag_or 9, 8;
    %jmp/0xz  T_13.18, 9;
    %pushi/vec4 1, 0, 2;
    %store/vec4 v0x563120a34210_0, 0, 2;
    %jmp T_13.19;
T_13.18 ;
    %load/vec4 v0x563120a33f70_0;
    %nor/r;
    %flag_set/vec4 8;
    %jmp/0xz  T_13.20, 8;
    %pushi/vec4 2, 0, 2;
    %store/vec4 v0x563120a34210_0, 0, 2;
    %jmp T_13.21;
T_13.20 ;
    %load/vec4 v0x563120a33de0_0;
    %pad/u 32;
    %cmpi/e 0, 0, 32;
    %jmp/0xz  T_13.22, 4;
    %pushi/vec4 3, 0, 2;
    %store/vec4 v0x563120a34210_0, 0, 2;
    %jmp T_13.23;
T_13.22 ;
    %pushi/vec4 0, 0, 2;
    %store/vec4 v0x563120a34210_0, 0, 2;
T_13.23 ;
T_13.21 ;
T_13.19 ;
    %load/vec4 v0x563120a34210_0;
    %pad/u 32;
    %cmpi/e 0, 0, 32;
    %jmp/0xz  T_13.24, 4;
    %vpi_call 2 95 "$display", "stat - SAOK , icode - %h\012", v0x563120a33de0_0 {0 0 0};
    %jmp T_13.25;
T_13.24 ;
    %load/vec4 v0x563120a34210_0;
    %pad/u 32;
    %cmpi/e 1, 0, 32;
    %jmp/0xz  T_13.26, 4;
    %vpi_call 2 96 "$display", "stat - SADR , icode - %h\012", v0x563120a33a60_0 {0 0 0};
    %vpi_call 2 96 "$finish" {0 0 0};
    %jmp T_13.27;
T_13.26 ;
    %load/vec4 v0x563120a34210_0;
    %pad/u 32;
    %cmpi/e 2, 0, 32;
    %jmp/0xz  T_13.28, 4;
    %vpi_call 2 97 "$display", "stat - SINS , icode - %h\012", v0x563120a33de0_0 {0 0 0};
    %vpi_call 2 97 "$finish" {0 0 0};
    %jmp T_13.29;
T_13.28 ;
    %load/vec4 v0x563120a34210_0;
    %pad/u 32;
    %cmpi/e 3, 0, 32;
    %jmp/0xz  T_13.30, 4;
    %vpi_call 2 98 "$display", "stat -SHLT , icode - %h\012", v0x563120a33de0_0 {0 0 0};
    %vpi_call 2 98 "$finish" {0 0 0};
T_13.30 ;
T_13.29 ;
T_13.27 ;
T_13.25 ;
    %vpi_call 2 99 "$display", "Memory -- icode - %h, address - %h, data - %h, read - %h , write - %h", v0x563120a33de0_0, v0x563120a33a60_0, v0x563120a33b60_0, v0x563120a340e0_0, v0x563120a34620_0 {0 0 0};
    %jmp T_13;
    .thread T_13;
    .scope S_0x563120a34800;
T_14 ;
    %pushi/vec4 0, 0, 11;
    %store/vec4 v0x563120a34d40_0, 0, 11;
    %end;
    .thread T_14;
    .scope S_0x563120a34800;
T_15 ;
    %wait E_0x563120a31800;
    %load/vec4 v0x563120a34c10_0;
    %pad/u 32;
    %cmpi/e 1, 0, 32;
    %flag_mov 8, 4;
    %load/vec4 v0x563120a34c10_0;
    %pad/u 32;
    %cmpi/e 2, 0, 32;
    %flag_or 4, 8;
    %flag_mov 8, 4;
    %load/vec4 v0x563120a34c10_0;
    %pad/u 32;
    %cmpi/e 3, 0, 32;
    %flag_or 4, 8;
    %flag_mov 8, 4;
    %load/vec4 v0x563120a34c10_0;
    %pad/u 32;
    %cmpi/e 4, 0, 32;
    %flag_or 4, 8;
    %flag_mov 8, 4;
    %load/vec4 v0x563120a34c10_0;
    %pad/u 32;
    %cmpi/e 5, 0, 32;
    %flag_or 4, 8;
    %flag_mov 8, 4;
    %load/vec4 v0x563120a34c10_0;
    %pad/u 32;
    %cmpi/e 6, 0, 32;
    %flag_or 4, 8;
    %flag_mov 8, 4;
    %load/vec4 v0x563120a34c10_0;
    %pad/u 32;
    %cmpi/e 10, 0, 32;
    %flag_or 4, 8;
    %flag_mov 8, 4;
    %load/vec4 v0x563120a34c10_0;
    %pad/u 32;
    %cmpi/e 11, 0, 32;
    %flag_or 4, 8;
    %jmp/0xz  T_15.0, 4;
    %load/vec4 v0x563120a35010_0;
    %store/vec4 v0x563120a34d40_0, 0, 11;
    %jmp T_15.1;
T_15.0 ;
    %load/vec4 v0x563120a34c10_0;
    %pad/u 32;
    %cmpi/e 7, 0, 32;
    %jmp/0xz  T_15.2, 4;
    %load/vec4 v0x563120a34b20_0;
    %pad/u 32;
    %cmpi/e 1, 0, 32;
    %jmp/0xz  T_15.4, 4;
    %load/vec4 v0x563120a34e10_0;
    %pad/u 11;
    %store/vec4 v0x563120a34d40_0, 0, 11;
    %jmp T_15.5;
T_15.4 ;
    %load/vec4 v0x563120a35010_0;
    %store/vec4 v0x563120a34d40_0, 0, 11;
T_15.5 ;
    %jmp T_15.3;
T_15.2 ;
    %load/vec4 v0x563120a34c10_0;
    %pad/u 32;
    %cmpi/e 8, 0, 32;
    %jmp/0xz  T_15.6, 4;
    %load/vec4 v0x563120a34e10_0;
    %pad/u 11;
    %store/vec4 v0x563120a34d40_0, 0, 11;
    %jmp T_15.7;
T_15.6 ;
    %load/vec4 v0x563120a34c10_0;
    %pad/u 32;
    %cmpi/e 9, 0, 32;
    %jmp/0xz  T_15.8, 4;
    %load/vec4 v0x563120a34f00_0;
    %pad/u 11;
    %store/vec4 v0x563120a34d40_0, 0, 11;
T_15.8 ;
T_15.7 ;
T_15.3 ;
T_15.1 ;
    %vpi_call 7 32 "$display", "update -- icode - %h, cnd - %h, valP - %h, valC - %h,valM - %h ,  pc - %h", v0x563120a34c10_0, v0x563120a34b20_0, v0x563120a35010_0, v0x563120a34e10_0, v0x563120a34f00_0, v0x563120a34d40_0 {0 0 0};
    %jmp T_15;
    .thread T_15;
    .scope S_0x5631209d2550;
T_16 ;
    %delay 2840207360, 465;
    %vpi_call 3 38 "$finish" {0 0 0};
    %end;
    .thread T_16;
    .scope S_0x5631209d2550;
T_17 ;
    %vpi_call 3 43 "$dumpfile", "seq.vcd" {0 0 0};
    %vpi_call 3 44 "$dumpvars", 32'sb00000000000000000000000000000000, S_0x5631209d2550 {0 0 0};
    %pushi/vec4 0, 0, 1;
    %store/vec4 v0x563120a35240_0, 0, 1;
    %end;
    .thread T_17;
    .scope S_0x5631209d2550;
T_18 ;
    %delay 1000, 0;
    %load/vec4 v0x563120a35240_0;
    %inv;
    %store/vec4 v0x563120a35240_0, 0, 1;
    %jmp T_18;
    .thread T_18;
# The file index is used to find the file name in the following table.
:file_names 8;
    "N/A";
    "<interactive>";
    "./memory/memory.v";
    "seq_processor.v";
    "./fetch/fetch.v";
    "./decode_writeback/decode.v";
    "./alu/alu.v";
    "./pcupdate/pcupdate.v";
