#! /usr/bin/vvp
:ivl_version "10.3 (stable)";
:ivl_delay_selection "TYPICAL";
:vpi_time_precision - 12;
:vpi_module "system";
:vpi_module "vhdl_sys";
:vpi_module "v2005_math";
:vpi_module "va_math";
S_0x55c95b316ca0 .scope module, "fetch_tb" "fetch_tb" 2 4;
 .timescale -9 -12;
v0x55c95b333e50_0 .net "icode", 3 0, v0x55c95b2d0210_0;  1 drivers
v0x55c95b333f30_0 .net "ifun", 3 0, v0x55c95b333560_0;  1 drivers
v0x55c95b333fd0_0 .net "imem_error", 0 0, v0x55c95b333620_0;  1 drivers
v0x55c95b3340d0_0 .net "instr_valid", 0 0, v0x55c95b3336e0_0;  1 drivers
L_0x7f47db217018 .functor BUFT 1, C4<00000000000>, C4<0>, C4<0>, C4<0>;
v0x55c95b3341a0_0 .net "pc", 10 0, L_0x7f47db217018;  1 drivers
v0x55c95b334240_0 .net "rA", 3 0, v0x55c95b3339b0_0;  1 drivers
v0x55c95b334310_0 .net "rB", 3 0, v0x55c95b333a90_0;  1 drivers
v0x55c95b3343e0_0 .net "valC", 63 0, v0x55c95b333b70_0;  1 drivers
v0x55c95b3344b0_0 .net "valP", 10 0, v0x55c95b333c50_0;  1 drivers
S_0x55c95b316e20 .scope module, "call1" "fetch" 2 15, 3 3 0, S_0x55c95b316ca0;
 .timescale -9 -12;
    .port_info 0 /INPUT 11 "pc"
    .port_info 1 /OUTPUT 4 "icode"
    .port_info 2 /OUTPUT 4 "ifun"
    .port_info 3 /OUTPUT 4 "rA"
    .port_info 4 /OUTPUT 4 "rB"
    .port_info 5 /OUTPUT 64 "valC"
    .port_info 6 /OUTPUT 11 "valP"
    .port_info 7 /OUTPUT 1 "instr_valid"
    .port_info 8 /OUTPUT 1 "imem_error"
v0x55c95b2d0170 .array "i_mem", 45 0, 7 0;
v0x55c95b2d0210_0 .var "icode", 3 0;
v0x55c95b333560_0 .var "ifun", 3 0;
v0x55c95b333620_0 .var "imem_error", 0 0;
v0x55c95b3336e0_0 .var "instr_valid", 0 0;
v0x55c95b3337f0_0 .net "pc", 10 0, L_0x7f47db217018;  alias, 1 drivers
v0x55c95b3338d0_0 .var "pc_inc", 10 0;
v0x55c95b3339b0_0 .var "rA", 3 0;
v0x55c95b333a90_0 .var "rB", 3 0;
v0x55c95b333b70_0 .var "valC", 63 0;
v0x55c95b333c50_0 .var "valP", 10 0;
E_0x55c95b3060c0 .event edge, v0x55c95b3337f0_0;
    .scope S_0x55c95b316e20;
T_0 ;
    %pushi/vec4 0, 0, 11;
    %store/vec4 v0x55c95b333c50_0, 0, 11;
    %pushi/vec4 1, 0, 1;
    %store/vec4 v0x55c95b3336e0_0, 0, 1;
    %pushi/vec4 0, 0, 1;
    %store/vec4 v0x55c95b333620_0, 0, 1;
    %pushi/vec4 0, 0, 11;
    %store/vec4 v0x55c95b3338d0_0, 0, 11;
    %end;
    .thread T_0;
    .scope S_0x55c95b316e20;
T_1 ;
    %vpi_call 3 21 "$readmemh", "instr_mem.txt", v0x55c95b2d0170 {0 0 0};
    %end;
    .thread T_1;
    .scope S_0x55c95b316e20;
T_2 ;
    %wait E_0x55c95b3060c0;
    %pushi/vec4 15, 0, 4;
    %store/vec4 v0x55c95b3339b0_0, 0, 4;
    %pushi/vec4 15, 0, 4;
    %store/vec4 v0x55c95b333a90_0, 0, 4;
    %load/vec4 v0x55c95b3337f0_0;
    %store/vec4 v0x55c95b333c50_0, 0, 11;
    %pushi/vec4 63, 0, 32;
    %load/vec4 v0x55c95b3337f0_0;
    %pad/u 32;
    %cmp/u;
    %jmp/0xz  T_2.0, 5;
    %pushi/vec4 1, 0, 1;
    %store/vec4 v0x55c95b333620_0, 0, 1;
    %jmp T_2.1;
T_2.0 ;
    %pushi/vec4 11, 0, 32;
    %ix/getv 4, v0x55c95b3337f0_0;
    %load/vec4a v0x55c95b2d0170, 4;
    %parti/s 4, 4, 4;
    %pad/u 32;
    %cmp/u;
    %jmp/0xz  T_2.2, 5;
    %pushi/vec4 0, 0, 1;
    %store/vec4 v0x55c95b3336e0_0, 0, 1;
    %jmp T_2.3;
T_2.2 ;
    %ix/getv 4, v0x55c95b3337f0_0;
    %load/vec4a v0x55c95b2d0170, 4;
    %parti/s 4, 4, 4;
    %store/vec4 v0x55c95b2d0210_0, 0, 4;
    %ix/getv 4, v0x55c95b3337f0_0;
    %load/vec4a v0x55c95b2d0170, 4;
    %parti/s 4, 0, 2;
    %store/vec4 v0x55c95b333560_0, 0, 4;
    %load/vec4 v0x55c95b333c50_0;
    %addi 1, 0, 11;
    %store/vec4 v0x55c95b333c50_0, 0, 11;
    %ix/getv 4, v0x55c95b3337f0_0;
    %load/vec4a v0x55c95b2d0170, 4;
    %parti/s 4, 4, 4;
    %pad/u 32;
    %cmpi/e 2, 0, 32;
    %flag_mov 8, 4;
    %ix/getv 4, v0x55c95b3337f0_0;
    %load/vec4a v0x55c95b2d0170, 4;
    %parti/s 4, 4, 4;
    %pad/u 32;
    %cmpi/e 3, 0, 32;
    %flag_or 4, 8;
    %flag_mov 8, 4;
    %ix/getv 4, v0x55c95b3337f0_0;
    %load/vec4a v0x55c95b2d0170, 4;
    %parti/s 4, 4, 4;
    %pad/u 32;
    %cmpi/e 4, 0, 32;
    %flag_or 4, 8;
    %flag_mov 8, 4;
    %ix/getv 4, v0x55c95b3337f0_0;
    %load/vec4a v0x55c95b2d0170, 4;
    %parti/s 4, 4, 4;
    %pad/u 32;
    %cmpi/e 5, 0, 32;
    %flag_or 4, 8;
    %flag_mov 8, 4;
    %ix/getv 4, v0x55c95b3337f0_0;
    %load/vec4a v0x55c95b2d0170, 4;
    %parti/s 4, 4, 4;
    %pad/u 32;
    %cmpi/e 6, 0, 32;
    %flag_or 4, 8;
    %flag_mov 8, 4;
    %ix/getv 4, v0x55c95b3337f0_0;
    %load/vec4a v0x55c95b2d0170, 4;
    %parti/s 4, 4, 4;
    %pad/u 32;
    %cmpi/e 10, 0, 32;
    %flag_or 4, 8;
    %flag_mov 8, 4;
    %ix/getv 4, v0x55c95b3337f0_0;
    %load/vec4a v0x55c95b2d0170, 4;
    %parti/s 4, 4, 4;
    %pad/u 32;
    %cmpi/e 11, 0, 32;
    %flag_or 4, 8;
    %jmp/0xz  T_2.4, 4;
    %load/vec4 v0x55c95b333c50_0;
    %addi 1, 0, 11;
    %store/vec4 v0x55c95b333c50_0, 0, 11;
    %vpi_call 3 48 "$display", " valp  %d", v0x55c95b333c50_0 {0 0 0};
    %ix/getv 4, v0x55c95b3337f0_0;
    %load/vec4a v0x55c95b2d0170, 4;
    %parti/s 4, 4, 4;
    %pad/u 32;
    %cmpi/e 3, 0, 32;
    %jmp/0xz  T_2.6, 4;
    %pushi/vec4 15, 0, 4;
    %store/vec4 v0x55c95b3339b0_0, 0, 4;
    %load/vec4 v0x55c95b3337f0_0;
    %pad/u 33;
    %addi 1, 0, 33;
    %ix/vec4 4;
    %load/vec4a v0x55c95b2d0170, 4;
    %parti/s 4, 0, 2;
    %store/vec4 v0x55c95b333a90_0, 0, 4;
    %jmp T_2.7;
T_2.6 ;
    %ix/getv 4, v0x55c95b3337f0_0;
    %load/vec4a v0x55c95b2d0170, 4;
    %parti/s 4, 4, 4;
    %pad/u 32;
    %cmpi/e 10, 0, 32;
    %flag_mov 8, 4;
    %ix/getv 4, v0x55c95b3337f0_0;
    %load/vec4a v0x55c95b2d0170, 4;
    %parti/s 4, 4, 4;
    %pad/u 32;
    %cmpi/e 11, 0, 32;
    %flag_or 4, 8;
    %jmp/0xz  T_2.8, 4;
    %pushi/vec4 15, 0, 4;
    %store/vec4 v0x55c95b333a90_0, 0, 4;
    %load/vec4 v0x55c95b3337f0_0;
    %pad/u 33;
    %addi 1, 0, 33;
    %ix/vec4 4;
    %load/vec4a v0x55c95b2d0170, 4;
    %parti/s 4, 4, 4;
    %store/vec4 v0x55c95b3339b0_0, 0, 4;
    %jmp T_2.9;
T_2.8 ;
    %load/vec4 v0x55c95b3337f0_0;
    %pad/u 33;
    %addi 1, 0, 33;
    %ix/vec4 4;
    %load/vec4a v0x55c95b2d0170, 4;
    %parti/s 4, 4, 4;
    %store/vec4 v0x55c95b3339b0_0, 0, 4;
    %load/vec4 v0x55c95b3337f0_0;
    %pad/u 33;
    %addi 1, 0, 33;
    %ix/vec4 4;
    %load/vec4a v0x55c95b2d0170, 4;
    %parti/s 4, 0, 2;
    %store/vec4 v0x55c95b333a90_0, 0, 4;
T_2.9 ;
T_2.7 ;
T_2.4 ;
    %ix/getv 4, v0x55c95b3337f0_0;
    %load/vec4a v0x55c95b2d0170, 4;
    %parti/s 4, 4, 4;
    %pad/u 32;
    %cmpi/e 3, 0, 32;
    %flag_mov 8, 4;
    %ix/getv 4, v0x55c95b3337f0_0;
    %load/vec4a v0x55c95b2d0170, 4;
    %parti/s 4, 4, 4;
    %pad/u 32;
    %cmpi/e 4, 0, 32;
    %flag_or 4, 8;
    %flag_mov 8, 4;
    %ix/getv 4, v0x55c95b3337f0_0;
    %load/vec4a v0x55c95b2d0170, 4;
    %parti/s 4, 4, 4;
    %pad/u 32;
    %cmpi/e 5, 0, 32;
    %flag_or 4, 8;
    %flag_mov 8, 4;
    %ix/getv 4, v0x55c95b3337f0_0;
    %load/vec4a v0x55c95b2d0170, 4;
    %parti/s 4, 4, 4;
    %pad/u 32;
    %cmpi/e 7, 0, 32;
    %flag_or 4, 8;
    %flag_mov 8, 4;
    %ix/getv 4, v0x55c95b3337f0_0;
    %load/vec4a v0x55c95b2d0170, 4;
    %parti/s 4, 4, 4;
    %pad/u 32;
    %cmpi/e 8, 0, 32;
    %flag_or 4, 8;
    %jmp/0xz  T_2.10, 4;
    %ix/getv 4, v0x55c95b3337f0_0;
    %load/vec4a v0x55c95b2d0170, 4;
    %parti/s 4, 4, 4;
    %pad/u 32;
    %cmpi/e 8, 0, 32;
    %flag_mov 8, 4;
    %ix/getv 4, v0x55c95b3337f0_0;
    %load/vec4a v0x55c95b2d0170, 4;
    %parti/s 4, 4, 4;
    %pad/u 32;
    %cmpi/e 7, 0, 32;
    %flag_or 4, 8;
    %jmp/0xz  T_2.12, 4;
    %load/vec4 v0x55c95b3337f0_0;
    %pad/u 33;
    %addi 1, 0, 33;
    %ix/vec4 4;
    %load/vec4a v0x55c95b2d0170, 4;
    %ix/load 4, 0, 0;
    %flag_set/imm 4, 0;
    %store/vec4 v0x55c95b333b70_0, 4, 8;
    %load/vec4 v0x55c95b3337f0_0;
    %pad/u 33;
    %addi 2, 0, 33;
    %ix/vec4 4;
    %load/vec4a v0x55c95b2d0170, 4;
    %ix/load 4, 8, 0;
    %flag_set/imm 4, 0;
    %store/vec4 v0x55c95b333b70_0, 4, 8;
    %load/vec4 v0x55c95b3337f0_0;
    %pad/u 33;
    %addi 3, 0, 33;
    %ix/vec4 4;
    %load/vec4a v0x55c95b2d0170, 4;
    %ix/load 4, 16, 0;
    %flag_set/imm 4, 0;
    %store/vec4 v0x55c95b333b70_0, 4, 8;
    %load/vec4 v0x55c95b3337f0_0;
    %pad/u 33;
    %addi 4, 0, 33;
    %ix/vec4 4;
    %load/vec4a v0x55c95b2d0170, 4;
    %ix/load 4, 24, 0;
    %flag_set/imm 4, 0;
    %store/vec4 v0x55c95b333b70_0, 4, 8;
    %load/vec4 v0x55c95b3337f0_0;
    %pad/u 33;
    %addi 5, 0, 33;
    %ix/vec4 4;
    %load/vec4a v0x55c95b2d0170, 4;
    %ix/load 4, 32, 0;
    %flag_set/imm 4, 0;
    %store/vec4 v0x55c95b333b70_0, 4, 8;
    %load/vec4 v0x55c95b3337f0_0;
    %pad/u 33;
    %addi 6, 0, 33;
    %ix/vec4 4;
    %load/vec4a v0x55c95b2d0170, 4;
    %ix/load 4, 40, 0;
    %flag_set/imm 4, 0;
    %store/vec4 v0x55c95b333b70_0, 4, 8;
    %load/vec4 v0x55c95b3337f0_0;
    %pad/u 33;
    %addi 7, 0, 33;
    %ix/vec4 4;
    %load/vec4a v0x55c95b2d0170, 4;
    %ix/load 4, 48, 0;
    %flag_set/imm 4, 0;
    %store/vec4 v0x55c95b333b70_0, 4, 8;
    %load/vec4 v0x55c95b3337f0_0;
    %pad/u 33;
    %addi 8, 0, 33;
    %ix/vec4 4;
    %load/vec4a v0x55c95b2d0170, 4;
    %ix/load 4, 56, 0;
    %flag_set/imm 4, 0;
    %store/vec4 v0x55c95b333b70_0, 4, 8;
    %load/vec4 v0x55c95b333c50_0;
    %addi 8, 0, 11;
    %store/vec4 v0x55c95b333c50_0, 0, 11;
    %jmp T_2.13;
T_2.12 ;
    %load/vec4 v0x55c95b3337f0_0;
    %pad/u 33;
    %addi 2, 0, 33;
    %ix/vec4 4;
    %load/vec4a v0x55c95b2d0170, 4;
    %ix/load 4, 0, 0;
    %flag_set/imm 4, 0;
    %store/vec4 v0x55c95b333b70_0, 4, 8;
    %load/vec4 v0x55c95b3337f0_0;
    %pad/u 33;
    %addi 3, 0, 33;
    %ix/vec4 4;
    %load/vec4a v0x55c95b2d0170, 4;
    %ix/load 4, 8, 0;
    %flag_set/imm 4, 0;
    %store/vec4 v0x55c95b333b70_0, 4, 8;
    %load/vec4 v0x55c95b3337f0_0;
    %pad/u 33;
    %addi 4, 0, 33;
    %ix/vec4 4;
    %load/vec4a v0x55c95b2d0170, 4;
    %ix/load 4, 16, 0;
    %flag_set/imm 4, 0;
    %store/vec4 v0x55c95b333b70_0, 4, 8;
    %load/vec4 v0x55c95b3337f0_0;
    %pad/u 33;
    %addi 5, 0, 33;
    %ix/vec4 4;
    %load/vec4a v0x55c95b2d0170, 4;
    %ix/load 4, 24, 0;
    %flag_set/imm 4, 0;
    %store/vec4 v0x55c95b333b70_0, 4, 8;
    %load/vec4 v0x55c95b3337f0_0;
    %pad/u 33;
    %addi 6, 0, 33;
    %ix/vec4 4;
    %load/vec4a v0x55c95b2d0170, 4;
    %ix/load 4, 32, 0;
    %flag_set/imm 4, 0;
    %store/vec4 v0x55c95b333b70_0, 4, 8;
    %load/vec4 v0x55c95b3337f0_0;
    %pad/u 33;
    %addi 7, 0, 33;
    %ix/vec4 4;
    %load/vec4a v0x55c95b2d0170, 4;
    %ix/load 4, 40, 0;
    %flag_set/imm 4, 0;
    %store/vec4 v0x55c95b333b70_0, 4, 8;
    %load/vec4 v0x55c95b3337f0_0;
    %pad/u 33;
    %addi 8, 0, 33;
    %ix/vec4 4;
    %load/vec4a v0x55c95b2d0170, 4;
    %ix/load 4, 48, 0;
    %flag_set/imm 4, 0;
    %store/vec4 v0x55c95b333b70_0, 4, 8;
    %load/vec4 v0x55c95b3337f0_0;
    %pad/u 33;
    %addi 9, 0, 33;
    %ix/vec4 4;
    %load/vec4a v0x55c95b2d0170, 4;
    %ix/load 4, 56, 0;
    %flag_set/imm 4, 0;
    %store/vec4 v0x55c95b333b70_0, 4, 8;
    %load/vec4 v0x55c95b333c50_0;
    %addi 8, 0, 11;
    %store/vec4 v0x55c95b333c50_0, 0, 11;
T_2.13 ;
T_2.10 ;
T_2.3 ;
T_2.1 ;
    %vpi_call 3 95 "$monitor", "\012 ----- INSTRUCTION starts ----- \012 " {0 0 0};
    %jmp T_2;
    .thread T_2, $push;
    .scope S_0x55c95b316ca0;
T_3 ;
    %vpi_call 2 18 "$monitor", "%h %h %h %h %h %h %h %h %h ", v0x55c95b3341a0_0, v0x55c95b333e50_0, v0x55c95b333f30_0, v0x55c95b334240_0, v0x55c95b334310_0, v0x55c95b3343e0_0, v0x55c95b3344b0_0, v0x55c95b3340d0_0, v0x55c95b333fd0_0 {0 0 0};
    %delay 15000, 0;
    %end;
    .thread T_3;
# The file index is used to find the file name in the following table.
:file_names 4;
    "N/A";
    "<interactive>";
    "fetch_tb.v";
    "./fetch.v";
