#! /usr/bin/vvp
:ivl_version "10.3 (stable)";
:ivl_delay_selection "TYPICAL";
:vpi_time_precision - 12;
:vpi_module "system";
:vpi_module "vhdl_sys";
:vpi_module "v2005_math";
:vpi_module "va_math";
S_0x555a6d659150 .scope module, "fetch_tb" "fetch_tb" 2 4;
 .timescale -9 -12;
P_0x555a6d6592d0 .param/l "stop_time" 0 2 14, +C4<00000000000000000000011111010000>;
v0x555a6d67c330_0 .net "D", 144 0, v0x555a6d67b3a0_0;  1 drivers
v0x555a6d67c440_0 .var "M_cnd", 0 0;
v0x555a6d67c4e0_0 .var "M_icode", 3 0;
v0x555a6d67c5d0_0 .var "M_valA", 63 0;
v0x555a6d67c6c0_0 .var "W_icode", 3 0;
v0x555a6d67c820_0 .var "W_valM", 63 0;
v0x555a6d67c930_0 .var "clk", 0 0;
S_0x555a6d655ea0 .scope module, "call1" "fetch" 2 17, 3 3 0, S_0x555a6d659150;
 .timescale -9 -12;
    .port_info 0 /INPUT 1 "clk"
    .port_info 1 /INPUT 4 "M_icode"
    .port_info 2 /INPUT 1 "M_cnd"
    .port_info 3 /INPUT 64 "M_valA"
    .port_info 4 /INPUT 4 "W_icode"
    .port_info 5 /INPUT 64 "W_valM"
    .port_info 6 /OUTPUT 145 "D"
v0x555a6d67b3a0_0 .var "D", 144 0;
v0x555a6d67b4a0_0 .net "M_cnd", 0 0, v0x555a6d67c440_0;  1 drivers
v0x555a6d67b560_0 .net "M_icode", 3 0, v0x555a6d67c4e0_0;  1 drivers
v0x555a6d67b660_0 .net "M_valA", 63 0, v0x555a6d67c5d0_0;  1 drivers
v0x555a6d67b730_0 .net "W_icode", 3 0, v0x555a6d67c6c0_0;  1 drivers
v0x555a6d67b820_0 .net "W_valM", 63 0, v0x555a6d67c820_0;  1 drivers
v0x555a6d67b8f0_0 .net "clk", 0 0, v0x555a6d67c930_0;  1 drivers
v0x555a6d67b990_0 .net "f_pc", 63 0, v0x555a6d67b100_0;  1 drivers
v0x555a6d67ba60 .array "i_mem", 2 0, 7 0;
v0x555a6d67bb00_0 .var "icode", 3 0;
v0x555a6d67bbc0_0 .var "ifun", 3 0;
v0x555a6d67bca0_0 .var "imem_error", 0 0;
v0x555a6d67bd60_0 .var "instr_valid", 0 0;
v0x555a6d67be20_0 .var "predPC", 63 0;
v0x555a6d67bf10_0 .var "rA", 3 0;
v0x555a6d67bfd0_0 .var "rB", 3 0;
v0x555a6d67c0b0_0 .var "stat", 0 0;
v0x555a6d67c170_0 .var "valC", 63 0;
E_0x555a6d644180 .event posedge, v0x555a6d67b8f0_0;
S_0x555a6d656070 .scope module, "pcselect" "selectPC" 3 28, 3 113 0, S_0x555a6d655ea0;
 .timescale -9 -12;
    .port_info 0 /INPUT 4 "M_icode"
    .port_info 1 /INPUT 1 "M_cnd"
    .port_info 2 /INPUT 64 "M_valA"
    .port_info 3 /INPUT 4 "W_icode"
    .port_info 4 /INPUT 64 "W_valM"
    .port_info 5 /INPUT 64 "predPC"
    .port_info 6 /OUTPUT 64 "f_pc"
v0x555a6d659420_0 .net "M_cnd", 0 0, v0x555a6d67c440_0;  alias, 1 drivers
v0x555a6d67ad20_0 .net "M_icode", 3 0, v0x555a6d67c4e0_0;  alias, 1 drivers
v0x555a6d67ae00_0 .net "M_valA", 63 0, v0x555a6d67c5d0_0;  alias, 1 drivers
v0x555a6d67aef0_0 .net "W_icode", 3 0, v0x555a6d67c6c0_0;  alias, 1 drivers
v0x555a6d67afd0_0 .net "W_valM", 63 0, v0x555a6d67c820_0;  alias, 1 drivers
v0x555a6d67b100_0 .var "f_pc", 63 0;
v0x555a6d67b1e0_0 .net "predPC", 63 0, v0x555a6d67be20_0;  1 drivers
E_0x555a6d643540/0 .event edge, v0x555a6d67ad20_0, v0x555a6d659420_0, v0x555a6d67ae00_0, v0x555a6d67aef0_0;
E_0x555a6d643540/1 .event edge, v0x555a6d67afd0_0, v0x555a6d67b1e0_0;
E_0x555a6d643540 .event/or E_0x555a6d643540/0, E_0x555a6d643540/1;
    .scope S_0x555a6d656070;
T_0 ;
    %pushi/vec4 0, 0, 64;
    %store/vec4 v0x555a6d67b100_0, 0, 64;
    %end;
    .thread T_0;
    .scope S_0x555a6d656070;
T_1 ;
    %wait E_0x555a6d643540;
    %load/vec4 v0x555a6d67ad20_0;
    %pad/u 32;
    %pushi/vec4 7, 0, 32;
    %cmp/e;
    %flag_get/vec4 4;
    %load/vec4 v0x555a6d659420_0;
    %nor/r;
    %and;
    %flag_set/vec4 8;
    %jmp/0xz  T_1.0, 8;
    %load/vec4 v0x555a6d67ae00_0;
    %store/vec4 v0x555a6d67b100_0, 0, 64;
    %jmp T_1.1;
T_1.0 ;
    %load/vec4 v0x555a6d67aef0_0;
    %pad/u 32;
    %cmpi/e 9, 0, 32;
    %jmp/0xz  T_1.2, 4;
    %load/vec4 v0x555a6d67afd0_0;
    %store/vec4 v0x555a6d67b100_0, 0, 64;
    %jmp T_1.3;
T_1.2 ;
    %load/vec4 v0x555a6d67b1e0_0;
    %store/vec4 v0x555a6d67b100_0, 0, 64;
T_1.3 ;
T_1.1 ;
    %jmp T_1;
    .thread T_1, $push;
    .scope S_0x555a6d655ea0;
T_2 ;
    %pushi/vec4 1, 0, 1;
    %store/vec4 v0x555a6d67bd60_0, 0, 1;
    %pushi/vec4 0, 0, 1;
    %store/vec4 v0x555a6d67bca0_0, 0, 1;
    %pushi/vec4 0, 0, 64;
    %store/vec4 v0x555a6d67be20_0, 0, 64;
    %end;
    .thread T_2;
    .scope S_0x555a6d655ea0;
T_3 ;
    %vpi_call 3 10 "$readmemh", "instr_mem.txt", v0x555a6d67ba60 {0 0 0};
    %end;
    .thread T_3;
    .scope S_0x555a6d655ea0;
T_4 ;
    %wait E_0x555a6d644180;
    %pushi/vec4 15, 0, 4;
    %store/vec4 v0x555a6d67bf10_0, 0, 4;
    %pushi/vec4 15, 0, 4;
    %store/vec4 v0x555a6d67bfd0_0, 0, 4;
    %load/vec4 v0x555a6d67b990_0;
    %store/vec4 v0x555a6d67be20_0, 0, 64;
    %pushi/vec4 200, 0, 64;
    %load/vec4 v0x555a6d67b990_0;
    %cmp/u;
    %jmp/0xz  T_4.0, 5;
    %pushi/vec4 1, 0, 1;
    %store/vec4 v0x555a6d67bca0_0, 0, 1;
    %jmp T_4.1;
T_4.0 ;
    %pushi/vec4 11, 0, 32;
    %ix/getv 4, v0x555a6d67b990_0;
    %load/vec4a v0x555a6d67ba60, 4;
    %parti/s 4, 4, 4;
    %pad/u 32;
    %cmp/u;
    %jmp/0xz  T_4.2, 5;
    %pushi/vec4 0, 0, 1;
    %store/vec4 v0x555a6d67bd60_0, 0, 1;
T_4.2 ;
    %ix/getv 4, v0x555a6d67b990_0;
    %load/vec4a v0x555a6d67ba60, 4;
    %parti/s 4, 0, 2;
    %store/vec4 v0x555a6d67bbc0_0, 0, 4;
    %ix/getv 4, v0x555a6d67b990_0;
    %load/vec4a v0x555a6d67ba60, 4;
    %parti/s 4, 4, 4;
    %store/vec4 v0x555a6d67bb00_0, 0, 4;
    %load/vec4 v0x555a6d67be20_0;
    %addi 1, 0, 64;
    %store/vec4 v0x555a6d67be20_0, 0, 64;
    %ix/getv 4, v0x555a6d67b990_0;
    %load/vec4a v0x555a6d67ba60, 4;
    %parti/s 4, 4, 4;
    %pad/u 32;
    %cmpi/e 2, 0, 32;
    %flag_mov 8, 4;
    %ix/getv 4, v0x555a6d67b990_0;
    %load/vec4a v0x555a6d67ba60, 4;
    %parti/s 4, 4, 4;
    %pad/u 32;
    %cmpi/e 3, 0, 32;
    %flag_or 4, 8;
    %flag_mov 8, 4;
    %ix/getv 4, v0x555a6d67b990_0;
    %load/vec4a v0x555a6d67ba60, 4;
    %parti/s 4, 4, 4;
    %pad/u 32;
    %cmpi/e 4, 0, 32;
    %flag_or 4, 8;
    %flag_mov 8, 4;
    %ix/getv 4, v0x555a6d67b990_0;
    %load/vec4a v0x555a6d67ba60, 4;
    %parti/s 4, 4, 4;
    %pad/u 32;
    %cmpi/e 5, 0, 32;
    %flag_or 4, 8;
    %flag_mov 8, 4;
    %ix/getv 4, v0x555a6d67b990_0;
    %load/vec4a v0x555a6d67ba60, 4;
    %parti/s 4, 4, 4;
    %pad/u 32;
    %cmpi/e 6, 0, 32;
    %flag_or 4, 8;
    %flag_mov 8, 4;
    %ix/getv 4, v0x555a6d67b990_0;
    %load/vec4a v0x555a6d67ba60, 4;
    %parti/s 4, 4, 4;
    %pad/u 32;
    %cmpi/e 10, 0, 32;
    %flag_or 4, 8;
    %flag_mov 8, 4;
    %ix/getv 4, v0x555a6d67b990_0;
    %load/vec4a v0x555a6d67ba60, 4;
    %pad/u 32;
    %cmpi/e 11, 0, 32;
    %flag_or 4, 8;
    %jmp/0xz  T_4.4, 4;
    %load/vec4 v0x555a6d67be20_0;
    %addi 1, 0, 64;
    %store/vec4 v0x555a6d67be20_0, 0, 64;
    %ix/getv 4, v0x555a6d67b990_0;
    %load/vec4a v0x555a6d67ba60, 4;
    %parti/s 4, 4, 4;
    %pad/u 32;
    %cmpi/e 3, 0, 32;
    %jmp/0xz  T_4.6, 4;
    %pushi/vec4 15, 0, 4;
    %store/vec4 v0x555a6d67bf10_0, 0, 4;
    %load/vec4 v0x555a6d67b990_0;
    %pad/u 65;
    %addi 1, 0, 65;
    %ix/vec4 4;
    %load/vec4a v0x555a6d67ba60, 4;
    %parti/s 4, 0, 2;
    %store/vec4 v0x555a6d67bfd0_0, 0, 4;
    %jmp T_4.7;
T_4.6 ;
    %ix/getv 4, v0x555a6d67b990_0;
    %load/vec4a v0x555a6d67ba60, 4;
    %parti/s 4, 4, 4;
    %pad/u 32;
    %cmpi/e 10, 0, 32;
    %flag_mov 8, 4;
    %ix/getv 4, v0x555a6d67b990_0;
    %load/vec4a v0x555a6d67ba60, 4;
    %parti/s 4, 4, 4;
    %pad/u 32;
    %cmpi/e 11, 0, 32;
    %flag_or 4, 8;
    %jmp/0xz  T_4.8, 4;
    %pushi/vec4 15, 0, 4;
    %store/vec4 v0x555a6d67bfd0_0, 0, 4;
    %load/vec4 v0x555a6d67b990_0;
    %pad/u 65;
    %addi 1, 0, 65;
    %ix/vec4 4;
    %load/vec4a v0x555a6d67ba60, 4;
    %parti/s 4, 4, 4;
    %store/vec4 v0x555a6d67bf10_0, 0, 4;
    %jmp T_4.9;
T_4.8 ;
    %load/vec4 v0x555a6d67b990_0;
    %pad/u 65;
    %addi 1, 0, 65;
    %ix/vec4 4;
    %load/vec4a v0x555a6d67ba60, 4;
    %parti/s 4, 4, 4;
    %store/vec4 v0x555a6d67bf10_0, 0, 4;
    %load/vec4 v0x555a6d67b990_0;
    %pad/u 65;
    %addi 1, 0, 65;
    %ix/vec4 4;
    %load/vec4a v0x555a6d67ba60, 4;
    %parti/s 4, 0, 2;
    %store/vec4 v0x555a6d67bfd0_0, 0, 4;
T_4.9 ;
T_4.7 ;
T_4.4 ;
    %ix/getv 4, v0x555a6d67b990_0;
    %load/vec4a v0x555a6d67ba60, 4;
    %parti/s 4, 4, 4;
    %pad/u 32;
    %cmpi/e 3, 0, 32;
    %flag_mov 8, 4;
    %ix/getv 4, v0x555a6d67b990_0;
    %load/vec4a v0x555a6d67ba60, 4;
    %parti/s 4, 4, 4;
    %pad/u 32;
    %cmpi/e 4, 0, 32;
    %flag_or 4, 8;
    %flag_mov 8, 4;
    %ix/getv 4, v0x555a6d67b990_0;
    %load/vec4a v0x555a6d67ba60, 4;
    %parti/s 4, 4, 4;
    %pad/u 32;
    %cmpi/e 5, 0, 32;
    %flag_or 4, 8;
    %flag_mov 8, 4;
    %ix/getv 4, v0x555a6d67b990_0;
    %load/vec4a v0x555a6d67ba60, 4;
    %parti/s 4, 4, 4;
    %pad/u 32;
    %cmpi/e 7, 0, 32;
    %flag_or 4, 8;
    %flag_mov 8, 4;
    %ix/getv 4, v0x555a6d67b990_0;
    %load/vec4a v0x555a6d67ba60, 4;
    %parti/s 4, 4, 4;
    %pad/u 32;
    %cmpi/e 8, 0, 32;
    %flag_or 4, 8;
    %jmp/0xz  T_4.10, 4;
    %ix/getv 4, v0x555a6d67b990_0;
    %load/vec4a v0x555a6d67ba60, 4;
    %parti/s 4, 4, 4;
    %pad/u 32;
    %cmpi/e 8, 0, 32;
    %flag_mov 8, 4;
    %ix/getv 4, v0x555a6d67b990_0;
    %load/vec4a v0x555a6d67ba60, 4;
    %parti/s 4, 4, 4;
    %pad/u 32;
    %cmpi/e 7, 0, 32;
    %flag_or 4, 8;
    %jmp/0xz  T_4.12, 4;
    %load/vec4 v0x555a6d67b990_0;
    %pad/u 65;
    %addi 1, 0, 65;
    %ix/vec4 4;
    %load/vec4a v0x555a6d67ba60, 4;
    %ix/load 4, 0, 0;
    %flag_set/imm 4, 0;
    %store/vec4 v0x555a6d67c170_0, 4, 8;
    %load/vec4 v0x555a6d67b990_0;
    %pad/u 65;
    %addi 2, 0, 65;
    %ix/vec4 4;
    %load/vec4a v0x555a6d67ba60, 4;
    %ix/load 4, 8, 0;
    %flag_set/imm 4, 0;
    %store/vec4 v0x555a6d67c170_0, 4, 8;
    %load/vec4 v0x555a6d67b990_0;
    %pad/u 65;
    %addi 3, 0, 65;
    %ix/vec4 4;
    %load/vec4a v0x555a6d67ba60, 4;
    %ix/load 4, 16, 0;
    %flag_set/imm 4, 0;
    %store/vec4 v0x555a6d67c170_0, 4, 8;
    %load/vec4 v0x555a6d67b990_0;
    %pad/u 65;
    %addi 4, 0, 65;
    %ix/vec4 4;
    %load/vec4a v0x555a6d67ba60, 4;
    %ix/load 4, 24, 0;
    %flag_set/imm 4, 0;
    %store/vec4 v0x555a6d67c170_0, 4, 8;
    %load/vec4 v0x555a6d67b990_0;
    %pad/u 65;
    %addi 5, 0, 65;
    %ix/vec4 4;
    %load/vec4a v0x555a6d67ba60, 4;
    %ix/load 4, 32, 0;
    %flag_set/imm 4, 0;
    %store/vec4 v0x555a6d67c170_0, 4, 8;
    %load/vec4 v0x555a6d67b990_0;
    %pad/u 65;
    %addi 6, 0, 65;
    %ix/vec4 4;
    %load/vec4a v0x555a6d67ba60, 4;
    %ix/load 4, 40, 0;
    %flag_set/imm 4, 0;
    %store/vec4 v0x555a6d67c170_0, 4, 8;
    %load/vec4 v0x555a6d67b990_0;
    %pad/u 65;
    %addi 7, 0, 65;
    %ix/vec4 4;
    %load/vec4a v0x555a6d67ba60, 4;
    %ix/load 4, 48, 0;
    %flag_set/imm 4, 0;
    %store/vec4 v0x555a6d67c170_0, 4, 8;
    %load/vec4 v0x555a6d67b990_0;
    %pad/u 65;
    %addi 8, 0, 65;
    %ix/vec4 4;
    %load/vec4a v0x555a6d67ba60, 4;
    %ix/load 4, 56, 0;
    %flag_set/imm 4, 0;
    %store/vec4 v0x555a6d67c170_0, 4, 8;
    %load/vec4 v0x555a6d67be20_0;
    %addi 8, 0, 64;
    %store/vec4 v0x555a6d67be20_0, 0, 64;
    %jmp T_4.13;
T_4.12 ;
    %load/vec4 v0x555a6d67b990_0;
    %pad/u 65;
    %addi 2, 0, 65;
    %ix/vec4 4;
    %load/vec4a v0x555a6d67ba60, 4;
    %ix/load 4, 0, 0;
    %flag_set/imm 4, 0;
    %store/vec4 v0x555a6d67c170_0, 4, 8;
    %load/vec4 v0x555a6d67b990_0;
    %pad/u 65;
    %addi 3, 0, 65;
    %ix/vec4 4;
    %load/vec4a v0x555a6d67ba60, 4;
    %ix/load 4, 8, 0;
    %flag_set/imm 4, 0;
    %store/vec4 v0x555a6d67c170_0, 4, 8;
    %load/vec4 v0x555a6d67b990_0;
    %pad/u 65;
    %addi 4, 0, 65;
    %ix/vec4 4;
    %load/vec4a v0x555a6d67ba60, 4;
    %ix/load 4, 16, 0;
    %flag_set/imm 4, 0;
    %store/vec4 v0x555a6d67c170_0, 4, 8;
    %load/vec4 v0x555a6d67b990_0;
    %pad/u 65;
    %addi 5, 0, 65;
    %ix/vec4 4;
    %load/vec4a v0x555a6d67ba60, 4;
    %ix/load 4, 24, 0;
    %flag_set/imm 4, 0;
    %store/vec4 v0x555a6d67c170_0, 4, 8;
    %load/vec4 v0x555a6d67b990_0;
    %pad/u 65;
    %addi 6, 0, 65;
    %ix/vec4 4;
    %load/vec4a v0x555a6d67ba60, 4;
    %ix/load 4, 32, 0;
    %flag_set/imm 4, 0;
    %store/vec4 v0x555a6d67c170_0, 4, 8;
    %load/vec4 v0x555a6d67b990_0;
    %pad/u 65;
    %addi 7, 0, 65;
    %ix/vec4 4;
    %load/vec4a v0x555a6d67ba60, 4;
    %ix/load 4, 40, 0;
    %flag_set/imm 4, 0;
    %store/vec4 v0x555a6d67c170_0, 4, 8;
    %load/vec4 v0x555a6d67b990_0;
    %pad/u 65;
    %addi 8, 0, 65;
    %ix/vec4 4;
    %load/vec4a v0x555a6d67ba60, 4;
    %ix/load 4, 48, 0;
    %flag_set/imm 4, 0;
    %store/vec4 v0x555a6d67c170_0, 4, 8;
    %load/vec4 v0x555a6d67b990_0;
    %pad/u 65;
    %addi 9, 0, 65;
    %ix/vec4 4;
    %load/vec4a v0x555a6d67ba60, 4;
    %ix/load 4, 56, 0;
    %flag_set/imm 4, 0;
    %store/vec4 v0x555a6d67c170_0, 4, 8;
    %load/vec4 v0x555a6d67be20_0;
    %addi 8, 0, 64;
    %store/vec4 v0x555a6d67be20_0, 0, 64;
T_4.13 ;
T_4.10 ;
T_4.1 ;
    %load/vec4 v0x555a6d67bca0_0;
    %pad/u 32;
    %pushi/vec4 0, 0, 32;
    %cmp/e;
    %flag_get/vec4 4;
    %load/vec4 v0x555a6d67bd60_0;
    %pad/u 32;
    %pushi/vec4 1, 0, 32;
    %cmp/e;
    %flag_get/vec4 4;
    %and;
    %flag_set/vec4 8;
    %jmp/0xz  T_4.14, 8;
    %pushi/vec4 1, 0, 1;
    %store/vec4 v0x555a6d67c0b0_0, 0, 1;
    %jmp T_4.15;
T_4.14 ;
    %pushi/vec4 0, 0, 1;
    %store/vec4 v0x555a6d67c0b0_0, 0, 1;
T_4.15 ;
    %load/vec4 v0x555a6d67c0b0_0;
    %ix/load 4, 144, 0;
    %flag_set/imm 4, 0;
    %store/vec4 v0x555a6d67b3a0_0, 4, 1;
    %load/vec4 v0x555a6d67bb00_0;
    %ix/load 4, 140, 0;
    %flag_set/imm 4, 0;
    %store/vec4 v0x555a6d67b3a0_0, 4, 4;
    %load/vec4 v0x555a6d67bbc0_0;
    %ix/load 4, 136, 0;
    %flag_set/imm 4, 0;
    %store/vec4 v0x555a6d67b3a0_0, 4, 4;
    %load/vec4 v0x555a6d67bf10_0;
    %ix/load 4, 132, 0;
    %flag_set/imm 4, 0;
    %store/vec4 v0x555a6d67b3a0_0, 4, 4;
    %load/vec4 v0x555a6d67bfd0_0;
    %ix/load 4, 128, 0;
    %flag_set/imm 4, 0;
    %store/vec4 v0x555a6d67b3a0_0, 4, 4;
    %load/vec4 v0x555a6d67c170_0;
    %ix/load 4, 64, 0;
    %flag_set/imm 4, 0;
    %store/vec4 v0x555a6d67b3a0_0, 4, 64;
    %load/vec4 v0x555a6d67be20_0;
    %ix/load 4, 0, 0;
    %flag_set/imm 4, 0;
    %store/vec4 v0x555a6d67b3a0_0, 4, 64;
    %load/vec4 v0x555a6d67bb00_0;
    %pad/u 32;
    %cmpi/e 7, 0, 32;
    %flag_mov 8, 4;
    %load/vec4 v0x555a6d67bb00_0;
    %pad/u 32;
    %cmpi/e 8, 0, 32;
    %flag_or 4, 8;
    %jmp/0xz  T_4.16, 4;
    %load/vec4 v0x555a6d67c170_0;
    %store/vec4 v0x555a6d67be20_0, 0, 64;
T_4.16 ;
    %jmp T_4;
    .thread T_4;
    .scope S_0x555a6d659150;
T_5 ;
    %delay 2000000, 0;
    %vpi_call 2 15 "$finish" {0 0 0};
    %end;
    .thread T_5;
    .scope S_0x555a6d659150;
T_6 ;
    %vpi_call 2 21 "$dumpfile", "fetch.vcd" {0 0 0};
    %vpi_call 2 22 "$dumpvars", 32'sb00000000000000000000000000000000, S_0x555a6d659150 {0 0 0};
    %pushi/vec4 0, 0, 1;
    %store/vec4 v0x555a6d67c930_0, 0, 1;
    %pushi/vec4 0, 0, 4;
    %store/vec4 v0x555a6d67c4e0_0, 0, 4;
    %pushi/vec4 0, 0, 64;
    %store/vec4 v0x555a6d67c5d0_0, 0, 64;
    %pushi/vec4 0, 0, 1;
    %store/vec4 v0x555a6d67c440_0, 0, 1;
    %pushi/vec4 0, 0, 4;
    %store/vec4 v0x555a6d67c6c0_0, 0, 4;
    %pushi/vec4 0, 0, 64;
    %store/vec4 v0x555a6d67c820_0, 0, 64;
    %end;
    .thread T_6;
    .scope S_0x555a6d659150;
T_7 ;
    %load/vec4 v0x555a6d67c330_0;
    %parti/s 4, 140, 9;
    %pad/u 32;
    %cmpi/e 0, 0, 32;
    %jmp/0xz  T_7.0, 4;
    %vpi_call 2 33 "$display", "hello" {0 0 0};
    %vpi_call 2 37 "$finish" {0 0 0};
    %jmp T_7.1;
T_7.0 ;
    %delay 5000, 0;
    %load/vec4 v0x555a6d67c930_0;
    %inv;
    %store/vec4 v0x555a6d67c930_0, 0, 1;
T_7.1 ;
    %jmp T_7;
    .thread T_7;
# The file index is used to find the file name in the following table.
:file_names 4;
    "N/A";
    "<interactive>";
    "fetch_tb.v";
    "./fetch.v";
